<?xml version="1.0" encoding="UTF-8"?><Transaction xmlns:xsd="http://www.w3.org/2001/XMLSchema" xmlns:xsi="http://www.w3.org/2001/XMLSchema-instance" Version="15.1.3.28"><TransactionAttributes><ContextItem><Name>Description</Name><Description>Transaction Description</Description><MinRange>0</MinRange><MaxRange>0</MaxRange><Value xsi:type="string"/><ReadOnly>true</ReadOnly><AlertXMLAssigned>false</AlertXMLAssigned></ContextItem><ContextItem><Name>Comments</Name><Description>User Comments</Description><MinRange>0</MinRange><MaxRange>0</MaxRange><Value xsi:type="string"/><ReadOnly>true</ReadOnly><AlertXMLAssigned>false</AlertXMLAssigned></ContextItem><ContextItem><Name>CreatedBy</Name><Description>Created By</Description><MinRange>0</MinRange><MaxRange>0</MaxRange><Value xsi:type="string">rayp4</Value><ReadOnly>true</ReadOnly><AlertXMLAssigned>false</AlertXMLAssigned></ContextItem><ContextItem><Name>CreationDate</Name><Description>Creation Date</Description><MinRange>0</MinRange><MaxRange>0</MaxRange><Value xsi:type="dateTime">2019-04-18T13:56:56</Value><ReadOnly>true</ReadOnly><AlertXMLAssigned>false</AlertXMLAssigned></ContextItem><ContextItem><Name>Category</Name><Description>Transaction Category</Description><MinRange>0</MinRange><MaxRange>0</MaxRange><Value xsi:type="string"/><ReadOnly>true</ReadOnly><AlertXMLAssigned>false</AlertXMLAssigned></ContextItem><ContextItem><Name>Status</Name><Description>Deployment Status</Description><MinRange>0</MinRange><MaxRange>0</MaxRange><Value xsi:type="string">DEVELOPMENT</Value><ReadOnly>true</ReadOnly><AlertXMLAssigned>false</AlertXMLAssigned></ContextItem><ContextItem><Name>LegacyProcessingMode</Name><Description>Support the pre MII 12.1 Transaction Engine.</Description><MinRange>0</MinRange><MaxRange>0</MaxRange><Value xsi:type="boolean">0</Value><ReadOnly>true</ReadOnly><AlertXMLAssigned>false</AlertXMLAssigned></ContextItem><ContextItem><Name>AutoAppendBlankNamespaces</Name><Description>AutoAppendBlankNamespaces</Description><MinRange>0</MinRange><MaxRange>0</MaxRange><Value xsi:type="boolean">1</Value><ReadOnly>true</ReadOnly><AlertXMLAssigned>false</AlertXMLAssigned></ContextItem><ContextItem><Name>ThrowOnLinkError</Name><Description>Throws an exception when a link error occures</Description><MinRange>0</MinRange><MaxRange>0</MaxRange><Value xsi:type="boolean">0</Value><ReadOnly>true</ReadOnly><AlertXMLAssigned>false</AlertXMLAssigned></ContextItem><ContextItem><Name>ThrowOnActionError</Name><Description>Throws an exception when an action error occurs</Description><MinRange>0</MinRange><MaxRange>0</MaxRange><Value xsi:type="boolean">1</Value><ReadOnly>true</ReadOnly><AlertXMLAssigned>false</AlertXMLAssigned></ContextItem><ContextItem><Name>FormatXMLOnConversion</Name><Description>By default XML will be formatted when assigned from XML data type to String data type. This behaviour can be changed with this flag.</Description><MinRange>0</MinRange><MaxRange>0</MaxRange><Value xsi:type="boolean">1</Value><ReadOnly>true</ReadOnly><AlertXMLAssigned>false</AlertXMLAssigned></ContextItem><ContextItem><Name>LastEditedBy</Name><Description>Last Edited By</Description><MinRange>0</MinRange><MaxRange>0</MaxRange><Value xsi:type="xsd:string">rayp4</Value><ReadOnly>true</ReadOnly><AlertXMLAssigned>false</AlertXMLAssigned></ContextItem><ContextItem><Name>LastEditedDate</Name><Description>Last Edited Date</Description><MinRange>0</MinRange><MaxRange>0</MaxRange><Value xsi:type="xsd:dateTime">2019-04-18T14:06:57</Value><ReadOnly>true</ReadOnly><AlertXMLAssigned>false</AlertXMLAssigned></ContextItem></TransactionAttributes><Name>Default/Dashboard/Transactions/getContentPathTrx</Name><Version>11</Version><WriterRoles>SAP_XMII_Super_Administrator,SAP_XMII_Administrator,SAP_XMII_Developer</WriterRoles><Context><ContextItem><Name>contentPath</Name><Description/><MinRange>0</MinRange><MaxRange>0</MaxRange><Value xsi:type="string"/><ReadOnly>false</ReadOnly><AlertXMLAssigned>false</AlertXMLAssigned></ContextItem></Context><Local/><Layout><GUILayoutItem><Name>Sequence</Name><X>8</X><Y>8</Y><Width>120</Width><SpacingWidth>120</SpacingWidth><DescendantWidth>120</DescendantWidth><Height>96</Height></GUILayoutItem><GUILayoutItem><Name>String_List_To_XML_Parser_0</Name><X>16</X><Y>24</Y><Width>104</Width><SpacingWidth>0</SpacingWidth><DescendantWidth>0</DescendantWidth><Height>72</Height></GUILayoutItem><GUILayoutItem><Name>Sequence_0</Name><X>8</X><Y>144</Y><Width>120</Width><SpacingWidth>120</SpacingWidth><DescendantWidth>0</DescendantWidth><Height>96</Height></GUILayoutItem><GUILayoutItem><Name>Assignment_0</Name><X>16</X><Y>160</Y><Width>104</Width><SpacingWidth>0</SpacingWidth><DescendantWidth>0</DescendantWidth><Height>72</Height></GUILayoutItem></Layout><Actions><ContextItem><Name>String_List_To_XML_Parser_0</Name><Description/><MinRange>0</MinRange><MaxRange>0</MaxRange><Value xsi:type="StringListToXmlConverter"><Input/><TrimWhitespace>false</TrimWhitespace><Delimiter>,</Delimiter><StripQuotes>true</StripQuotes></Value><ReadOnly>false</ReadOnly><AlertXMLAssigned>false</AlertXMLAssigned></ContextItem><ContextItem><Name>Assignment_0</Name><Description/><MinRange>0</MinRange><MaxRange>0</MaxRange><Value xsi:type="Assignment"/><ReadOnly>false</ReadOnly><AlertXMLAssigned>false</AlertXMLAssigned></ContextItem></Actions><ReaderRoles>SAP_XMII_Super_Administrator,SAP_XMII_Administrator,SAP_XMII_Developer,SAP_XMII_User</ReaderRoles><Steps><Step xsi:type="ActionSequence"><Name>Sequence</Name><Description/><Steps><Step xsi:type="ActionSequence"><Name>Sequence_0</Name><Description/><Steps/><Actions><Action><Name>Assignment_0</Name><Description> </Description><IncomingLinks/><OutgoingLinks><Assign xsi:type="Assign"><Name/><Description/><To>Transaction.contentPath</To><From>String_List_To_XML_Parser_0.Output{/Rowsets/Rowset/Row[1]/Item}&amp;"/Dashboard"</From></Assign></OutgoingLinks></Action></Actions></Step></Steps><Actions><Action><Name>String_List_To_XML_Parser_0</Name><Description> </Description><IncomingLinks><Assign xsi:type="Assign"><Name/><Description/><To>String_List_To_XML_Parser_0.Input</To><From>transactionpath</From></Assign><Assign xsi:type="Assign"><Name/><Description/><To>String_List_To_XML_Parser_0.Delimiter</To><From>"/"</From></Assign></IncomingLinks><OutgoingLinks/></Action></Actions></Step></Steps></Transaction>