<?xml version="1.0" encoding="UTF-8"?><Transaction xmlns:xsd="http://www.w3.org/2001/XMLSchema" xmlns:xsi="http://www.w3.org/2001/XMLSchema-instance" Version="15.1.3.28"><TransactionAttributes><ContextItem><Name>Description</Name><Description>Transaction Description</Description><MinRange>0</MinRange><MaxRange>0</MaxRange><Value xsi:type="string"/><ReadOnly>true</ReadOnly><AlertXMLAssigned>false</AlertXMLAssigned></ContextItem><ContextItem><Name>Comments</Name><Description>User Comments</Description><MinRange>0</MinRange><MaxRange>0</MaxRange><Value xsi:type="string"/><ReadOnly>true</ReadOnly><AlertXMLAssigned>false</AlertXMLAssigned></ContextItem><ContextItem><Name>CreatedBy</Name><Description>Created By</Description><MinRange>0</MinRange><MaxRange>0</MaxRange><Value xsi:type="string">rayp4</Value><ReadOnly>true</ReadOnly><AlertXMLAssigned>false</AlertXMLAssigned></ContextItem><ContextItem><Name>CreationDate</Name><Description>Creation Date</Description><MinRange>0</MinRange><MaxRange>0</MaxRange><Value xsi:type="dateTime">2019-04-14T17:14:51</Value><ReadOnly>true</ReadOnly><AlertXMLAssigned>false</AlertXMLAssigned></ContextItem><ContextItem><Name>Category</Name><Description>Transaction Category</Description><MinRange>0</MinRange><MaxRange>0</MaxRange><Value xsi:type="string"/><ReadOnly>true</ReadOnly><AlertXMLAssigned>false</AlertXMLAssigned></ContextItem><ContextItem><Name>Status</Name><Description>Deployment Status</Description><MinRange>0</MinRange><MaxRange>0</MaxRange><Value xsi:type="string">DEVELOPMENT</Value><ReadOnly>true</ReadOnly><AlertXMLAssigned>false</AlertXMLAssigned></ContextItem><ContextItem><Name>LegacyProcessingMode</Name><Description>Support the pre MII 12.1 Transaction Engine.</Description><MinRange>0</MinRange><MaxRange>0</MaxRange><Value xsi:type="boolean">0</Value><ReadOnly>true</ReadOnly><AlertXMLAssigned>false</AlertXMLAssigned></ContextItem><ContextItem><Name>AutoAppendBlankNamespaces</Name><Description>AutoAppendBlankNamespaces</Description><MinRange>0</MinRange><MaxRange>0</MaxRange><Value xsi:type="boolean">1</Value><ReadOnly>true</ReadOnly><AlertXMLAssigned>false</AlertXMLAssigned></ContextItem><ContextItem><Name>ThrowOnLinkError</Name><Description>Throws an exception when a link error occures</Description><MinRange>0</MinRange><MaxRange>0</MaxRange><Value xsi:type="boolean">0</Value><ReadOnly>true</ReadOnly><AlertXMLAssigned>false</AlertXMLAssigned></ContextItem><ContextItem><Name>ThrowOnActionError</Name><Description>Throws an exception when an action error occurs</Description><MinRange>0</MinRange><MaxRange>0</MaxRange><Value xsi:type="boolean">1</Value><ReadOnly>true</ReadOnly><AlertXMLAssigned>false</AlertXMLAssigned></ContextItem><ContextItem><Name>FormatXMLOnConversion</Name><Description>By default XML will be formatted when assigned from XML data type to String data type. This behaviour can be changed with this flag.</Description><MinRange>0</MinRange><MaxRange>0</MaxRange><Value xsi:type="boolean">1</Value><ReadOnly>true</ReadOnly><AlertXMLAssigned>false</AlertXMLAssigned></ContextItem><ContextItem><Name>LastEditedBy</Name><Description>Last Edited By</Description><MinRange>0</MinRange><MaxRange>0</MaxRange><Value xsi:type="xsd:string">rayp4</Value><ReadOnly>true</ReadOnly><AlertXMLAssigned>false</AlertXMLAssigned></ContextItem><ContextItem><Name>LastEditedDate</Name><Description>Last Edited Date</Description><MinRange>0</MinRange><MaxRange>0</MaxRange><Value xsi:type="xsd:dateTime">2019-04-18T19:33:41</Value><ReadOnly>true</ReadOnly><AlertXMLAssigned>false</AlertXMLAssigned></ContextItem></TransactionAttributes><Name>Default/Dashboard/Transactions/getSFCTrx</Name><Version>19</Version><WriterRoles>SAP_XMII_Super_Administrator,SAP_XMII_Administrator,SAP_XMII_Developer</WriterRoles><Context><ContextItem><Name>opXML</Name><Description/><MinRange>0</MinRange><MaxRange>0</MaxRange><Value xsi:type="xml"><ReferenceDocumentSource/></Value><SchemaURI/><SchemaElement/><ValidateXMLOnExecution>1</ValidateXMLOnExecution><ReadOnly>true</ReadOnly><AlertXMLAssigned>false</AlertXMLAssigned></ContextItem><ContextItem><Name>Route</Name><Description/><MinRange>0</MinRange><MaxRange>0</MaxRange><Value xsi:type="string"/><ReadOnly>false</ReadOnly><AlertXMLAssigned>false</AlertXMLAssigned></ContextItem><ContextItem><Name>Site</Name><Description/><MinRange>0</MinRange><MaxRange>0</MaxRange><Value xsi:type="string"/><ReadOnly>false</ReadOnly><AlertXMLAssigned>false</AlertXMLAssigned></ContextItem><ContextItem><Name>Step</Name><Description/><MinRange>0</MinRange><MaxRange>0</MaxRange><Value xsi:type="string"/><ReadOnly>false</ReadOnly><AlertXMLAssigned>false</AlertXMLAssigned></ContextItem></Context><Local><ContextItem><Name>QueryPath</Name><Description/><MinRange>0</MinRange><MaxRange>0</MaxRange><Value xsi:type="string"/><ReadOnly>false</ReadOnly><AlertXMLAssigned>false</AlertXMLAssigned></ContextItem><ContextItem><Name>transactionPath</Name><Description/><MinRange>0</MinRange><MaxRange>0</MaxRange><Value xsi:type="string"/><ReadOnly>false</ReadOnly><AlertXMLAssigned>false</AlertXMLAssigned></ContextItem></Local><Layout><GUILayoutItem><Name>Sequence</Name><X>8</X><Y>144</Y><Width>360</Width><SpacingWidth>360</SpacingWidth><DescendantWidth>120</DescendantWidth><Height>96</Height></GUILayoutItem><GUILayoutItem><Name>selSFCsAtOperationSQLQry_0</Name><X>16</X><Y>160</Y><Width>104</Width><SpacingWidth>0</SpacingWidth><DescendantWidth>0</DescendantWidth><Height>72</Height></GUILayoutItem><GUILayoutItem><Name>selSFCsAtOperationInWorkSQLQry_0</Name><X>136</X><Y>160</Y><Width>104</Width><SpacingWidth>0</SpacingWidth><DescendantWidth>0</DescendantWidth><Height>72</Height></GUILayoutItem><GUILayoutItem><Name>Sequence_0</Name><X>128</X><Y>280</Y><Width>120</Width><SpacingWidth>120</SpacingWidth><DescendantWidth>120</DescendantWidth><Height>96</Height></GUILayoutItem><GUILayoutItem><Name>Union_0</Name><X>136</X><Y>296</Y><Width>104</Width><SpacingWidth>0</SpacingWidth><DescendantWidth>0</DescendantWidth><Height>72</Height></GUILayoutItem><GUILayoutItem><Name>selSFCNCAtOperationSQLQry_0</Name><X>256</X><Y>160</Y><Width>104</Width><SpacingWidth>0</SpacingWidth><DescendantWidth>0</DescendantWidth><Height>72</Height></GUILayoutItem><GUILayoutItem><Name>Sequence_1</Name><X>128</X><Y>416</Y><Width>120</Width><SpacingWidth>120</SpacingWidth><DescendantWidth>0</DescendantWidth><Height>96</Height></GUILayoutItem><GUILayoutItem><Name>Union_1</Name><X>136</X><Y>432</Y><Width>104</Width><SpacingWidth>0</SpacingWidth><DescendantWidth>0</DescendantWidth><Height>72</Height></GUILayoutItem><GUILayoutItem><Name>Sequence_2</Name><X>128</X><Y>8</Y><Width>120</Width><SpacingWidth>360</SpacingWidth><DescendantWidth>360</DescendantWidth><Height>96</Height></GUILayoutItem><GUILayoutItem><Name>Assignment_2</Name><X>136</X><Y>24</Y><Width>104</Width><SpacingWidth>0</SpacingWidth><DescendantWidth>0</DescendantWidth><Height>72</Height></GUILayoutItem></Layout><Actions><ContextItem><Name>selSFCsAtOperationSQLQry_0</Name><Description/><MinRange>0</MinRange><MaxRange>0</MaxRange><Value xsi:type="IlluminatorSQLQueryObject"><Timeout>60</Timeout><QueryParameters/><QueryStartDate>2019-04-14T17:15:01</QueryStartDate><SQLTransaction/><QueryTemplate>Default/Dashboard/Queries/selSFCsAtOperationSQLQry</QueryTemplate><QueryEndDate>2019-04-14T17:15:01</QueryEndDate><Results><ReferenceDocumentSource/>&lt;?xml version="1.0" encoding="UTF-8"?&gt;&lt;Rowsets CachedTime="" DateCreated="2019-04-14T22:15:01" EndDate="2019-04-14T22:15:01" StartDate="2019-04-14T21:15:01" Version="15.1 SP3 Patch 28 (Jun 8, 2017)"&gt;&lt;Rowset&gt;&lt;Columns&gt;&lt;Column Description="SFC" MaxRange="1" MinRange="0" Name="SFC" SQLDataType="-9" SourceColumn="SFC"/&gt;&lt;Column Description="STATUS_DESCRIPTION" MaxRange="1" MinRange="0" Name="STATUS_DESCRIPTION" SQLDataType="-9" SourceColumn="STATUS_DESCRIPTION"/&gt;&lt;Column Description="ITEM" MaxRange="1" MinRange="0" Name="ITEM" SQLDataType="-9" SourceColumn="ITEM"/&gt;&lt;Column Description="STEP_ID" MaxRange="1" MinRange="0" Name="STEP_ID" SQLDataType="-9" SourceColumn="STEP_ID"/&gt;&lt;/Columns&gt;&lt;Row&gt;&lt;SFC&gt;MR-015-002&lt;/SFC&gt;&lt;STATUS_DESCRIPTION&gt;Active&lt;/STATUS_DESCRIPTION&gt;&lt;ITEM&gt;MR1_PARENT&lt;/ITEM&gt;&lt;STEP_ID&gt;010&lt;/STEP_ID&gt;&lt;/Row&gt;&lt;Row&gt;&lt;SFC&gt;MR-010-002&lt;/SFC&gt;&lt;STATUS_DESCRIPTION&gt;Active&lt;/STATUS_DESCRIPTION&gt;&lt;ITEM&gt;MR1_PARENT&lt;/ITEM&gt;&lt;STEP_ID&gt;010&lt;/STEP_ID&gt;&lt;/Row&gt;&lt;Row&gt;&lt;SFC&gt;MR-006-001&lt;/SFC&gt;&lt;STATUS_DESCRIPTION&gt;Active&lt;/STATUS_DESCRIPTION&gt;&lt;ITEM&gt;ED643169656840&lt;/ITEM&gt;&lt;STEP_ID&gt;010&lt;/STEP_ID&gt;&lt;/Row&gt;&lt;Row&gt;&lt;SFC&gt;MR-015-004&lt;/SFC&gt;&lt;STATUS_DESCRIPTION&gt;Active&lt;/STATUS_DESCRIPTION&gt;&lt;ITEM&gt;MR1_PARENT&lt;/ITEM&gt;&lt;STEP_ID&gt;010&lt;/STEP_ID&gt;&lt;/Row&gt;&lt;Row&gt;&lt;SFC&gt;MR-015-003&lt;/SFC&gt;&lt;STATUS_DESCRIPTION&gt;Active&lt;/STATUS_DESCRIPTION&gt;&lt;ITEM&gt;MR1_PARENT&lt;/ITEM&gt;&lt;STEP_ID&gt;010&lt;/STEP_ID&gt;&lt;/Row&gt;&lt;Row&gt;&lt;SFC&gt;MR-026-002&lt;/SFC&gt;&lt;STATUS_DESCRIPTION&gt;Active&lt;/STATUS_DESCRIPTION&gt;&lt;ITEM&gt;MR1_PARENT&lt;/ITEM&gt;&lt;STEP_ID&gt;010&lt;/STEP_ID&gt;&lt;/Row&gt;&lt;Row&gt;&lt;SFC&gt;MR-009-003&lt;/SFC&gt;&lt;STATUS_DESCRIPTION&gt;Hold&lt;/STATUS_DESCRIPTION&gt;&lt;ITEM&gt;JG643169656840&lt;/ITEM&gt;&lt;STEP_ID&gt;010&lt;/STEP_ID&gt;&lt;/Row&gt;&lt;Row&gt;&lt;SFC&gt;MR-026-003&lt;/SFC&gt;&lt;STATUS_DESCRIPTION&gt;Hold&lt;/STATUS_DESCRIPTION&gt;&lt;ITEM&gt;MR1_PARENT&lt;/ITEM&gt;&lt;STEP_ID&gt;010&lt;/STEP_ID&gt;&lt;/Row&gt;&lt;Row&gt;&lt;SFC&gt;MR-009-004&lt;/SFC&gt;&lt;STATUS_DESCRIPTION&gt;InQueue&lt;/STATUS_DESCRIPTION&gt;&lt;ITEM&gt;JG643169656840&lt;/ITEM&gt;&lt;STEP_ID&gt;010&lt;/STEP_ID&gt;&lt;/Row&gt;&lt;Row&gt;&lt;SFC&gt;MR-009-002&lt;/SFC&gt;&lt;STATUS_DESCRIPTION&gt;InQueue&lt;/STATUS_DESCRIPTION&gt;&lt;ITEM&gt;JG643169656840&lt;/ITEM&gt;&lt;STEP_ID&gt;010&lt;/STEP_ID&gt;&lt;/Row&gt;&lt;Row&gt;&lt;SFC&gt;MR-009-001&lt;/SFC&gt;&lt;STATUS_DESCRIPTION&gt;InQueue&lt;/STATUS_DESCRIPTION&gt;&lt;ITEM&gt;JG643169656840&lt;/ITEM&gt;&lt;STEP_ID&gt;010&lt;/STEP_ID&gt;&lt;/Row&gt;&lt;Row&gt;&lt;SFC&gt;MR-012-001&lt;/SFC&gt;&lt;STATUS_DESCRIPTION&gt;InQueue&lt;/STATUS_DESCRIPTION&gt;&lt;ITEM&gt;MR1_PARENT&lt;/ITEM&gt;&lt;STEP_ID&gt;010&lt;/STEP_ID&gt;&lt;/Row&gt;&lt;Row&gt;&lt;SFC&gt;MR-010-001&lt;/SFC&gt;&lt;STATUS_DESCRIPTION&gt;InQueue&lt;/STATUS_DESCRIPTION&gt;&lt;ITEM&gt;MR1_PARENT&lt;/ITEM&gt;&lt;STEP_ID&gt;010&lt;/STEP_ID&gt;&lt;/Row&gt;&lt;Row&gt;&lt;SFC&gt;MR-026-004&lt;/SFC&gt;&lt;STATUS_DESCRIPTION&gt;InQueue&lt;/STATUS_DESCRIPTION&gt;&lt;ITEM&gt;MR1_PARENT&lt;/ITEM&gt;&lt;STEP_ID&gt;010&lt;/STEP_ID&gt;&lt;/Row&gt;&lt;Row&gt;&lt;SFC&gt;MR-015-001&lt;/SFC&gt;&lt;STATUS_DESCRIPTION&gt;InQueue&lt;/STATUS_DESCRIPTION&gt;&lt;ITEM&gt;MR1_PARENT&lt;/ITEM&gt;&lt;STEP_ID&gt;010&lt;/STEP_ID&gt;&lt;/Row&gt;&lt;/Rowset&gt;&lt;/Rowsets&gt;</Results><TagList/></Value><SchemaURI/><SchemaElement/><ValidateXMLOnExecution>1</ValidateXMLOnExecution><ReadOnly>false</ReadOnly><AlertXMLAssigned>false</AlertXMLAssigned></ContextItem><ContextItem><Name>selSFCsAtOperationInWorkSQLQry_0</Name><Description/><MinRange>0</MinRange><MaxRange>0</MaxRange><Value xsi:type="IlluminatorSQLQueryObject"><Timeout>60</Timeout><QueryParameters/><QueryStartDate>2019-04-14T18:03:12</QueryStartDate><SQLTransaction/><QueryTemplate>Default/Dashboard/Queries/selSFCsAtOperationInWorkSQLQry</QueryTemplate><QueryEndDate>2019-04-14T18:03:12</QueryEndDate><Results><ReferenceDocumentSource/>&lt;?xml version="1.0" encoding="UTF-8"?&gt;&lt;Rowsets CachedTime="" DateCreated="2019-04-14T23:03:13" EndDate="2019-04-14T23:03:13" StartDate="2019-04-14T22:03:13" Version="15.1 SP3 Patch 28 (Jun 8, 2017)"&gt;&lt;Rowset&gt;&lt;Columns&gt;&lt;Column Description="SFC" MaxRange="1" MinRange="0" Name="SFC" SQLDataType="-9" SourceColumn="SFC"/&gt;&lt;Column Description="STATUS_DESCRIPTION" MaxRange="1" MinRange="0" Name="STATUS_DESCRIPTION" SQLDataType="-9" SourceColumn="STATUS_DESCRIPTION"/&gt;&lt;Column Description="ITEM" MaxRange="1" MinRange="0" Name="ITEM" SQLDataType="-9" SourceColumn="ITEM"/&gt;&lt;Column Description="STEP_ID" MaxRange="1" MinRange="0" Name="STEP_ID" SQLDataType="-9" SourceColumn="STEP_ID"/&gt;&lt;/Columns&gt;&lt;Row&gt;&lt;SFC&gt;MR-026-002&lt;/SFC&gt;&lt;STATUS_DESCRIPTION&gt;Active&lt;/STATUS_DESCRIPTION&gt;&lt;ITEM&gt;MR1_PARENT&lt;/ITEM&gt;&lt;STEP_ID&gt;010&lt;/STEP_ID&gt;&lt;/Row&gt;&lt;/Rowset&gt;&lt;/Rowsets&gt;</Results><TagList/></Value><SchemaURI/><SchemaElement/><ValidateXMLOnExecution>1</ValidateXMLOnExecution><ReadOnly>false</ReadOnly><AlertXMLAssigned>false</AlertXMLAssigned></ContextItem><ContextItem><Name>Union_0</Name><Description/><MinRange>0</MinRange><MaxRange>0</MaxRange><Value xsi:type="Union"><Source1>selSFCsAtOperationSQLQry_0.Results</Source1><Source2>selSFCsAtOperationInWorkSQLQry_0.Results</Source2><Output><ReferenceDocumentSource/>&lt;?xml version="1.0" encoding="UTF-8"?&gt;&lt;Rowsets CachedTime="" DateCreated="2019-04-14T22:15:01" EndDate="2019-04-14T22:15:01" StartDate="2019-04-14T21:15:01" Version="15.1 SP3 Patch 28 (Jun 8, 2017)"&gt;&lt;Rowset&gt;&lt;Columns&gt;&lt;Column Description="SFC" MaxRange="1" MinRange="0" Name="SFC" SQLDataType="-9" SourceColumn="SFC"/&gt;&lt;Column Description="STATUS_DESCRIPTION" MaxRange="1" MinRange="0" Name="STATUS_DESCRIPTION" SQLDataType="-9" SourceColumn="STATUS_DESCRIPTION"/&gt;&lt;Column Description="ITEM" MaxRange="1" MinRange="0" Name="ITEM" SQLDataType="-9" SourceColumn="ITEM"/&gt;&lt;Column Description="STEP_ID" MaxRange="1" MinRange="0" Name="STEP_ID" SQLDataType="-9" SourceColumn="STEP_ID"/&gt;&lt;/Columns&gt;&lt;Row&gt;&lt;SFC&gt;MR-015-002&lt;/SFC&gt;&lt;STATUS_DESCRIPTION&gt;Active&lt;/STATUS_DESCRIPTION&gt;&lt;ITEM&gt;MR1_PARENT&lt;/ITEM&gt;&lt;STEP_ID&gt;010&lt;/STEP_ID&gt;&lt;/Row&gt;&lt;Row&gt;&lt;SFC&gt;MR-010-002&lt;/SFC&gt;&lt;STATUS_DESCRIPTION&gt;Active&lt;/STATUS_DESCRIPTION&gt;&lt;ITEM&gt;MR1_PARENT&lt;/ITEM&gt;&lt;STEP_ID&gt;010&lt;/STEP_ID&gt;&lt;/Row&gt;&lt;Row&gt;&lt;SFC&gt;MR-006-001&lt;/SFC&gt;&lt;STATUS_DESCRIPTION&gt;Active&lt;/STATUS_DESCRIPTION&gt;&lt;ITEM&gt;ED643169656840&lt;/ITEM&gt;&lt;STEP_ID&gt;010&lt;/STEP_ID&gt;&lt;/Row&gt;&lt;Row&gt;&lt;SFC&gt;MR-015-004&lt;/SFC&gt;&lt;STATUS_DESCRIPTION&gt;Active&lt;/STATUS_DESCRIPTION&gt;&lt;ITEM&gt;MR1_PARENT&lt;/ITEM&gt;&lt;STEP_ID&gt;010&lt;/STEP_ID&gt;&lt;/Row&gt;&lt;Row&gt;&lt;SFC&gt;MR-015-003&lt;/SFC&gt;&lt;STATUS_DESCRIPTION&gt;Active&lt;/STATUS_DESCRIPTION&gt;&lt;ITEM&gt;MR1_PARENT&lt;/ITEM&gt;&lt;STEP_ID&gt;010&lt;/STEP_ID&gt;&lt;/Row&gt;&lt;Row&gt;&lt;SFC&gt;MR-026-002&lt;/SFC&gt;&lt;STATUS_DESCRIPTION&gt;Active&lt;/STATUS_DESCRIPTION&gt;&lt;ITEM&gt;MR1_PARENT&lt;/ITEM&gt;&lt;STEP_ID&gt;010&lt;/STEP_ID&gt;&lt;/Row&gt;&lt;Row&gt;&lt;SFC&gt;MR-009-003&lt;/SFC&gt;&lt;STATUS_DESCRIPTION&gt;Hold&lt;/STATUS_DESCRIPTION&gt;&lt;ITEM&gt;JG643169656840&lt;/ITEM&gt;&lt;STEP_ID&gt;010&lt;/STEP_ID&gt;&lt;/Row&gt;&lt;Row&gt;&lt;SFC&gt;MR-026-003&lt;/SFC&gt;&lt;STATUS_DESCRIPTION&gt;Hold&lt;/STATUS_DESCRIPTION&gt;&lt;ITEM&gt;MR1_PARENT&lt;/ITEM&gt;&lt;STEP_ID&gt;010&lt;/STEP_ID&gt;&lt;/Row&gt;&lt;Row&gt;&lt;SFC&gt;MR-009-004&lt;/SFC&gt;&lt;STATUS_DESCRIPTION&gt;InQueue&lt;/STATUS_DESCRIPTION&gt;&lt;ITEM&gt;JG643169656840&lt;/ITEM&gt;&lt;STEP_ID&gt;010&lt;/STEP_ID&gt;&lt;/Row&gt;&lt;Row&gt;&lt;SFC&gt;MR-009-002&lt;/SFC&gt;&lt;STATUS_DESCRIPTION&gt;InQueue&lt;/STATUS_DESCRIPTION&gt;&lt;ITEM&gt;JG643169656840&lt;/ITEM&gt;&lt;STEP_ID&gt;010&lt;/STEP_ID&gt;&lt;/Row&gt;&lt;Row&gt;&lt;SFC&gt;MR-009-001&lt;/SFC&gt;&lt;STATUS_DESCRIPTION&gt;InQueue&lt;/STATUS_DESCRIPTION&gt;&lt;ITEM&gt;JG643169656840&lt;/ITEM&gt;&lt;STEP_ID&gt;010&lt;/STEP_ID&gt;&lt;/Row&gt;&lt;Row&gt;&lt;SFC&gt;MR-012-001&lt;/SFC&gt;&lt;STATUS_DESCRIPTION&gt;InQueue&lt;/STATUS_DESCRIPTION&gt;&lt;ITEM&gt;MR1_PARENT&lt;/ITEM&gt;&lt;STEP_ID&gt;010&lt;/STEP_ID&gt;&lt;/Row&gt;&lt;Row&gt;&lt;SFC&gt;MR-010-001&lt;/SFC&gt;&lt;STATUS_DESCRIPTION&gt;InQueue&lt;/STATUS_DESCRIPTION&gt;&lt;ITEM&gt;MR1_PARENT&lt;/ITEM&gt;&lt;STEP_ID&gt;010&lt;/STEP_ID&gt;&lt;/Row&gt;&lt;Row&gt;&lt;SFC&gt;MR-026-004&lt;/SFC&gt;&lt;STATUS_DESCRIPTION&gt;InQueue&lt;/STATUS_DESCRIPTION&gt;&lt;ITEM&gt;MR1_PARENT&lt;/ITEM&gt;&lt;STEP_ID&gt;010&lt;/STEP_ID&gt;&lt;/Row&gt;&lt;Row&gt;&lt;SFC&gt;MR-015-001&lt;/SFC&gt;&lt;STATUS_DESCRIPTION&gt;InQueue&lt;/STATUS_DESCRIPTION&gt;&lt;ITEM&gt;MR1_PARENT&lt;/ITEM&gt;&lt;STEP_ID&gt;010&lt;/STEP_ID&gt;&lt;/Row&gt;&lt;/Rowset&gt;&lt;Rowset&gt;&lt;Columns&gt;&lt;Column Description="SFC" MaxRange="1" MinRange="0" Name="SFC" SQLDataType="-9" SourceColumn="SFC"/&gt;&lt;Column Description="STATUS_DESCRIPTION" MaxRange="1" MinRange="0" Name="STATUS_DESCRIPTION" SQLDataType="-9" SourceColumn="STATUS_DESCRIPTION"/&gt;&lt;Column Description="ITEM" MaxRange="1" MinRange="0" Name="ITEM" SQLDataType="-9" SourceColumn="ITEM"/&gt;&lt;Column Description="STEP_ID" MaxRange="1" MinRange="0" Name="STEP_ID" SQLDataType="-9" SourceColumn="STEP_ID"/&gt;&lt;/Columns&gt;&lt;Row&gt;&lt;SFC&gt;MR-026-002&lt;/SFC&gt;&lt;STATUS_DESCRIPTION&gt;Active&lt;/STATUS_DESCRIPTION&gt;&lt;ITEM&gt;MR1_PARENT&lt;/ITEM&gt;&lt;STEP_ID&gt;010&lt;/STEP_ID&gt;&lt;/Row&gt;&lt;/Rowset&gt;&lt;/Rowsets&gt;</Output></Value><SchemaURI/><SchemaElement/><ValidateXMLOnExecution>1</ValidateXMLOnExecution><ReadOnly>false</ReadOnly><AlertXMLAssigned>false</AlertXMLAssigned></ContextItem><ContextItem><Name>selSFCNCAtOperationSQLQry_0</Name><Description/><MinRange>0</MinRange><MaxRange>0</MaxRange><Value xsi:type="IlluminatorSQLQueryObject"><Timeout>60</Timeout><QueryParameters/><QueryStartDate>2019-04-14T18:10:27</QueryStartDate><SQLTransaction/><QueryTemplate>Default/Dashboard/Queries/selSFCNCAtOperationSQLQry</QueryTemplate><QueryEndDate>2019-04-14T18:10:27</QueryEndDate><Results><ReferenceDocumentSource/>&lt;?xml version="1.0" encoding="UTF-8"?&gt;&lt;Rowsets CachedTime="" DateCreated="2019-04-14T23:10:28" EndDate="2019-04-14T23:10:28" StartDate="2019-04-14T22:10:28" Version="15.1 SP3 Patch 28 (Jun 8, 2017)"&gt;&lt;Rowset&gt;&lt;Columns&gt;&lt;Column Description="SFC" MaxRange="1" MinRange="0" Name="SFC" SQLDataType="-9" SourceColumn="SFC"/&gt;&lt;/Columns&gt;&lt;/Rowset&gt;&lt;/Rowsets&gt;</Results><TagList/></Value><SchemaURI/><SchemaElement/><ValidateXMLOnExecution>1</ValidateXMLOnExecution><ReadOnly>false</ReadOnly><AlertXMLAssigned>false</AlertXMLAssigned></ContextItem><ContextItem><Name>Union_1</Name><Description/><MinRange>0</MinRange><MaxRange>0</MaxRange><Value xsi:type="Union"><Source1>Union_0.Output</Source1><Source2>selSFCNCAtOperationSQLQry_0.Results</Source2><Output><ReferenceDocumentSource/>&lt;?xml version="1.0" encoding="UTF-8"?&gt;&lt;Rowsets CachedTime="" DateCreated="2019-04-14T22:15:01" EndDate="2019-04-14T22:15:01" StartDate="2019-04-14T21:15:01" Version="15.1 SP3 Patch 28 (Jun 8, 2017)"&gt;&lt;Rowset&gt;&lt;Columns&gt;&lt;Column Description="SFC" MaxRange="1" MinRange="0" Name="SFC" SQLDataType="-9" SourceColumn="SFC"/&gt;&lt;Column Description="STATUS_DESCRIPTION" MaxRange="1" MinRange="0" Name="STATUS_DESCRIPTION" SQLDataType="-9" SourceColumn="STATUS_DESCRIPTION"/&gt;&lt;Column Description="ITEM" MaxRange="1" MinRange="0" Name="ITEM" SQLDataType="-9" SourceColumn="ITEM"/&gt;&lt;Column Description="STEP_ID" MaxRange="1" MinRange="0" Name="STEP_ID" SQLDataType="-9" SourceColumn="STEP_ID"/&gt;&lt;/Columns&gt;&lt;Row&gt;&lt;SFC&gt;MR-015-002&lt;/SFC&gt;&lt;STATUS_DESCRIPTION&gt;Active&lt;/STATUS_DESCRIPTION&gt;&lt;ITEM&gt;MR1_PARENT&lt;/ITEM&gt;&lt;STEP_ID&gt;010&lt;/STEP_ID&gt;&lt;/Row&gt;&lt;Row&gt;&lt;SFC&gt;MR-010-002&lt;/SFC&gt;&lt;STATUS_DESCRIPTION&gt;Active&lt;/STATUS_DESCRIPTION&gt;&lt;ITEM&gt;MR1_PARENT&lt;/ITEM&gt;&lt;STEP_ID&gt;010&lt;/STEP_ID&gt;&lt;/Row&gt;&lt;Row&gt;&lt;SFC&gt;MR-006-001&lt;/SFC&gt;&lt;STATUS_DESCRIPTION&gt;Active&lt;/STATUS_DESCRIPTION&gt;&lt;ITEM&gt;ED643169656840&lt;/ITEM&gt;&lt;STEP_ID&gt;010&lt;/STEP_ID&gt;&lt;/Row&gt;&lt;Row&gt;&lt;SFC&gt;MR-015-004&lt;/SFC&gt;&lt;STATUS_DESCRIPTION&gt;Active&lt;/STATUS_DESCRIPTION&gt;&lt;ITEM&gt;MR1_PARENT&lt;/ITEM&gt;&lt;STEP_ID&gt;010&lt;/STEP_ID&gt;&lt;/Row&gt;&lt;Row&gt;&lt;SFC&gt;MR-015-003&lt;/SFC&gt;&lt;STATUS_DESCRIPTION&gt;Active&lt;/STATUS_DESCRIPTION&gt;&lt;ITEM&gt;MR1_PARENT&lt;/ITEM&gt;&lt;STEP_ID&gt;010&lt;/STEP_ID&gt;&lt;/Row&gt;&lt;Row&gt;&lt;SFC&gt;MR-026-002&lt;/SFC&gt;&lt;STATUS_DESCRIPTION&gt;Active&lt;/STATUS_DESCRIPTION&gt;&lt;ITEM&gt;MR1_PARENT&lt;/ITEM&gt;&lt;STEP_ID&gt;010&lt;/STEP_ID&gt;&lt;/Row&gt;&lt;Row&gt;&lt;SFC&gt;MR-009-003&lt;/SFC&gt;&lt;STATUS_DESCRIPTION&gt;Hold&lt;/STATUS_DESCRIPTION&gt;&lt;ITEM&gt;JG643169656840&lt;/ITEM&gt;&lt;STEP_ID&gt;010&lt;/STEP_ID&gt;&lt;/Row&gt;&lt;Row&gt;&lt;SFC&gt;MR-026-003&lt;/SFC&gt;&lt;STATUS_DESCRIPTION&gt;Hold&lt;/STATUS_DESCRIPTION&gt;&lt;ITEM&gt;MR1_PARENT&lt;/ITEM&gt;&lt;STEP_ID&gt;010&lt;/STEP_ID&gt;&lt;/Row&gt;&lt;Row&gt;&lt;SFC&gt;MR-009-004&lt;/SFC&gt;&lt;STATUS_DESCRIPTION&gt;InQueue&lt;/STATUS_DESCRIPTION&gt;&lt;ITEM&gt;JG643169656840&lt;/ITEM&gt;&lt;STEP_ID&gt;010&lt;/STEP_ID&gt;&lt;/Row&gt;&lt;Row&gt;&lt;SFC&gt;MR-009-002&lt;/SFC&gt;&lt;STATUS_DESCRIPTION&gt;InQueue&lt;/STATUS_DESCRIPTION&gt;&lt;ITEM&gt;JG643169656840&lt;/ITEM&gt;&lt;STEP_ID&gt;010&lt;/STEP_ID&gt;&lt;/Row&gt;&lt;Row&gt;&lt;SFC&gt;MR-009-001&lt;/SFC&gt;&lt;STATUS_DESCRIPTION&gt;InQueue&lt;/STATUS_DESCRIPTION&gt;&lt;ITEM&gt;JG643169656840&lt;/ITEM&gt;&lt;STEP_ID&gt;010&lt;/STEP_ID&gt;&lt;/Row&gt;&lt;Row&gt;&lt;SFC&gt;MR-012-001&lt;/SFC&gt;&lt;STATUS_DESCRIPTION&gt;InQueue&lt;/STATUS_DESCRIPTION&gt;&lt;ITEM&gt;MR1_PARENT&lt;/ITEM&gt;&lt;STEP_ID&gt;010&lt;/STEP_ID&gt;&lt;/Row&gt;&lt;Row&gt;&lt;SFC&gt;MR-010-001&lt;/SFC&gt;&lt;STATUS_DESCRIPTION&gt;InQueue&lt;/STATUS_DESCRIPTION&gt;&lt;ITEM&gt;MR1_PARENT&lt;/ITEM&gt;&lt;STEP_ID&gt;010&lt;/STEP_ID&gt;&lt;/Row&gt;&lt;Row&gt;&lt;SFC&gt;MR-026-004&lt;/SFC&gt;&lt;STATUS_DESCRIPTION&gt;InQueue&lt;/STATUS_DESCRIPTION&gt;&lt;ITEM&gt;MR1_PARENT&lt;/ITEM&gt;&lt;STEP_ID&gt;010&lt;/STEP_ID&gt;&lt;/Row&gt;&lt;Row&gt;&lt;SFC&gt;MR-015-001&lt;/SFC&gt;&lt;STATUS_DESCRIPTION&gt;InQueue&lt;/STATUS_DESCRIPTION&gt;&lt;ITEM&gt;MR1_PARENT&lt;/ITEM&gt;&lt;STEP_ID&gt;010&lt;/STEP_ID&gt;&lt;/Row&gt;&lt;/Rowset&gt;&lt;Rowset&gt;&lt;Columns&gt;&lt;Column Description="SFC" MaxRange="1" MinRange="0" Name="SFC" SQLDataType="-9" SourceColumn="SFC"/&gt;&lt;Column Description="STATUS_DESCRIPTION" MaxRange="1" MinRange="0" Name="STATUS_DESCRIPTION" SQLDataType="-9" SourceColumn="STATUS_DESCRIPTION"/&gt;&lt;Column Description="ITEM" MaxRange="1" MinRange="0" Name="ITEM" SQLDataType="-9" SourceColumn="ITEM"/&gt;&lt;Column Description="STEP_ID" MaxRange="1" MinRange="0" Name="STEP_ID" SQLDataType="-9" SourceColumn="STEP_ID"/&gt;&lt;/Columns&gt;&lt;Row&gt;&lt;SFC&gt;MR-026-002&lt;/SFC&gt;&lt;STATUS_DESCRIPTION&gt;Active&lt;/STATUS_DESCRIPTION&gt;&lt;ITEM&gt;MR1_PARENT&lt;/ITEM&gt;&lt;STEP_ID&gt;010&lt;/STEP_ID&gt;&lt;/Row&gt;&lt;/Rowset&gt;&lt;Rowset&gt;&lt;Columns&gt;&lt;Column Description="SFC" MaxRange="1" MinRange="0" Name="SFC" SQLDataType="-9" SourceColumn="SFC"/&gt;&lt;/Columns&gt;&lt;/Rowset&gt;&lt;/Rowsets&gt;</Output></Value><SchemaURI/><SchemaElement/><ValidateXMLOnExecution>1</ValidateXMLOnExecution><ReadOnly>false</ReadOnly><AlertXMLAssigned>false</AlertXMLAssigned></ContextItem><ContextItem><Name>Assignment_2</Name><Description/><MinRange>0</MinRange><MaxRange>0</MaxRange><Value xsi:type="Assignment"/><ReadOnly>false</ReadOnly><AlertXMLAssigned>false</AlertXMLAssigned></ContextItem></Actions><ReaderRoles>SAP_XMII_Super_Administrator,SAP_XMII_Administrator,SAP_XMII_Developer,SAP_XMII_User</ReaderRoles><Steps><Step xsi:type="ActionSequence"><Name>Sequence_2</Name><Description/><Steps><Step xsi:type="ActionSequence"><Name>Sequence</Name><Description/><Steps><Step xsi:type="ActionSequence"><Name>Sequence_0</Name><Description/><Steps><Step xsi:type="ActionSequence"><Name>Sequence_1</Name><Description/><Steps/><Actions><Action><Name>Union_1</Name><Description> </Description><IncomingLinks/><OutgoingLinks><Assign xsi:type="AssignXml"><Name/><Description/><To>Transaction.opXML</To><From>Union_1.Output</From></Assign></OutgoingLinks></Action></Actions></Step></Steps><Actions><Action><Name>Union_0</Name><Description> </Description><IncomingLinks/><OutgoingLinks><Assign xsi:type="AssignXml"><Name/><Description/><To>Transaction.opXML</To><From>Union_0.Output</From></Assign></OutgoingLinks></Action></Actions></Step></Steps><Actions><Action><Name>selSFCsAtOperationSQLQry_0</Name><Description>SQL Query</Description><IncomingLinks><Assign xsi:type="Assign"><Name/><Description/><To>selSFCsAtOperationSQLQry_0.Param.2</To><From>Transaction.Route</From></Assign><Assign xsi:type="Assign"><Name/><Description/><To>selSFCsAtOperationSQLQry_0.Param.3</To><From>Transaction.Site</From></Assign><Assign xsi:type="Assign"><Name/><Description/><To>selSFCsAtOperationSQLQry_0.Param.1</To><From>Transaction.Step</From></Assign><Assign xsi:type="Assign"><Name/><Description/><To>selSFCsAtOperationSQLQry_0.QueryTemplate</To><From>Local.QueryPath&amp;"selSFCsAtOperationSQLQry"</From></Assign></IncomingLinks><OutgoingLinks><Assign xsi:type="AssignXml"><Name/><Description/><To>Transaction.opXML</To><From>selSFCsAtOperationSQLQry_0.Results</From></Assign></OutgoingLinks></Action><Action><Name>selSFCsAtOperationInWorkSQLQry_0</Name><Description>SQL Query</Description><IncomingLinks><Assign xsi:type="Assign"><Name/><Description/><To>selSFCsAtOperationInWorkSQLQry_0.Param.1</To><From>Transaction.Step</From></Assign><Assign xsi:type="Assign"><Name/><Description/><To>selSFCsAtOperationInWorkSQLQry_0.Param.2</To><From>Transaction.Route</From></Assign><Assign xsi:type="Assign"><Name/><Description/><To>selSFCsAtOperationInWorkSQLQry_0.Param.3</To><From>Transaction.Site</From></Assign><Assign xsi:type="Assign"><Name/><Description/><To>selSFCsAtOperationInWorkSQLQry_0.QueryTemplate</To><From>Local.QueryPath&amp;"selSFCsAtOperationInWorkSQLQry"</From></Assign></IncomingLinks><OutgoingLinks/></Action><Action><Name>selSFCNCAtOperationSQLQry_0</Name><Description>SQL Query</Description><IncomingLinks><Assign xsi:type="Assign"><Name/><Description/><To>selSFCNCAtOperationSQLQry_0.Param.2</To><From>Transaction.Route</From></Assign><Assign xsi:type="Assign"><Name/><Description/><To>selSFCNCAtOperationSQLQry_0.Param.3</To><From>Transaction.Site</From></Assign><Assign xsi:type="Assign"><Name/><Description/><To>selSFCNCAtOperationSQLQry_0.Param.1</To><From>Transaction.Step</From></Assign><Assign xsi:type="Assign"><Name/><Description/><To>selSFCNCAtOperationSQLQry_0.QueryTemplate</To><From>Local.QueryPath&amp;"selSFCNCAtOperationSQLQry"</From></Assign></IncomingLinks><OutgoingLinks/></Action></Actions></Step></Steps><Actions><Action><Name>Assignment_2</Name><Description> </Description><IncomingLinks/><OutgoingLinks><Assign xsi:type="Assign"><Name/><Description/><To>Local.QueryPath</To><From>stringreplace(stringleft(transactionpath, stringlastindexof(transactionpath, "/")),"Transactions","Queries")</From></Assign><Assign xsi:type="Assign"><Name/><Description/><To>Local.transactionPath</To><From>stringleft(transactionpath, stringlastindexof(transactionpath, "/"))</From></Assign></OutgoingLinks></Action></Actions></Step></Steps></Transaction>