<?xml version="1.0" encoding="UTF-8"?><Transaction xmlns:xsd="http://www.w3.org/2001/XMLSchema" xmlns:xsi="http://www.w3.org/2001/XMLSchema-instance" Version="15.1.3.28"><TransactionAttributes><ContextItem><Name>Description</Name><Description>Transaction Description</Description><MinRange>0</MinRange><MaxRange>0</MaxRange><Value xsi:type="string"/><ReadOnly>true</ReadOnly><AlertXMLAssigned>false</AlertXMLAssigned></ContextItem><ContextItem><Name>Comments</Name><Description>User Comments</Description><MinRange>0</MinRange><MaxRange>0</MaxRange><Value xsi:type="string"/><ReadOnly>true</ReadOnly><AlertXMLAssigned>false</AlertXMLAssigned></ContextItem><ContextItem><Name>CreatedBy</Name><Description>Created By</Description><MinRange>0</MinRange><MaxRange>0</MaxRange><Value xsi:type="string">rayp4</Value><ReadOnly>true</ReadOnly><AlertXMLAssigned>false</AlertXMLAssigned></ContextItem><ContextItem><Name>CreationDate</Name><Description>Creation Date</Description><MinRange>0</MinRange><MaxRange>0</MaxRange><Value xsi:type="dateTime">2019-04-10T12:24:41</Value><ReadOnly>true</ReadOnly><AlertXMLAssigned>false</AlertXMLAssigned></ContextItem><ContextItem><Name>Category</Name><Description>Transaction Category</Description><MinRange>0</MinRange><MaxRange>0</MaxRange><Value xsi:type="string"/><ReadOnly>true</ReadOnly><AlertXMLAssigned>false</AlertXMLAssigned></ContextItem><ContextItem><Name>Status</Name><Description>Deployment Status</Description><MinRange>0</MinRange><MaxRange>0</MaxRange><Value xsi:type="string">DEVELOPMENT</Value><ReadOnly>true</ReadOnly><AlertXMLAssigned>false</AlertXMLAssigned></ContextItem><ContextItem><Name>LegacyProcessingMode</Name><Description>Support the pre MII 12.1 Transaction Engine.</Description><MinRange>0</MinRange><MaxRange>0</MaxRange><Value xsi:type="boolean">0</Value><ReadOnly>true</ReadOnly><AlertXMLAssigned>false</AlertXMLAssigned></ContextItem><ContextItem><Name>AutoAppendBlankNamespaces</Name><Description>AutoAppendBlankNamespaces</Description><MinRange>0</MinRange><MaxRange>0</MaxRange><Value xsi:type="boolean">1</Value><ReadOnly>true</ReadOnly><AlertXMLAssigned>false</AlertXMLAssigned></ContextItem><ContextItem><Name>ThrowOnLinkError</Name><Description>Throws an exception when a link error occures</Description><MinRange>0</MinRange><MaxRange>0</MaxRange><Value xsi:type="boolean">0</Value><ReadOnly>true</ReadOnly><AlertXMLAssigned>false</AlertXMLAssigned></ContextItem><ContextItem><Name>ThrowOnActionError</Name><Description>Throws an exception when an action error occurs</Description><MinRange>0</MinRange><MaxRange>0</MaxRange><Value xsi:type="boolean">1</Value><ReadOnly>true</ReadOnly><AlertXMLAssigned>false</AlertXMLAssigned></ContextItem><ContextItem><Name>FormatXMLOnConversion</Name><Description>By default XML will be formatted when assigned from XML data type to String data type. This behaviour can be changed with this flag.</Description><MinRange>0</MinRange><MaxRange>0</MaxRange><Value xsi:type="boolean">1</Value><ReadOnly>true</ReadOnly><AlertXMLAssigned>false</AlertXMLAssigned></ContextItem><ContextItem><Name>LastEditedBy</Name><Description>Last Edited By</Description><MinRange>0</MinRange><MaxRange>0</MaxRange><Value xsi:type="xsd:string">rayp4</Value><ReadOnly>true</ReadOnly><AlertXMLAssigned>false</AlertXMLAssigned></ContextItem><ContextItem><Name>LastEditedDate</Name><Description>Last Edited Date</Description><MinRange>0</MinRange><MaxRange>0</MaxRange><Value xsi:type="xsd:dateTime">2019-04-22T10:05:20</Value><ReadOnly>true</ReadOnly><AlertXMLAssigned>false</AlertXMLAssigned></ContextItem></TransactionAttributes><Name>Default/Dashboard/Report/Average_Operation_Time</Name><Version>66</Version><WriterRoles>SAP_XMII_Super_Administrator,SAP_XMII_Administrator,SAP_XMII_Developer</WriterRoles><Context><ContextItem><Name>endDate</Name><Description/><MinRange>0</MinRange><MaxRange>0</MaxRange><Value xsi:type="string"/><ReadOnly>false</ReadOnly><AlertXMLAssigned>false</AlertXMLAssigned></ContextItem><ContextItem><Name>opn</Name><Description/><MinRange>0</MinRange><MaxRange>0</MaxRange><Value xsi:type="string"/><ReadOnly>false</ReadOnly><AlertXMLAssigned>false</AlertXMLAssigned></ContextItem><ContextItem><Name>opXML</Name><Description/><MinRange>0</MinRange><MaxRange>0</MaxRange><Value xsi:type="xml"><ReferenceDocumentSource/></Value><SchemaURI/><SchemaElement/><ValidateXMLOnExecution>1</ValidateXMLOnExecution><ReadOnly>true</ReadOnly><AlertXMLAssigned>false</AlertXMLAssigned></ContextItem><ContextItem><Name>qTime</Name><Description/><MinRange>0</MinRange><MaxRange>0</MaxRange><Value xsi:type="string"/><ReadOnly>false</ReadOnly><AlertXMLAssigned>false</AlertXMLAssigned></ContextItem><ContextItem><Name>Router</Name><Description/><MinRange>0</MinRange><MaxRange>0</MaxRange><Value xsi:type="string"/><ReadOnly>false</ReadOnly><AlertXMLAssigned>false</AlertXMLAssigned></ContextItem><ContextItem><Name>sfc</Name><Description/><MinRange>0</MinRange><MaxRange>0</MaxRange><Value xsi:type="string"/><ReadOnly>false</ReadOnly><AlertXMLAssigned>false</AlertXMLAssigned></ContextItem><ContextItem><Name>Site</Name><Description/><MinRange>0</MinRange><MaxRange>0</MaxRange><Value xsi:type="string"/><ReadOnly>false</ReadOnly><AlertXMLAssigned>false</AlertXMLAssigned></ContextItem><ContextItem><Name>startDate</Name><Description/><MinRange>0</MinRange><MaxRange>0</MaxRange><Value xsi:type="string"/><ReadOnly>false</ReadOnly><AlertXMLAssigned>false</AlertXMLAssigned></ContextItem><ContextItem><Name>Trx</Name><Description/><MinRange>0</MinRange><MaxRange>0</MaxRange><Value xsi:type="string"/><ReadOnly>false</ReadOnly><AlertXMLAssigned>false</AlertXMLAssigned></ContextItem></Context><Local><ContextItem><Name>Child</Name><Description/><MinRange>0</MinRange><MaxRange>0</MaxRange><Value xsi:type="string"/><ReadOnly>false</ReadOnly><AlertXMLAssigned>false</AlertXMLAssigned></ContextItem><ContextItem><Name>ChildrenOP</Name><Description/><MinRange>0</MinRange><MaxRange>0</MaxRange><Value xsi:type="string"/><ReadOnly>false</ReadOnly><AlertXMLAssigned>false</AlertXMLAssigned></ContextItem><ContextItem><Name>LastNode</Name><Description/><MinRange>0</MinRange><MaxRange>0</MaxRange><Value xsi:type="string"/><ReadOnly>false</ReadOnly><AlertXMLAssigned>false</AlertXMLAssigned></ContextItem><ContextItem><Name>QueryPath</Name><Description/><MinRange>0</MinRange><MaxRange>0</MaxRange><Value xsi:type="string"/><ReadOnly>false</ReadOnly><AlertXMLAssigned>false</AlertXMLAssigned></ContextItem><ContextItem><Name>RoutingXML</Name><Description/><MinRange>0</MinRange><MaxRange>0</MaxRange><Value xsi:type="xml"><ReferenceDocumentSource/></Value><SchemaURI/><SchemaElement/><ValidateXMLOnExecution>1</ValidateXMLOnExecution><ReadOnly>false</ReadOnly><AlertXMLAssigned>false</AlertXMLAssigned></ContextItem><ContextItem><Name>transactionPath</Name><Description/><MinRange>0</MinRange><MaxRange>0</MaxRange><Value xsi:type="string"/><ReadOnly>false</ReadOnly><AlertXMLAssigned>false</AlertXMLAssigned></ContextItem></Local><Layout><GUILayoutItem><Name>root</Name><X>620</X><Y>8</Y><Width>120</Width><SpacingWidth>1344</SpacingWidth><DescendantWidth>1344</DescendantWidth><Height>96</Height></GUILayoutItem><GUILayoutItem><Name>Gather Data</Name><X>296</X><Y>144</Y><Width>120</Width><SpacingWidth>696</SpacingWidth><DescendantWidth>696</DescendantWidth><Height>96</Height></GUILayoutItem><GUILayoutItem><Name>CopyOfSequence</Name><X>92</X><Y>280</Y><Width>240</Width><SpacingWidth>408</SpacingWidth><DescendantWidth>408</DescendantWidth><Height>96</Height></GUILayoutItem><GUILayoutItem><Name>selRoutingXMLSQLQry_0</Name><X>100</X><Y>296</Y><Width>104</Width><SpacingWidth>0</SpacingWidth><DescendantWidth>0</DescendantWidth><Height>72</Height></GUILayoutItem><GUILayoutItem><Name>selRoutingStepOperationSQLQry_0</Name><X>220</X><Y>296</Y><Width>104</Width><SpacingWidth>0</SpacingWidth><DescendantWidth>0</DescendantWidth><Height>72</Height></GUILayoutItem><GUILayoutItem><Name>Sequence_26</Name><X>92</X><Y>416</Y><Width>240</Width><SpacingWidth>408</SpacingWidth><DescendantWidth>408</DescendantWidth><Height>96</Height></GUILayoutItem><GUILayoutItem><Name>String_To_XML_Parser_0</Name><X>100</X><Y>432</Y><Width>104</Width><SpacingWidth>0</SpacingWidth><DescendantWidth>0</DescendantWidth><Height>72</Height></GUILayoutItem><GUILayoutItem><Name>FindOperation</Name><X>220</X><Y>432</Y><Width>104</Width><SpacingWidth>0</SpacingWidth><DescendantWidth>0</DescendantWidth><Height>72</Height></GUILayoutItem><GUILayoutItem><Name>Sequence_2</Name><X>92</X><Y>552</Y><Width>240</Width><SpacingWidth>408</SpacingWidth><DescendantWidth>408</DescendantWidth><Height>96</Height></GUILayoutItem><GUILayoutItem><Name>Node</Name><X>100</X><Y>568</Y><Width>104</Width><SpacingWidth>0</SpacingWidth><DescendantWidth>0</DescendantWidth><Height>72</Height></GUILayoutItem><GUILayoutItem><Name>direction</Name><X>220</X><Y>568</Y><Width>104</Width><SpacingWidth>0</SpacingWidth><DescendantWidth>0</DescendantWidth><Height>72</Height></GUILayoutItem><GUILayoutItem><Name>Sequence_3</Name><X>80</X><Y>688</Y><Width>120</Width><SpacingWidth>264</SpacingWidth><DescendantWidth>264</DescendantWidth><Height>96</Height></GUILayoutItem><GUILayoutItem><Name>Repeater_0</Name><X>88</X><Y>704</Y><Width>104</Width><SpacingWidth>0</SpacingWidth><DescendantWidth>0</DescendantWidth><Height>72</Height></GUILayoutItem><GUILayoutItem><Name>Sequence_4</Name><X>80</X><Y>824</Y><Width>120</Width><SpacingWidth>264</SpacingWidth><DescendantWidth>264</DescendantWidth><Height>96</Height></GUILayoutItem><GUILayoutItem><Name>Conditional_0</Name><X>88</X><Y>840</Y><Width>104</Width><SpacingWidth>0</SpacingWidth><DescendantWidth>0</DescendantWidth><Height>72</Height></GUILayoutItem><GUILayoutItem><Name>Sequence_5</Name><X>8</X><Y>960</Y><Width>120</Width><SpacingWidth>120</SpacingWidth><DescendantWidth>0</DescendantWidth><Height>96</Height></GUILayoutItem><GUILayoutItem><Name>nodeRow</Name><X>16</X><Y>976</Y><Width>104</Width><SpacingWidth>0</SpacingWidth><DescendantWidth>0</DescendantWidth><Height>72</Height></GUILayoutItem><GUILayoutItem><Name>Sequence_7</Name><X>152</X><Y>960</Y><Width>120</Width><SpacingWidth>120</SpacingWidth><DescendantWidth>0</DescendantWidth><Height>96</Height></GUILayoutItem><GUILayoutItem><Name>directionRow</Name><X>160</X><Y>976</Y><Width>104</Width><SpacingWidth>0</SpacingWidth><DescendantWidth>0</DescendantWidth><Height>72</Height></GUILayoutItem><GUILayoutItem><Name>Sequence_8</Name><X>296</X><Y>688</Y><Width>120</Width><SpacingWidth>120</SpacingWidth><DescendantWidth>120</DescendantWidth><Height>96</Height></GUILayoutItem><GUILayoutItem><Name>JoinOperationNode</Name><X>304</X><Y>704</Y><Width>104</Width><SpacingWidth>0</SpacingWidth><DescendantWidth>0</DescendantWidth><Height>72</Height></GUILayoutItem><GUILayoutItem><Name>Sequence_6</Name><X>296</X><Y>824</Y><Width>120</Width><SpacingWidth>120</SpacingWidth><DescendantWidth>0</DescendantWidth><Height>96</Height></GUILayoutItem><GUILayoutItem><Name>JoinChildren</Name><X>304</X><Y>840</Y><Width>104</Width><SpacingWidth>0</SpacingWidth><DescendantWidth>0</DescendantWidth><Height>72</Height></GUILayoutItem><GUILayoutItem><Name>create Output</Name><X>920</X><Y>144</Y><Width>240</Width><SpacingWidth>624</SpacingWidth><DescendantWidth>624</DescendantWidth><Height>96</Height></GUILayoutItem><GUILayoutItem><Name>NodeOP</Name><X>928</X><Y>160</Y><Width>104</Width><SpacingWidth>0</SpacingWidth><DescendantWidth>0</DescendantWidth><Height>72</Height></GUILayoutItem><GUILayoutItem><Name>LaneOp</Name><X>1048</X><Y>160</Y><Width>104</Width><SpacingWidth>0</SpacingWidth><DescendantWidth>0</DescendantWidth><Height>72</Height></GUILayoutItem><GUILayoutItem><Name>Sequence_9</Name><X>908</X><Y>280</Y><Width>120</Width><SpacingWidth>480</SpacingWidth><DescendantWidth>480</DescendantWidth><Height>96</Height></GUILayoutItem><GUILayoutItem><Name>LaneOPRow</Name><X>916</X><Y>296</Y><Width>104</Width><SpacingWidth>0</SpacingWidth><DescendantWidth>0</DescendantWidth><Height>72</Height></GUILayoutItem><GUILayoutItem><Name>Sequence_10</Name><X>908</X><Y>416</Y><Width>120</Width><SpacingWidth>480</SpacingWidth><DescendantWidth>480</DescendantWidth><Height>96</Height></GUILayoutItem><GUILayoutItem><Name>repeatOnJoinChildren</Name><X>916</X><Y>432</Y><Width>104</Width><SpacingWidth>0</SpacingWidth><DescendantWidth>0</DescendantWidth><Height>72</Height></GUILayoutItem><GUILayoutItem><Name>Sequence_13</Name><X>848</X><Y>552</Y><Width>240</Width><SpacingWidth>480</SpacingWidth><DescendantWidth>480</DescendantWidth><Height>96</Height></GUILayoutItem><GUILayoutItem><Name>createChildString</Name><X>856</X><Y>568</Y><Width>104</Width><SpacingWidth>0</SpacingWidth><DescendantWidth>0</DescendantWidth><Height>72</Height></GUILayoutItem><GUILayoutItem><Name>ChildString</Name><X>976</X><Y>568</Y><Width>104</Width><SpacingWidth>0</SpacingWidth><DescendantWidth>0</DescendantWidth><Height>72</Height></GUILayoutItem><GUILayoutItem><Name>Sequence_15</Name><X>908</X><Y>688</Y><Width>120</Width><SpacingWidth>480</SpacingWidth><DescendantWidth>480</DescendantWidth><Height>96</Height></GUILayoutItem><GUILayoutItem><Name>removeDuplicate</Name><X>916</X><Y>704</Y><Width>104</Width><SpacingWidth>0</SpacingWidth><DescendantWidth>0</DescendantWidth><Height>72</Height></GUILayoutItem><GUILayoutItem><Name>Sequence_1</Name><X>728</X><Y>824</Y><Width>480</Width><SpacingWidth>480</SpacingWidth><DescendantWidth>408</DescendantWidth><Height>96</Height></GUILayoutItem><GUILayoutItem><Name>SQLQ_GetSFCsAtOperation_0</Name><X>736</X><Y>840</Y><Width>104</Width><SpacingWidth>0</SpacingWidth><DescendantWidth>0</DescendantWidth><Height>72</Height></GUILayoutItem><GUILayoutItem><Name>SQLQ_GetSFCNCAtOperation_0</Name><X>856</X><Y>840</Y><Width>104</Width><SpacingWidth>0</SpacingWidth><DescendantWidth>0</DescendantWidth><Height>72</Height></GUILayoutItem><GUILayoutItem><Name>SQLQ_GetHoldSFCsAtOperation_0</Name><X>976</X><Y>840</Y><Width>104</Width><SpacingWidth>0</SpacingWidth><DescendantWidth>0</DescendantWidth><Height>72</Height></GUILayoutItem><GUILayoutItem><Name>activityLogResourcecRateSQLQry_0</Name><X>1096</X><Y>840</Y><Width>104</Width><SpacingWidth>0</SpacingWidth><DescendantWidth>0</DescendantWidth><Height>72</Height></GUILayoutItem><GUILayoutItem><Name>Sequence_23</Name><X>908</X><Y>960</Y><Width>120</Width><SpacingWidth>408</SpacingWidth><DescendantWidth>408</DescendantWidth><Height>96</Height></GUILayoutItem><GUILayoutItem><Name>Generic_Sort_Filter_0</Name><X>916</X><Y>976</Y><Width>104</Width><SpacingWidth>0</SpacingWidth><DescendantWidth>0</DescendantWidth><Height>72</Height></GUILayoutItem><GUILayoutItem><Name>Sequence_14</Name><X>908</X><Y>1096</Y><Width>120</Width><SpacingWidth>408</SpacingWidth><DescendantWidth>408</DescendantWidth><Height>96</Height></GUILayoutItem><GUILayoutItem><Name>Calculated_Columns_0</Name><X>916</X><Y>1112</Y><Width>104</Width><SpacingWidth>0</SpacingWidth><DescendantWidth>0</DescendantWidth><Height>72</Height></GUILayoutItem><GUILayoutItem><Name>Sequence_20</Name><X>908</X><Y>1232</Y><Width>120</Width><SpacingWidth>408</SpacingWidth><DescendantWidth>408</DescendantWidth><Height>96</Height></GUILayoutItem><GUILayoutItem><Name>Column_Stripper_0</Name><X>916</X><Y>1248</Y><Width>104</Width><SpacingWidth>0</SpacingWidth><DescendantWidth>0</DescendantWidth><Height>72</Height></GUILayoutItem><GUILayoutItem><Name>Sequence_22</Name><X>908</X><Y>1368</Y><Width>120</Width><SpacingWidth>408</SpacingWidth><DescendantWidth>408</DescendantWidth><Height>96</Height></GUILayoutItem><GUILayoutItem><Name>Aggregate_Statistics_0</Name><X>916</X><Y>1384</Y><Width>104</Width><SpacingWidth>0</SpacingWidth><DescendantWidth>0</DescendantWidth><Height>72</Height></GUILayoutItem><GUILayoutItem><Name>Sequence_12</Name><X>908</X><Y>1504</Y><Width>120</Width><SpacingWidth>408</SpacingWidth><DescendantWidth>408</DescendantWidth><Height>96</Height></GUILayoutItem><GUILayoutItem><Name>repeatOnFJoinChildrenStep</Name><X>916</X><Y>1520</Y><Width>104</Width><SpacingWidth>0</SpacingWidth><DescendantWidth>0</DescendantWidth><Height>72</Height></GUILayoutItem><GUILayoutItem><Name>Sequence_11</Name><X>836</X><Y>1640</Y><Width>120</Width><SpacingWidth>264</SpacingWidth><DescendantWidth>264</DescendantWidth><Height>96</Height></GUILayoutItem><GUILayoutItem><Name>Sequence_17</Name><X>764</X><Y>1776</Y><Width>120</Width><SpacingWidth>120</SpacingWidth><DescendantWidth>120</DescendantWidth><Height>96</Height></GUILayoutItem><GUILayoutItem><Name>checkMorethanAChild</Name><X>772</X><Y>1792</Y><Width>104</Width><SpacingWidth>0</SpacingWidth><DescendantWidth>0</DescendantWidth><Height>72</Height></GUILayoutItem><GUILayoutItem><Name>Sequence_18</Name><X>764</X><Y>1912</Y><Width>120</Width><SpacingWidth>120</SpacingWidth><DescendantWidth>0</DescendantWidth><Height>96</Height></GUILayoutItem><GUILayoutItem><Name>EndOfChild</Name><X>772</X><Y>1928</Y><Width>104</Width><SpacingWidth>0</SpacingWidth><DescendantWidth>0</DescendantWidth><Height>72</Height></GUILayoutItem><GUILayoutItem><Name>Sequence_25</Name><X>908</X><Y>1776</Y><Width>120</Width><SpacingWidth>120</SpacingWidth><DescendantWidth>0</DescendantWidth><Height>96</Height></GUILayoutItem><GUILayoutItem><Name>ChildStringPrep</Name><X>916</X><Y>1792</Y><Width>104</Width><SpacingWidth>0</SpacingWidth><DescendantWidth>0</DescendantWidth><Height>72</Height></GUILayoutItem><GUILayoutItem><Name>Sequence_19</Name><X>1052</X><Y>1640</Y><Width>120</Width><SpacingWidth>120</SpacingWidth><DescendantWidth>120</DescendantWidth><Height>96</Height></GUILayoutItem><GUILayoutItem><Name>NodeOpRow</Name><X>1060</X><Y>1656</Y><Width>104</Width><SpacingWidth>0</SpacingWidth><DescendantWidth>0</DescendantWidth><Height>72</Height></GUILayoutItem><GUILayoutItem><Name>Sequence_16</Name><X>1052</X><Y>1776</Y><Width>120</Width><SpacingWidth>120</SpacingWidth><DescendantWidth>0</DescendantWidth><Height>96</Height></GUILayoutItem><GUILayoutItem><Name>Assignment_1</Name><X>1060</X><Y>1792</Y><Width>104</Width><SpacingWidth>0</SpacingWidth><DescendantWidth>0</DescendantWidth><Height>72</Height></GUILayoutItem><GUILayoutItem><Name>Sequence_21</Name><X>1232</X><Y>280</Y><Width>120</Width><SpacingWidth>120</SpacingWidth><DescendantWidth>120</DescendantWidth><Height>96</Height></GUILayoutItem><GUILayoutItem><Name>Union_0</Name><X>1240</X><Y>296</Y><Width>104</Width><SpacingWidth>0</SpacingWidth><DescendantWidth>0</DescendantWidth><Height>72</Height></GUILayoutItem><GUILayoutItem><Name>Sequence_24</Name><X>1232</X><Y>416</Y><Width>120</Width><SpacingWidth>120</SpacingWidth><DescendantWidth>0</DescendantWidth><Height>96</Height></GUILayoutItem><GUILayoutItem><Name>Assignment_2</Name><X>1240</X><Y>432</Y><Width>104</Width><SpacingWidth>0</SpacingWidth><DescendantWidth>0</DescendantWidth><Height>72</Height></GUILayoutItem><GUILayoutItem><Name>Assignment_3</Name><X>304</X><Y>160</Y><Width>104</Width><SpacingWidth>0</SpacingWidth><DescendantWidth>0</DescendantWidth><Height>72</Height></GUILayoutItem><GUILayoutItem><Name>Sequence_0</Name><X>512</X><Y>280</Y><Width>120</Width><SpacingWidth>264</SpacingWidth><DescendantWidth>264</DescendantWidth><Height>96</Height></GUILayoutItem><GUILayoutItem><Name>Conditional_1</Name><X>520</X><Y>296</Y><Width>104</Width><SpacingWidth>0</SpacingWidth><DescendantWidth>0</DescendantWidth><Height>72</Height></GUILayoutItem><GUILayoutItem><Name>Sequence_27</Name><X>440</X><Y>416</Y><Width>120</Width><SpacingWidth>120</SpacingWidth><DescendantWidth>0</DescendantWidth><Height>96</Height></GUILayoutItem><GUILayoutItem><Name>Assignment_0</Name><X>448</X><Y>432</Y><Width>104</Width><SpacingWidth>0</SpacingWidth><DescendantWidth>0</DescendantWidth><Height>72</Height></GUILayoutItem><GUILayoutItem><Name>Sequence_28</Name><X>584</X><Y>416</Y><Width>120</Width><SpacingWidth>120</SpacingWidth><DescendantWidth>0</DescendantWidth><Height>96</Height></GUILayoutItem><GUILayoutItem><Name>Assignment_4</Name><X>592</X><Y>432</Y><Width>104</Width><SpacingWidth>0</SpacingWidth><DescendantWidth>0</DescendantWidth><Height>72</Height></GUILayoutItem></Layout><Actions><ContextItem><Name>selRoutingXMLSQLQry_0</Name><Description/><MinRange>0</MinRange><MaxRange>0</MaxRange><Value xsi:type="IlluminatorSQLQueryObject"><Timeout>60</Timeout><QueryParameters/><QueryStartDate>2019-04-09T14:27:25</QueryStartDate><SQLTransaction/><QueryTemplate>Default/Dashboard/Queries/selRoutingXMLSQLQry</QueryTemplate><QueryEndDate>2019-04-09T14:27:25</QueryEndDate><Results><ReferenceDocumentSource/>&lt;?xml version="1.0" encoding="UTF-8"?&gt;&lt;Rowsets CachedTime="" DateCreated="2019-04-09T19:27:25" EndDate="2019-04-09T19:27:25" StartDate="2019-04-09T18:27:25" Version="15.1 SP3 Patch 28 (Jun 8, 2017)"&gt;&lt;Rowset&gt;&lt;Columns&gt;&lt;Column Description="ROUTER" MaxRange="1" MinRange="0" Name="ROUTER" SQLDataType="-9" SourceColumn="ROUTER"/&gt;&lt;Column Description="SITE" MaxRange="1" MinRange="0" Name="SITE" SQLDataType="-9" SourceColumn="SITE"/&gt;&lt;Column Description="GUI_REPRESENTATION" MaxRange="1" MinRange="0" Name="GUI_REPRESENTATION" SQLDataType="2011" SourceColumn="GUI_REPRESENTATION"/&gt;&lt;/Columns&gt;&lt;Row&gt;&lt;ROUTER&gt;MU_ZO&lt;/ROUTER&gt;&lt;SITE&gt;1297&lt;/SITE&gt;&lt;GUI_REPRESENTATION&gt;&amp;lt;DATA_XML&amp;gt;&#13;
&amp;lt;ROW&amp;gt;&#13;
&amp;lt;Y&amp;gt;261&amp;lt;/Y&amp;gt;&#13;
&amp;lt;DATA_VERSION&amp;gt;300&amp;lt;/DATA_VERSION&amp;gt;&#13;
&amp;lt;TYPE&amp;gt;com.sap.me.productdefinition.client.vrouter2.node.VDoneNode&amp;lt;/TYPE&amp;gt;&#13;
&amp;lt;X&amp;gt;1208&amp;lt;/X&amp;gt;&#13;
&amp;lt;NODE_ID&amp;gt;1&amp;lt;/NODE_ID&amp;gt;&#13;
&amp;lt;SCALE&amp;gt;1.0&amp;lt;/SCALE&amp;gt;&#13;
&amp;lt;HEIGHT&amp;gt;63&amp;lt;/HEIGHT&amp;gt;&#13;
&amp;lt;STEP_ID&amp;gt;070&amp;lt;/STEP_ID&amp;gt;&#13;
&amp;lt;WIDTH&amp;gt;64&amp;lt;/WIDTH&amp;gt;&#13;
&amp;lt;/ROW&amp;gt;&#13;
&amp;lt;ROW&amp;gt;&#13;
&amp;lt;Y&amp;gt;251&amp;lt;/Y&amp;gt;&#13;
&amp;lt;X&amp;gt;514&amp;lt;/X&amp;gt;&#13;
&amp;lt;LEFT_PORTS&amp;gt;2&amp;lt;/LEFT_PORTS&amp;gt;&#13;
&amp;lt;TYPE&amp;gt;com.sap.me.productdefinition.client.vrouter2.node.VOperationNode&amp;lt;/TYPE&amp;gt;&#13;
&amp;lt;NODE_ID&amp;gt;2&amp;lt;/NODE_ID&amp;gt;&#13;
&amp;lt;HEIGHT&amp;gt;51&amp;lt;/HEIGHT&amp;gt;&#13;
&amp;lt;STEP_ID&amp;gt;090&amp;lt;/STEP_ID&amp;gt;&#13;
&amp;lt;WIDTH&amp;gt;60&amp;lt;/WIDTH&amp;gt;&#13;
&amp;lt;/ROW&amp;gt;&#13;
&amp;lt;ROW&amp;gt;&#13;
&amp;lt;Y&amp;gt;232&amp;lt;/Y&amp;gt;&#13;
&amp;lt;X&amp;gt;178&amp;lt;/X&amp;gt;&#13;
&amp;lt;TYPE&amp;gt;com.sap.me.productdefinition.client.vrouter2.node.VOperationNode&amp;lt;/TYPE&amp;gt;&#13;
&amp;lt;RIGHT_PORTS&amp;gt;2&amp;lt;/RIGHT_PORTS&amp;gt;&#13;
&amp;lt;NODE_ID&amp;gt;3&amp;lt;/NODE_ID&amp;gt;&#13;
&amp;lt;HEIGHT&amp;gt;51&amp;lt;/HEIGHT&amp;gt;&#13;
&amp;lt;STEP_ID&amp;gt;020&amp;lt;/STEP_ID&amp;gt;&#13;
&amp;lt;WIDTH&amp;gt;60&amp;lt;/WIDTH&amp;gt;&#13;
&amp;lt;/ROW&amp;gt;&#13;
&amp;lt;ROW&amp;gt;&#13;
&amp;lt;Y&amp;gt;233&amp;lt;/Y&amp;gt;&#13;
&amp;lt;X&amp;gt;-33&amp;lt;/X&amp;gt;&#13;
&amp;lt;TYPE&amp;gt;com.sap.me.productdefinition.client.vrouter2.node.VOperationNode&amp;lt;/TYPE&amp;gt;&#13;
&amp;lt;HEIGHT&amp;gt;51&amp;lt;/HEIGHT&amp;gt;&#13;
&amp;lt;NODE_ID&amp;gt;4&amp;lt;/NODE_ID&amp;gt;&#13;
&amp;lt;WIDTH&amp;gt;60&amp;lt;/WIDTH&amp;gt;&#13;
&amp;lt;STEP_ID&amp;gt;010&amp;lt;/STEP_ID&amp;gt;&#13;
&amp;lt;/ROW&amp;gt;&#13;
&amp;lt;ROW&amp;gt;&#13;
&amp;lt;Y&amp;gt;250&amp;lt;/Y&amp;gt;&#13;
&amp;lt;X&amp;gt;757&amp;lt;/X&amp;gt;&#13;
&amp;lt;TYPE&amp;gt;com.sap.me.productdefinition.client.vrouter2.node.VOperationNode&amp;lt;/TYPE&amp;gt;&#13;
&amp;lt;HEIGHT&amp;gt;51&amp;lt;/HEIGHT&amp;gt;&#13;
&amp;lt;NODE_ID&amp;gt;5&amp;lt;/NODE_ID&amp;gt;&#13;
&amp;lt;WIDTH&amp;gt;60&amp;lt;/WIDTH&amp;gt;&#13;
&amp;lt;STEP_ID&amp;gt;100&amp;lt;/STEP_ID&amp;gt;&#13;
&amp;lt;/ROW&amp;gt;&#13;
&amp;lt;ROW&amp;gt;&#13;
&amp;lt;Y&amp;gt;250&amp;lt;/Y&amp;gt;&#13;
&amp;lt;X&amp;gt;957&amp;lt;/X&amp;gt;&#13;
&amp;lt;TYPE&amp;gt;com.sap.me.productdefinition.client.vrouter2.node.VOperationNode&amp;lt;/TYPE&amp;gt;&#13;
&amp;lt;HEIGHT&amp;gt;51&amp;lt;/HEIGHT&amp;gt;&#13;
&amp;lt;NODE_ID&amp;gt;6&amp;lt;/NODE_ID&amp;gt;&#13;
&amp;lt;WIDTH&amp;gt;60&amp;lt;/WIDTH&amp;gt;&#13;
&amp;lt;STEP_ID&amp;gt;110&amp;lt;/STEP_ID&amp;gt;&#13;
&amp;lt;/ROW&amp;gt;&#13;
&amp;lt;ROW&amp;gt;&#13;
&amp;lt;FROM_SIDE&amp;gt;RIGHT&amp;lt;/FROM_SIDE&amp;gt;&#13;
&amp;lt;MID_POINT&amp;gt;0&amp;lt;/MID_POINT&amp;gt;&#13;
&amp;lt;TO_SIDE&amp;gt;LEFT&amp;lt;/TO_SIDE&amp;gt;&#13;
&amp;lt;TYPE&amp;gt;com.sap.me.productdefinition.client.vrouter2.VLink&amp;lt;/TYPE&amp;gt;&#13;
&amp;lt;FROM&amp;gt;2&amp;lt;/FROM&amp;gt;&#13;
&amp;lt;TO&amp;gt;5&amp;lt;/TO&amp;gt;&#13;
&amp;lt;/ROW&amp;gt;&#13;
&amp;lt;ROW&amp;gt;&#13;
&amp;lt;MID_POINT&amp;gt;0&amp;lt;/MID_POINT&amp;gt;&#13;
&amp;lt;FROM_SIDE&amp;gt;RIGHT&amp;lt;/FROM_SIDE&amp;gt;&#13;
&amp;lt;TYPE&amp;gt;com.sap.me.productdefinition.client.vrouter2.VLink&amp;lt;/TYPE&amp;gt;&#13;
&amp;lt;TO_PORT_ID&amp;gt;1&amp;lt;/TO_PORT_ID&amp;gt;&#13;
&amp;lt;FROM_PORT_ID&amp;gt;1&amp;lt;/FROM_PORT_ID&amp;gt;&#13;
&amp;lt;FROM&amp;gt;3&amp;lt;/FROM&amp;gt;&#13;
&amp;lt;TO_SIDE&amp;gt;LEFT&amp;lt;/TO_SIDE&amp;gt;&#13;
&amp;lt;TO&amp;gt;2&amp;lt;/TO&amp;gt;&#13;
&amp;lt;/ROW&amp;gt;&#13;
&amp;lt;ROW&amp;gt;&#13;
&amp;lt;FROM_SIDE&amp;gt;RIGHT&amp;lt;/FROM_SIDE&amp;gt;&#13;
&amp;lt;MID_POINT&amp;gt;0&amp;lt;/MID_POINT&amp;gt;&#13;
&amp;lt;TO_SIDE&amp;gt;LEFT&amp;lt;/TO_SIDE&amp;gt;&#13;
&amp;lt;TYPE&amp;gt;com.sap.me.productdefinition.client.vrouter2.VLink&amp;lt;/TYPE&amp;gt;&#13;
&amp;lt;FROM&amp;gt;4&amp;lt;/FROM&amp;gt;&#13;
&amp;lt;TO&amp;gt;3&amp;lt;/TO&amp;gt;&#13;
&amp;lt;/ROW&amp;gt;&#13;
&amp;lt;ROW&amp;gt;&#13;
&amp;lt;FROM_SIDE&amp;gt;RIGHT&amp;lt;/FROM_SIDE&amp;gt;&#13;
&amp;lt;MID_POINT&amp;gt;0&amp;lt;/MID_POINT&amp;gt;&#13;
&amp;lt;TO_SIDE&amp;gt;LEFT&amp;lt;/TO_SIDE&amp;gt;&#13;
&amp;lt;TYPE&amp;gt;com.sap.me.productdefinition.client.vrouter2.VLink&amp;lt;/TYPE&amp;gt;&#13;
&amp;lt;FROM&amp;gt;5&amp;lt;/FROM&amp;gt;&#13;
&amp;lt;TO&amp;gt;6&amp;lt;/TO&amp;gt;&#13;
&amp;lt;/ROW&amp;gt;&#13;
&amp;lt;ROW&amp;gt;&#13;
&amp;lt;FROM_SIDE&amp;gt;RIGHT&amp;lt;/FROM_SIDE&amp;gt;&#13;
&amp;lt;MID_POINT&amp;gt;0&amp;lt;/MID_POINT&amp;gt;&#13;
&amp;lt;TO_SIDE&amp;gt;LEFT&amp;lt;/TO_SIDE&amp;gt;&#13;
&amp;lt;TYPE&amp;gt;com.sap.me.productdefinition.client.vrouter2.VLink&amp;lt;/TYPE&amp;gt;&#13;
&amp;lt;FROM&amp;gt;6&amp;lt;/FROM&amp;gt;&#13;
&amp;lt;TO&amp;gt;1&amp;lt;/TO&amp;gt;&#13;
&amp;lt;/ROW&amp;gt;&#13;
&amp;lt;/DATA_XML&amp;gt;&lt;/GUI_REPRESENTATION&gt;&lt;/Row&gt;&lt;/Rowset&gt;&lt;/Rowsets&gt;</Results><TagList/></Value><SchemaURI/><SchemaElement/><ValidateXMLOnExecution>1</ValidateXMLOnExecution><ReadOnly>false</ReadOnly><AlertXMLAssigned>false</AlertXMLAssigned></ContextItem><ContextItem><Name>selRoutingStepOperationSQLQry_0</Name><Description/><MinRange>0</MinRange><MaxRange>0</MaxRange><Value xsi:type="IlluminatorSQLQueryObject"><Timeout>60</Timeout><QueryParameters/><QueryStartDate>2019-04-09T15:17:41</QueryStartDate><SQLTransaction/><QueryTemplate>Default/Dashboard/Queries/selRoutingStepOperationSQLQry</QueryTemplate><QueryEndDate>2019-04-09T15:17:41</QueryEndDate><Results><ReferenceDocumentSource/>&lt;?xml version="1.0" encoding="UTF-8"?&gt;&lt;Rowsets CachedTime="" DateCreated="2019-04-10T15:15:57" EndDate="2019-04-10T15:15:57" StartDate="2019-04-10T14:15:57" Version="15.1 SP3 Patch 28 (Jun 8, 2017)"&gt;&lt;Rowset&gt;&lt;Columns&gt;&lt;Column Description="STEP_ID" MaxRange="1" MinRange="0" Name="STEP_ID" SQLDataType="-9" SourceColumn="STEP_ID"/&gt;&lt;Column Description="ROUTER_BO" MaxRange="1" MinRange="0" Name="ROUTER_BO" SQLDataType="-9" SourceColumn="ROUTER_BO"/&gt;&lt;Column Description="OPERATION_BO" MaxRange="1" MinRange="0" Name="OPERATION_BO" SQLDataType="-9" SourceColumn="OPERATION_BO"/&gt;&lt;Column Description="SITE" MaxRange="1" MinRange="0" Name="SITE" SQLDataType="-9" SourceColumn="SITE"/&gt;&lt;/Columns&gt;&lt;Row&gt;&lt;STEP_ID&gt;090&lt;/STEP_ID&gt;&lt;ROUTER_BO&gt;RouterBO:1297,MU_ZO,U,C&lt;/ROUTER_BO&gt;&lt;OPERATION_BO&gt;OperationBO:1297,155_PLACE_CLE_MU,#&lt;/OPERATION_BO&gt;&lt;SITE&gt;1297&lt;/SITE&gt;&lt;/Row&gt;&lt;Row&gt;&lt;STEP_ID&gt;020&lt;/STEP_ID&gt;&lt;ROUTER_BO&gt;RouterBO:1297,MU_ZO,U,C&lt;/ROUTER_BO&gt;&lt;OPERATION_BO&gt;OperationBO:1297,135_DISPENSE_ZO,#&lt;/OPERATION_BO&gt;&lt;SITE&gt;1297&lt;/SITE&gt;&lt;/Row&gt;&lt;Row&gt;&lt;STEP_ID&gt;010&lt;/STEP_ID&gt;&lt;ROUTER_BO&gt;RouterBO:1297,MU_ZO,U,C&lt;/ROUTER_BO&gt;&lt;OPERATION_BO&gt;OperationBO:1297,110_DEION_RFID_MU,#&lt;/OPERATION_BO&gt;&lt;SITE&gt;1297&lt;/SITE&gt;&lt;/Row&gt;&lt;Row&gt;&lt;STEP_ID&gt;100&lt;/STEP_ID&gt;&lt;ROUTER_BO&gt;RouterBO:1297,MU_ZO,U,C&lt;/ROUTER_BO&gt;&lt;OPERATION_BO&gt;OperationBO:1297,160_WELD_LID_MU,#&lt;/OPERATION_BO&gt;&lt;SITE&gt;1297&lt;/SITE&gt;&lt;/Row&gt;&lt;Row&gt;&lt;STEP_ID&gt;110&lt;/STEP_ID&gt;&lt;ROUTER_BO&gt;RouterBO:1297,MU_ZO,U,C&lt;/ROUTER_BO&gt;&lt;OPERATION_BO&gt;OperationBO:1297,170_APPLY_LABELS_MU,#&lt;/OPERATION_BO&gt;&lt;SITE&gt;1297&lt;/SITE&gt;&lt;/Row&gt;&lt;/Rowset&gt;&lt;/Rowsets&gt;</Results><TagList/></Value><SchemaURI/><SchemaElement/><ValidateXMLOnExecution>1</ValidateXMLOnExecution><ReadOnly>false</ReadOnly><AlertXMLAssigned>false</AlertXMLAssigned></ContextItem><ContextItem><Name>String_To_XML_Parser_0</Name><Description/><MinRange>0</MinRange><MaxRange>0</MaxRange><Value xsi:type="StringToXmlConverter"><Input/><TrimWhitespace>false</TrimWhitespace></Value><ReadOnly>false</ReadOnly><AlertXMLAssigned>false</AlertXMLAssigned></ContextItem><ContextItem><Name>FindOperation</Name><Description/><MinRange>0</MinRange><MaxRange>0</MaxRange><Value xsi:type="CalculatedColumns"><Source>selRoutingStepOperationSQLQry_0.Results</Source><Output><ReferenceDocumentSource/>&lt;?xml version="1.0" encoding="UTF-8"?&gt;&lt;Rowsets CachedTime="" DateCreated="2019-04-10T15:15:57" EndDate="2019-04-10T15:15:57" StartDate="2019-04-10T14:15:57" Version="15.1 SP3 Patch 28 (Jun 8, 2017)"&gt;&lt;Rowset&gt;&lt;Columns&gt;&lt;Column Description="STEP_ID" MaxRange="1" MinRange="0" Name="STEP_ID" SQLDataType="-9" SourceColumn="STEP_ID"/&gt;&lt;Column Description="ROUTER_BO" MaxRange="1" MinRange="0" Name="ROUTER_BO" SQLDataType="-9" SourceColumn="ROUTER_BO"/&gt;&lt;Column Description="OPERATION_BO" MaxRange="1" MinRange="0" Name="OPERATION_BO" SQLDataType="-9" SourceColumn="OPERATION_BO"/&gt;&lt;Column Description="SITE" MaxRange="1" MinRange="0" Name="SITE" SQLDataType="-9" SourceColumn="SITE"/&gt;&lt;Column Description="Operation" MaxRange="1" MinRange="0" Name="Operation" SQLDataType="1" SourceColumn="Operation"/&gt;&lt;/Columns&gt;&lt;Row&gt;&lt;STEP_ID&gt;090&lt;/STEP_ID&gt;&lt;ROUTER_BO&gt;RouterBO:1297,MU_ZO,U,C&lt;/ROUTER_BO&gt;&lt;OPERATION_BO&gt;OperationBO:1297,155_PLACE_CLE_MU,#&lt;/OPERATION_BO&gt;&lt;SITE&gt;1297&lt;/SITE&gt;&lt;Operation&gt;NA&lt;/Operation&gt;&lt;/Row&gt;&lt;Row&gt;&lt;STEP_ID&gt;020&lt;/STEP_ID&gt;&lt;ROUTER_BO&gt;RouterBO:1297,MU_ZO,U,C&lt;/ROUTER_BO&gt;&lt;OPERATION_BO&gt;OperationBO:1297,135_DISPENSE_ZO,#&lt;/OPERATION_BO&gt;&lt;SITE&gt;1297&lt;/SITE&gt;&lt;Operation&gt;NA&lt;/Operation&gt;&lt;/Row&gt;&lt;Row&gt;&lt;STEP_ID&gt;010&lt;/STEP_ID&gt;&lt;ROUTER_BO&gt;RouterBO:1297,MU_ZO,U,C&lt;/ROUTER_BO&gt;&lt;OPERATION_BO&gt;OperationBO:1297,110_DEION_RFID_MU,#&lt;/OPERATION_BO&gt;&lt;SITE&gt;1297&lt;/SITE&gt;&lt;Operation&gt;NA&lt;/Operation&gt;&lt;/Row&gt;&lt;Row&gt;&lt;STEP_ID&gt;100&lt;/STEP_ID&gt;&lt;ROUTER_BO&gt;RouterBO:1297,MU_ZO,U,C&lt;/ROUTER_BO&gt;&lt;OPERATION_BO&gt;OperationBO:1297,160_WELD_LID_MU,#&lt;/OPERATION_BO&gt;&lt;SITE&gt;1297&lt;/SITE&gt;&lt;Operation&gt;NA&lt;/Operation&gt;&lt;/Row&gt;&lt;Row&gt;&lt;STEP_ID&gt;110&lt;/STEP_ID&gt;&lt;ROUTER_BO&gt;RouterBO:1297,MU_ZO,U,C&lt;/ROUTER_BO&gt;&lt;OPERATION_BO&gt;OperationBO:1297,170_APPLY_LABELS_MU,#&lt;/OPERATION_BO&gt;&lt;SITE&gt;1297&lt;/SITE&gt;&lt;Operation&gt;NA&lt;/Operation&gt;&lt;/Row&gt;&lt;/Rowset&gt;&lt;/Rowsets&gt;</Output><ColumnSpecifications><ContextItem><Name>Operation</Name><Description>stringreplace(stringreplace(OPERATION_BO, ",#", ""),"OperationBO:"&amp;SITE&amp;",","")</Description><MinRange>0</MinRange><MaxRange>1</MaxRange><Value xsi:type="string">STRING</Value><ReadOnly>false</ReadOnly><AlertXMLAssigned>false</AlertXMLAssigned></ContextItem></ColumnSpecifications></Value><SchemaURI/><SchemaElement/><ValidateXMLOnExecution>1</ValidateXMLOnExecution><ReadOnly>false</ReadOnly><AlertXMLAssigned>false</AlertXMLAssigned></ContextItem><ContextItem><Name>Node</Name><Description/><MinRange>0</MinRange><MaxRange>0</MaxRange><Value xsi:type="IlluminatorDocument"><EndDate>2019-04-09T14:34:21</EndDate><StartDate>2019-04-09T14:34:21</StartDate><Output><ReferenceDocumentSource/>&lt;?xml version="1.0" encoding="UTF-8"?&gt;&lt;Rowsets DateCreated="2019-04-16T13:57:50" EndDate="2019-04-09T14:34:21" StartDate="2019-04-09T14:34:21" Version="15.1 SP3 Patch 28"&gt;&lt;Rowset&gt;&lt;Columns&gt;&lt;Column Description="" MaxRange="1" MinRange="0" Name="NodeID" SQLDataType="4" SourceColumn="NodeID"/&gt;&lt;Column Description="" MaxRange="1" MinRange="0" Name="StepID" SQLDataType="1" SourceColumn="StepID"/&gt;&lt;/Columns&gt;&lt;Row&gt;&lt;NodeID&gt;123&lt;/NodeID&gt;&lt;StepID&gt;STRING&lt;/StepID&gt;&lt;/Row&gt;&lt;/Rowset&gt;&lt;/Rowsets&gt;</Output><ColumnSpecifications><ContextItem><Name>NodeID</Name><Description/><MinRange>0</MinRange><MaxRange>1</MaxRange><Value xsi:type="integer">123</Value><ReadOnly>false</ReadOnly><AlertXMLAssigned>false</AlertXMLAssigned></ContextItem><ContextItem><Name>StepID</Name><Description/><MinRange>0</MinRange><MaxRange>1</MaxRange><Value xsi:type="string">STRING</Value><ReadOnly>false</ReadOnly><AlertXMLAssigned>false</AlertXMLAssigned></ContextItem></ColumnSpecifications></Value><SchemaURI/><SchemaElement/><ValidateXMLOnExecution>1</ValidateXMLOnExecution><ReadOnly>false</ReadOnly><AlertXMLAssigned>false</AlertXMLAssigned></ContextItem><ContextItem><Name>direction</Name><Description/><MinRange>0</MinRange><MaxRange>0</MaxRange><Value xsi:type="IlluminatorDocument"><EndDate>2019-04-09T14:34:21</EndDate><StartDate>2019-04-09T14:34:21</StartDate><Output><ReferenceDocumentSource/>&lt;?xml version="1.0" encoding="UTF-8"?&gt;&lt;Rowsets DateCreated="2019-04-10T10:29:52" EndDate="2019-04-09T14:34:21" StartDate="2019-04-09T14:34:21" Version="15.1 SP3 Patch 28"&gt;&lt;Rowset&gt;&lt;Columns&gt;&lt;Column Description="" MaxRange="1" MinRange="0" Name="ParentNode" SQLDataType="4" SourceColumn="ParentNode"/&gt;&lt;Column Description="" MaxRange="1" MinRange="0" Name="Child" SQLDataType="4" SourceColumn="Child"/&gt;&lt;/Columns&gt;&lt;Row&gt;&lt;ParentNode&gt;123&lt;/ParentNode&gt;&lt;Child&gt;123&lt;/Child&gt;&lt;/Row&gt;&lt;/Rowset&gt;&lt;/Rowsets&gt;</Output><ColumnSpecifications><ContextItem><Name>ParentNode</Name><Description/><MinRange>0</MinRange><MaxRange>1</MaxRange><Value xsi:type="integer">123</Value><ReadOnly>false</ReadOnly><AlertXMLAssigned>false</AlertXMLAssigned></ContextItem><ContextItem><Name>Child</Name><Description/><MinRange>0</MinRange><MaxRange>1</MaxRange><Value xsi:type="integer">123</Value><ReadOnly>false</ReadOnly><AlertXMLAssigned>false</AlertXMLAssigned></ContextItem></ColumnSpecifications></Value><SchemaURI/><SchemaElement/><ValidateXMLOnExecution>1</ValidateXMLOnExecution><ReadOnly>false</ReadOnly><AlertXMLAssigned>false</AlertXMLAssigned></ContextItem><ContextItem><Name>Repeater_0</Name><Description/><MinRange>0</MinRange><MaxRange>0</MaxRange><Value xsi:type="RepeaterAction"><Output><ReferenceDocumentSource/>&lt;?xml version="1.0" encoding="UTF-8"?&gt;&lt;ROW&gt;&#13;
&lt;Y&gt;261&lt;/Y&gt;&#13;
&lt;DATA_VERSION&gt;300&lt;/DATA_VERSION&gt;&#13;
&lt;TYPE&gt;com.sap.me.productdefinition.client.vrouter2.node.VDoneNode&lt;/TYPE&gt;&#13;
&lt;X&gt;1208&lt;/X&gt;&#13;
&lt;NODE_ID&gt;1&lt;/NODE_ID&gt;&#13;
&lt;SCALE&gt;1.0&lt;/SCALE&gt;&#13;
&lt;HEIGHT&gt;63&lt;/HEIGHT&gt;&#13;
&lt;STEP_ID&gt;070&lt;/STEP_ID&gt;&#13;
&lt;WIDTH&gt;64&lt;/WIDTH&gt;&#13;
&lt;/ROW&gt;</Output><Break>false</Break><ItemCount>0</ItemCount><CurrentItem>0</CurrentItem><Source>Local.RoutingXML{/DATA_XML/ROW}</Source><Item><ReferenceDocumentSource/>&lt;?xml version="1.0" encoding="UTF-8"?&gt;&lt;ROW&gt;&#13;
&lt;Y&gt;261&lt;/Y&gt;&#13;
&lt;DATA_VERSION&gt;300&lt;/DATA_VERSION&gt;&#13;
&lt;TYPE&gt;com.sap.me.productdefinition.client.vrouter2.node.VDoneNode&lt;/TYPE&gt;&#13;
&lt;X&gt;1208&lt;/X&gt;&#13;
&lt;NODE_ID&gt;1&lt;/NODE_ID&gt;&#13;
&lt;SCALE&gt;1.0&lt;/SCALE&gt;&#13;
&lt;HEIGHT&gt;63&lt;/HEIGHT&gt;&#13;
&lt;STEP_ID&gt;070&lt;/STEP_ID&gt;&#13;
&lt;WIDTH&gt;64&lt;/WIDTH&gt;&#13;
&lt;/ROW&gt;</Item></Value><SchemaURI/><SchemaElement/><ValidateXMLOnExecution>1</ValidateXMLOnExecution><SchemaURI/><SchemaElement/><ValidateXMLOnExecution>1</ValidateXMLOnExecution><ReadOnly>false</ReadOnly><AlertXMLAssigned>false</AlertXMLAssigned></ContextItem><ContextItem><Name>Conditional_0</Name><Description/><MinRange>0</MinRange><MaxRange>0</MaxRange><Value xsi:type="ConditionalAction"><Output>false</Output><InputCount>1</InputCount><LogicalAnd>false</LogicalAnd><Input1>false</Input1></Value><ReadOnly>false</ReadOnly><AlertXMLAssigned>false</AlertXMLAssigned></ContextItem><ContextItem><Name>nodeRow</Name><Description/><MinRange>0</MinRange><MaxRange>0</MaxRange><Value xsi:type="IlluminatorRow"><IlluminatorDocument>Node.Output</IlluminatorDocument></Value><ReadOnly>false</ReadOnly><AlertXMLAssigned>false</AlertXMLAssigned></ContextItem><ContextItem><Name>directionRow</Name><Description/><MinRange>0</MinRange><MaxRange>0</MaxRange><Value xsi:type="IlluminatorRow"><IlluminatorDocument>direction.Output</IlluminatorDocument></Value><ReadOnly>false</ReadOnly><AlertXMLAssigned>false</AlertXMLAssigned></ContextItem><ContextItem><Name>JoinOperationNode</Name><Description/><MinRange>0</MinRange><MaxRange>0</MaxRange><Value xsi:type="Joiner"><ParentSource>Node.Output</ParentSource><ChildSource>FindOperation.Output</ChildSource><JoinType>FULLOUTER</JoinType><ParentColumn1>StepID</ParentColumn1><ChildColumn1>STEP_ID</ChildColumn1><ParentColumn2/><ChildColumn2/><ParentColumn3/><ChildColumn3/><ParentColumn4/><ChildColumn4/><NullDateValue>TimeUnavailable</NullDateValue><NullStringValue>---</NullStringValue><NullNumberValue>NA</NullNumberValue><Output><ReferenceDocumentSource/>&lt;?xml version="1.0" encoding="UTF-8"?&gt;&lt;Rowsets DateCreated="2019-04-09T14:47:02" EndDate="2019-04-09T14:34:21" StartDate="2019-04-09T14:34:21" Version="15.1 SP3 Patch 28"&gt;&lt;Rowset&gt;&lt;Columns&gt;&lt;Column Description="" MaxRange="1" MinRange="0" Name="NodeID" SQLDataType="4" SourceColumn="NodeID"/&gt;&lt;Column Description="" MaxRange="1" MinRange="0" Name="StepID" SQLDataType="1" SourceColumn="StepID"/&gt;&lt;Column Description="STEP_ID" MaxRange="1" MinRange="0" Name="STEP_ID" SQLDataType="-9" SourceColumn="STEP_ID"/&gt;&lt;Column Description="ROUTER_BO" MaxRange="1" MinRange="0" Name="ROUTER_BO" SQLDataType="-9" SourceColumn="ROUTER_BO"/&gt;&lt;Column Description="OPERATION_BO" MaxRange="1" MinRange="0" Name="OPERATION_BO" SQLDataType="-9" SourceColumn="OPERATION_BO"/&gt;&lt;Column Description="SITE" MaxRange="1" MinRange="0" Name="SITE" SQLDataType="-9" SourceColumn="SITE"/&gt;&lt;Column Description="Operation" MaxRange="1" MinRange="0" Name="Operation" SQLDataType="1" SourceColumn="Operation"/&gt;&lt;/Columns&gt;&lt;Row&gt;&lt;NodeID&gt;123&lt;/NodeID&gt;&lt;StepID&gt;STRING&lt;/StepID&gt;&lt;STEP_ID&gt;---&lt;/STEP_ID&gt;&lt;ROUTER_BO&gt;---&lt;/ROUTER_BO&gt;&lt;OPERATION_BO&gt;---&lt;/OPERATION_BO&gt;&lt;SITE&gt;---&lt;/SITE&gt;&lt;Operation&gt;---&lt;/Operation&gt;&lt;/Row&gt;&lt;Row&gt;&lt;NodeID&gt;NA&lt;/NodeID&gt;&lt;StepID&gt;---&lt;/StepID&gt;&lt;STEP_ID&gt;090&lt;/STEP_ID&gt;&lt;ROUTER_BO&gt;RouterBO:1297,MU_ZO,U,C&lt;/ROUTER_BO&gt;&lt;OPERATION_BO&gt;OperationBO:1297,155_PLACE_CLE_MU,#&lt;/OPERATION_BO&gt;&lt;SITE&gt;1297&lt;/SITE&gt;&lt;Operation&gt;NA&lt;/Operation&gt;&lt;/Row&gt;&lt;Row&gt;&lt;NodeID&gt;NA&lt;/NodeID&gt;&lt;StepID&gt;---&lt;/StepID&gt;&lt;STEP_ID&gt;020&lt;/STEP_ID&gt;&lt;ROUTER_BO&gt;RouterBO:1297,MU_ZO,U,C&lt;/ROUTER_BO&gt;&lt;OPERATION_BO&gt;OperationBO:1297,135_DISPENSE_ZO,#&lt;/OPERATION_BO&gt;&lt;SITE&gt;1297&lt;/SITE&gt;&lt;Operation&gt;NA&lt;/Operation&gt;&lt;/Row&gt;&lt;Row&gt;&lt;NodeID&gt;NA&lt;/NodeID&gt;&lt;StepID&gt;---&lt;/StepID&gt;&lt;STEP_ID&gt;010&lt;/STEP_ID&gt;&lt;ROUTER_BO&gt;RouterBO:1297,MU_ZO,U,C&lt;/ROUTER_BO&gt;&lt;OPERATION_BO&gt;OperationBO:1297,110_DEION_RFID_MU,#&lt;/OPERATION_BO&gt;&lt;SITE&gt;1297&lt;/SITE&gt;&lt;Operation&gt;NA&lt;/Operation&gt;&lt;/Row&gt;&lt;Row&gt;&lt;NodeID&gt;NA&lt;/NodeID&gt;&lt;StepID&gt;---&lt;/StepID&gt;&lt;STEP_ID&gt;100&lt;/STEP_ID&gt;&lt;ROUTER_BO&gt;RouterBO:1297,MU_ZO,U,C&lt;/ROUTER_BO&gt;&lt;OPERATION_BO&gt;OperationBO:1297,160_WELD_LID_MU,#&lt;/OPERATION_BO&gt;&lt;SITE&gt;1297&lt;/SITE&gt;&lt;Operation&gt;NA&lt;/Operation&gt;&lt;/Row&gt;&lt;Row&gt;&lt;NodeID&gt;NA&lt;/NodeID&gt;&lt;StepID&gt;---&lt;/StepID&gt;&lt;STEP_ID&gt;110&lt;/STEP_ID&gt;&lt;ROUTER_BO&gt;RouterBO:1297,MU_ZO,U,C&lt;/ROUTER_BO&gt;&lt;OPERATION_BO&gt;OperationBO:1297,170_APPLY_LABELS_MU,#&lt;/OPERATION_BO&gt;&lt;SITE&gt;1297&lt;/SITE&gt;&lt;Operation&gt;NA&lt;/Operation&gt;&lt;/Row&gt;&lt;/Rowset&gt;&lt;/Rowsets&gt;</Output></Value><SchemaURI/><SchemaElement/><ValidateXMLOnExecution>1</ValidateXMLOnExecution><ReadOnly>false</ReadOnly><AlertXMLAssigned>false</AlertXMLAssigned></ContextItem><ContextItem><Name>JoinChildren</Name><Description/><MinRange>0</MinRange><MaxRange>0</MaxRange><Value xsi:type="Joiner"><ParentSource>JoinOperationNode.Output</ParentSource><ChildSource>direction.Output</ChildSource><JoinType>OUTER</JoinType><ParentColumn1>NodeID</ParentColumn1><ChildColumn1>ParentNode</ChildColumn1><ParentColumn2/><ChildColumn2/><ParentColumn3/><ChildColumn3/><ParentColumn4/><ChildColumn4/><NullDateValue>TimeUnavailable</NullDateValue><NullStringValue>---</NullStringValue><NullNumberValue>NA</NullNumberValue><Output><ReferenceDocumentSource/>&lt;?xml version="1.0" encoding="UTF-8"?&gt;&lt;Rowsets DateCreated="2019-04-09T14:47:02" EndDate="2019-04-09T14:34:21" StartDate="2019-04-09T14:34:21" Version="15.1 SP3 Patch 28"&gt;&lt;Rowset&gt;&lt;Columns&gt;&lt;Column Description="" MaxRange="1" MinRange="0" Name="NodeID" SQLDataType="4" SourceColumn="NodeID"/&gt;&lt;Column Description="" MaxRange="1" MinRange="0" Name="StepID" SQLDataType="1" SourceColumn="StepID"/&gt;&lt;Column Description="STEP_ID" MaxRange="1" MinRange="0" Name="STEP_ID" SQLDataType="-9" SourceColumn="STEP_ID"/&gt;&lt;Column Description="ROUTER_BO" MaxRange="1" MinRange="0" Name="ROUTER_BO" SQLDataType="-9" SourceColumn="ROUTER_BO"/&gt;&lt;Column Description="OPERATION_BO" MaxRange="1" MinRange="0" Name="OPERATION_BO" SQLDataType="-9" SourceColumn="OPERATION_BO"/&gt;&lt;Column Description="SITE" MaxRange="1" MinRange="0" Name="SITE" SQLDataType="-9" SourceColumn="SITE"/&gt;&lt;Column Description="Operation" MaxRange="1" MinRange="0" Name="Operation" SQLDataType="1" SourceColumn="Operation"/&gt;&lt;Column Description="" MaxRange="1" MinRange="0" Name="ParentNode" SQLDataType="4" SourceColumn="ParentNode"/&gt;&lt;Column Description="" MaxRange="1" MinRange="0" Name="Child" SQLDataType="4" SourceColumn="Child"/&gt;&lt;/Columns&gt;&lt;Row&gt;&lt;NodeID&gt;123&lt;/NodeID&gt;&lt;StepID&gt;STRING&lt;/StepID&gt;&lt;STEP_ID&gt;---&lt;/STEP_ID&gt;&lt;ROUTER_BO&gt;---&lt;/ROUTER_BO&gt;&lt;OPERATION_BO&gt;---&lt;/OPERATION_BO&gt;&lt;SITE&gt;---&lt;/SITE&gt;&lt;Operation&gt;---&lt;/Operation&gt;&lt;ParentNode&gt;123&lt;/ParentNode&gt;&lt;Child&gt;123&lt;/Child&gt;&lt;/Row&gt;&lt;Row&gt;&lt;NodeID&gt;NA&lt;/NodeID&gt;&lt;StepID&gt;---&lt;/StepID&gt;&lt;STEP_ID&gt;090&lt;/STEP_ID&gt;&lt;ROUTER_BO&gt;RouterBO:1297,MU_ZO,U,C&lt;/ROUTER_BO&gt;&lt;OPERATION_BO&gt;OperationBO:1297,155_PLACE_CLE_MU,#&lt;/OPERATION_BO&gt;&lt;SITE&gt;1297&lt;/SITE&gt;&lt;Operation&gt;NA&lt;/Operation&gt;&lt;ParentNode&gt;NA&lt;/ParentNode&gt;&lt;Child&gt;NA&lt;/Child&gt;&lt;/Row&gt;&lt;Row&gt;&lt;NodeID&gt;NA&lt;/NodeID&gt;&lt;StepID&gt;---&lt;/StepID&gt;&lt;STEP_ID&gt;020&lt;/STEP_ID&gt;&lt;ROUTER_BO&gt;RouterBO:1297,MU_ZO,U,C&lt;/ROUTER_BO&gt;&lt;OPERATION_BO&gt;OperationBO:1297,135_DISPENSE_ZO,#&lt;/OPERATION_BO&gt;&lt;SITE&gt;1297&lt;/SITE&gt;&lt;Operation&gt;NA&lt;/Operation&gt;&lt;ParentNode&gt;NA&lt;/ParentNode&gt;&lt;Child&gt;NA&lt;/Child&gt;&lt;/Row&gt;&lt;Row&gt;&lt;NodeID&gt;NA&lt;/NodeID&gt;&lt;StepID&gt;---&lt;/StepID&gt;&lt;STEP_ID&gt;010&lt;/STEP_ID&gt;&lt;ROUTER_BO&gt;RouterBO:1297,MU_ZO,U,C&lt;/ROUTER_BO&gt;&lt;OPERATION_BO&gt;OperationBO:1297,110_DEION_RFID_MU,#&lt;/OPERATION_BO&gt;&lt;SITE&gt;1297&lt;/SITE&gt;&lt;Operation&gt;NA&lt;/Operation&gt;&lt;ParentNode&gt;NA&lt;/ParentNode&gt;&lt;Child&gt;NA&lt;/Child&gt;&lt;/Row&gt;&lt;Row&gt;&lt;NodeID&gt;NA&lt;/NodeID&gt;&lt;StepID&gt;---&lt;/StepID&gt;&lt;STEP_ID&gt;100&lt;/STEP_ID&gt;&lt;ROUTER_BO&gt;RouterBO:1297,MU_ZO,U,C&lt;/ROUTER_BO&gt;&lt;OPERATION_BO&gt;OperationBO:1297,160_WELD_LID_MU,#&lt;/OPERATION_BO&gt;&lt;SITE&gt;1297&lt;/SITE&gt;&lt;Operation&gt;NA&lt;/Operation&gt;&lt;ParentNode&gt;NA&lt;/ParentNode&gt;&lt;Child&gt;NA&lt;/Child&gt;&lt;/Row&gt;&lt;Row&gt;&lt;NodeID&gt;NA&lt;/NodeID&gt;&lt;StepID&gt;---&lt;/StepID&gt;&lt;STEP_ID&gt;110&lt;/STEP_ID&gt;&lt;ROUTER_BO&gt;RouterBO:1297,MU_ZO,U,C&lt;/ROUTER_BO&gt;&lt;OPERATION_BO&gt;OperationBO:1297,170_APPLY_LABELS_MU,#&lt;/OPERATION_BO&gt;&lt;SITE&gt;1297&lt;/SITE&gt;&lt;Operation&gt;NA&lt;/Operation&gt;&lt;ParentNode&gt;NA&lt;/ParentNode&gt;&lt;Child&gt;NA&lt;/Child&gt;&lt;/Row&gt;&lt;/Rowset&gt;&lt;/Rowsets&gt;</Output></Value><SchemaURI/><SchemaElement/><ValidateXMLOnExecution>1</ValidateXMLOnExecution><ReadOnly>false</ReadOnly><AlertXMLAssigned>false</AlertXMLAssigned></ContextItem><ContextItem><Name>NodeOP</Name><Description/><MinRange>0</MinRange><MaxRange>0</MaxRange><Value xsi:type="IlluminatorDocument"><EndDate>2019-04-09T15:33:15</EndDate><StartDate>2019-04-09T15:33:15</StartDate><Output><ReferenceDocumentSource/>&lt;?xml version="1.0" encoding="UTF-8"?&gt;&lt;Rowsets DateCreated="2019-04-10T15:56:45" EndDate="2019-04-09T15:33:15" StartDate="2019-04-09T15:33:15" Version="15.1 SP3 Patch 28"&gt;&lt;Rowset&gt;&lt;Columns&gt;&lt;Column Description="" MaxRange="1" MinRange="0" Name="id" SQLDataType="4" SourceColumn="id"/&gt;&lt;Column Description="" MaxRange="1" MinRange="0" Name="lane" SQLDataType="1" SourceColumn="lane"/&gt;&lt;Column Description="" MaxRange="1" MinRange="0" Name="title" SQLDataType="1" SourceColumn="title"/&gt;&lt;Column Description="" MaxRange="1" MinRange="0" Name="titleAbbreviation" SQLDataType="1" SourceColumn="titleAbbreviation"/&gt;&lt;Column Description="" MaxRange="1" MinRange="0" Name="children" SQLDataType="1" SourceColumn="children"/&gt;&lt;Column Description="" MaxRange="1" MinRange="0" Name="highlighted" SQLDataType="1" SourceColumn="highlighted"/&gt;&lt;Column Description="" MaxRange="1" MinRange="0" Name="state" SQLDataType="1" SourceColumn="state"/&gt;&lt;Column Description="" MaxRange="1" MinRange="0" Name="stateText" SQLDataType="1" SourceColumn="stateText"/&gt;&lt;Column Description="" MaxRange="1" MinRange="0" Name="focused" SQLDataType="1" SourceColumn="focused"/&gt;&lt;Column Description="" MaxRange="1" MinRange="0" Name="texts" SQLDataType="1" SourceColumn="texts"/&gt;&lt;Column Description="" MaxRange="1" MinRange="0" Name="quality" SQLDataType="1" SourceColumn="quality"/&gt;&lt;Column Description="" MaxRange="1" MinRange="0" Name="hold" SQLDataType="1" SourceColumn="hold"/&gt;&lt;Column Description="" MaxRange="1" MinRange="0" Name="noorder" SQLDataType="1" SourceColumn="noorder"/&gt;&lt;Column Description="" MaxRange="1" MinRange="0" Name="nowork" SQLDataType="1" SourceColumn="nowork"/&gt;&lt;Column Description="" MaxRange="1" MinRange="0" Name="inwork" SQLDataType="1" SourceColumn="inwork"/&gt;&lt;Column Description="" MaxRange="1" MinRange="0" Name="NodeID" SQLDataType="1" SourceColumn="NodeID"/&gt;&lt;/Columns&gt;&lt;Row&gt;&lt;id&gt;123&lt;/id&gt;&lt;lane&gt;STRING&lt;/lane&gt;&lt;title&gt;STRING&lt;/title&gt;&lt;titleAbbreviation&gt;STRING&lt;/titleAbbreviation&gt;&lt;children&gt;STRING&lt;/children&gt;&lt;highlighted&gt;STRING&lt;/highlighted&gt;&lt;state&gt;STRING&lt;/state&gt;&lt;stateText&gt;STRING&lt;/stateText&gt;&lt;focused&gt;STRING&lt;/focused&gt;&lt;texts&gt;STRING&lt;/texts&gt;&lt;quality&gt;STRING&lt;/quality&gt;&lt;hold&gt;STRING&lt;/hold&gt;&lt;noorder&gt;STRING&lt;/noorder&gt;&lt;nowork&gt;STRING&lt;/nowork&gt;&lt;inwork&gt;STRING&lt;/inwork&gt;&lt;NodeID&gt;STRING&lt;/NodeID&gt;&lt;/Row&gt;&lt;/Rowset&gt;&lt;/Rowsets&gt;</Output><ColumnSpecifications><ContextItem><Name>id</Name><Description/><MinRange>0</MinRange><MaxRange>1</MaxRange><Value xsi:type="integer">123</Value><ReadOnly>false</ReadOnly><AlertXMLAssigned>false</AlertXMLAssigned></ContextItem><ContextItem><Name>lane</Name><Description/><MinRange>0</MinRange><MaxRange>1</MaxRange><Value xsi:type="string">STRING</Value><ReadOnly>false</ReadOnly><AlertXMLAssigned>false</AlertXMLAssigned></ContextItem><ContextItem><Name>title</Name><Description/><MinRange>0</MinRange><MaxRange>1</MaxRange><Value xsi:type="string">STRING</Value><ReadOnly>false</ReadOnly><AlertXMLAssigned>false</AlertXMLAssigned></ContextItem><ContextItem><Name>titleAbbreviation</Name><Description/><MinRange>0</MinRange><MaxRange>1</MaxRange><Value xsi:type="string">STRING</Value><ReadOnly>false</ReadOnly><AlertXMLAssigned>false</AlertXMLAssigned></ContextItem><ContextItem><Name>children</Name><Description/><MinRange>0</MinRange><MaxRange>1</MaxRange><Value xsi:type="string">STRING</Value><ReadOnly>false</ReadOnly><AlertXMLAssigned>false</AlertXMLAssigned></ContextItem><ContextItem><Name>highlighted</Name><Description/><MinRange>0</MinRange><MaxRange>1</MaxRange><Value xsi:type="string">STRING</Value><ReadOnly>false</ReadOnly><AlertXMLAssigned>false</AlertXMLAssigned></ContextItem><ContextItem><Name>state</Name><Description/><MinRange>0</MinRange><MaxRange>1</MaxRange><Value xsi:type="string">STRING</Value><ReadOnly>false</ReadOnly><AlertXMLAssigned>false</AlertXMLAssigned></ContextItem><ContextItem><Name>stateText</Name><Description/><MinRange>0</MinRange><MaxRange>1</MaxRange><Value xsi:type="string">STRING</Value><ReadOnly>false</ReadOnly><AlertXMLAssigned>false</AlertXMLAssigned></ContextItem><ContextItem><Name>focused</Name><Description/><MinRange>0</MinRange><MaxRange>1</MaxRange><Value xsi:type="string">STRING</Value><ReadOnly>false</ReadOnly><AlertXMLAssigned>false</AlertXMLAssigned></ContextItem><ContextItem><Name>texts</Name><Description/><MinRange>0</MinRange><MaxRange>1</MaxRange><Value xsi:type="string">STRING</Value><ReadOnly>false</ReadOnly><AlertXMLAssigned>false</AlertXMLAssigned></ContextItem><ContextItem><Name>quality</Name><Description/><MinRange>0</MinRange><MaxRange>1</MaxRange><Value xsi:type="string">STRING</Value><ReadOnly>false</ReadOnly><AlertXMLAssigned>false</AlertXMLAssigned></ContextItem><ContextItem><Name>hold</Name><Description/><MinRange>0</MinRange><MaxRange>1</MaxRange><Value xsi:type="string">STRING</Value><ReadOnly>false</ReadOnly><AlertXMLAssigned>false</AlertXMLAssigned></ContextItem><ContextItem><Name>noorder</Name><Description/><MinRange>0</MinRange><MaxRange>1</MaxRange><Value xsi:type="string">STRING</Value><ReadOnly>false</ReadOnly><AlertXMLAssigned>false</AlertXMLAssigned></ContextItem><ContextItem><Name>nowork</Name><Description/><MinRange>0</MinRange><MaxRange>1</MaxRange><Value xsi:type="string">STRING</Value><ReadOnly>false</ReadOnly><AlertXMLAssigned>false</AlertXMLAssigned></ContextItem><ContextItem><Name>inwork</Name><Description/><MinRange>0</MinRange><MaxRange>1</MaxRange><Value xsi:type="string">STRING</Value><ReadOnly>false</ReadOnly><AlertXMLAssigned>false</AlertXMLAssigned></ContextItem><ContextItem><Name>NodeID</Name><Description/><MinRange>0</MinRange><MaxRange>1</MaxRange><Value xsi:type="string">STRING</Value><ReadOnly>false</ReadOnly><AlertXMLAssigned>false</AlertXMLAssigned></ContextItem></ColumnSpecifications></Value><SchemaURI/><SchemaElement/><ValidateXMLOnExecution>1</ValidateXMLOnExecution><ReadOnly>false</ReadOnly><AlertXMLAssigned>false</AlertXMLAssigned></ContextItem><ContextItem><Name>LaneOp</Name><Description/><MinRange>0</MinRange><MaxRange>0</MaxRange><Value xsi:type="IlluminatorDocument"><EndDate>2019-04-09T15:37:24</EndDate><StartDate>2019-04-09T15:37:24</StartDate><Output><ReferenceDocumentSource/>&lt;?xml version="1.0" encoding="UTF-8"?&gt;&lt;Rowsets DateCreated="2019-04-10T13:12:43" EndDate="2019-04-09T15:37:24" StartDate="2019-04-09T15:37:24" Version="15.1 SP3 Patch 28"&gt;&lt;Rowset&gt;&lt;Columns&gt;&lt;Column Description="" MaxRange="1" MinRange="0" Name="id" SQLDataType="1" SourceColumn="id"/&gt;&lt;Column Description="" MaxRange="1" MinRange="0" Name="icon" SQLDataType="1" SourceColumn="icon"/&gt;&lt;Column Description="" MaxRange="1" MinRange="0" Name="label" SQLDataType="1" SourceColumn="label"/&gt;&lt;Column Description="" MaxRange="1" MinRange="0" Name="position" SQLDataType="4" SourceColumn="position"/&gt;&lt;/Columns&gt;&lt;Row&gt;&lt;id&gt;STRING&lt;/id&gt;&lt;icon&gt;STRING&lt;/icon&gt;&lt;label&gt;STRING&lt;/label&gt;&lt;position&gt;123&lt;/position&gt;&lt;/Row&gt;&lt;/Rowset&gt;&lt;/Rowsets&gt;</Output><ColumnSpecifications><ContextItem><Name>id</Name><Description/><MinRange>0</MinRange><MaxRange>1</MaxRange><Value xsi:type="string">STRING</Value><ReadOnly>false</ReadOnly><AlertXMLAssigned>false</AlertXMLAssigned></ContextItem><ContextItem><Name>icon</Name><Description/><MinRange>0</MinRange><MaxRange>1</MaxRange><Value xsi:type="string">STRING</Value><ReadOnly>false</ReadOnly><AlertXMLAssigned>false</AlertXMLAssigned></ContextItem><ContextItem><Name>label</Name><Description/><MinRange>0</MinRange><MaxRange>1</MaxRange><Value xsi:type="string">STRING</Value><ReadOnly>false</ReadOnly><AlertXMLAssigned>false</AlertXMLAssigned></ContextItem><ContextItem><Name>position</Name><Description/><MinRange>0</MinRange><MaxRange>1</MaxRange><Value xsi:type="integer">123</Value><ReadOnly>false</ReadOnly><AlertXMLAssigned>false</AlertXMLAssigned></ContextItem></ColumnSpecifications></Value><SchemaURI/><SchemaElement/><ValidateXMLOnExecution>1</ValidateXMLOnExecution><ReadOnly>false</ReadOnly><AlertXMLAssigned>false</AlertXMLAssigned></ContextItem><ContextItem><Name>LaneOPRow</Name><Description/><MinRange>0</MinRange><MaxRange>0</MaxRange><Value xsi:type="IlluminatorRow"><IlluminatorDocument>LaneOp.Output</IlluminatorDocument></Value><ReadOnly>false</ReadOnly><AlertXMLAssigned>false</AlertXMLAssigned></ContextItem><ContextItem><Name>repeatOnJoinChildren</Name><Description/><MinRange>0</MinRange><MaxRange>0</MaxRange><Value xsi:type="RepeaterAction"><Output><ReferenceDocumentSource/>&lt;?xml version="1.0" encoding="UTF-8"?&gt;&lt;Row&gt;&lt;NodeID&gt;123&lt;/NodeID&gt;&lt;StepID&gt;STRING&lt;/StepID&gt;&lt;STEP_ID&gt;---&lt;/STEP_ID&gt;&lt;ROUTER_BO&gt;---&lt;/ROUTER_BO&gt;&lt;OPERATION_BO&gt;---&lt;/OPERATION_BO&gt;&lt;SITE&gt;---&lt;/SITE&gt;&lt;Operation&gt;---&lt;/Operation&gt;&lt;ParentNode&gt;123&lt;/ParentNode&gt;&lt;Child&gt;123&lt;/Child&gt;&lt;/Row&gt;</Output><Break>false</Break><ItemCount>0</ItemCount><CurrentItem>0</CurrentItem><Source>JoinChildren.Output{/Rowsets/Rowset/Row}</Source><Item><ReferenceDocumentSource/>&lt;?xml version="1.0" encoding="UTF-8"?&gt;&lt;Row&gt;&lt;NodeID&gt;123&lt;/NodeID&gt;&lt;StepID&gt;STRING&lt;/StepID&gt;&lt;STEP_ID&gt;---&lt;/STEP_ID&gt;&lt;ROUTER_BO&gt;---&lt;/ROUTER_BO&gt;&lt;OPERATION_BO&gt;---&lt;/OPERATION_BO&gt;&lt;SITE&gt;---&lt;/SITE&gt;&lt;Operation&gt;---&lt;/Operation&gt;&lt;ParentNode&gt;123&lt;/ParentNode&gt;&lt;Child&gt;123&lt;/Child&gt;&lt;/Row&gt;</Item></Value><SchemaURI/><SchemaElement/><ValidateXMLOnExecution>1</ValidateXMLOnExecution><SchemaURI/><SchemaElement/><ValidateXMLOnExecution>1</ValidateXMLOnExecution><ReadOnly>false</ReadOnly><AlertXMLAssigned>false</AlertXMLAssigned></ContextItem><ContextItem><Name>createChildString</Name><Description/><MinRange>0</MinRange><MaxRange>0</MaxRange><Value xsi:type="Assignment"/><ReadOnly>false</ReadOnly><AlertXMLAssigned>false</AlertXMLAssigned></ContextItem><ContextItem><Name>ChildString</Name><Description/><MinRange>0</MinRange><MaxRange>0</MaxRange><Value xsi:type="Assignment"/><ReadOnly>false</ReadOnly><AlertXMLAssigned>false</AlertXMLAssigned></ContextItem><ContextItem><Name>removeDuplicate</Name><Description/><MinRange>0</MinRange><MaxRange>0</MaxRange><Value xsi:type="ConditionalAction"><Output>false</Output><InputCount>1</InputCount><LogicalAnd>false</LogicalAnd><Input1>false</Input1></Value><ReadOnly>false</ReadOnly><AlertXMLAssigned>false</AlertXMLAssigned></ContextItem><ContextItem><Name>SQLQ_GetSFCsAtOperation_0</Name><Description/><MinRange>0</MinRange><MaxRange>0</MaxRange><Value xsi:type="IlluminatorSQLQueryObject"><Timeout>60</Timeout><QueryParameters/><QueryStartDate>2019-04-11T14:12:31</QueryStartDate><SQLTransaction/><QueryTemplate>Default/Dashboard/Queries/selSFCsAtOpnSQLQry</QueryTemplate><QueryEndDate>2019-04-11T14:12:31</QueryEndDate><Results><ReferenceDocumentSource/>&lt;?xml version="1.0" encoding="UTF-8"?&gt;&lt;Rowsets CachedTime="" DateCreated="2019-04-11T19:12:33" EndDate="2019-04-11T19:12:33" StartDate="2019-04-11T18:12:33" Version="15.1 SP3 Patch 28 (Jun 8, 2017)"&gt;&lt;Rowset&gt;&lt;Columns&gt;&lt;Column Description="IN_QUEUE" MaxRange="1" MinRange="0" Name="IN_QUEUE" SQLDataType="2" SourceColumn="IN_QUEUE"/&gt;&lt;Column Description="IN_WORK" MaxRange="1" MinRange="0" Name="IN_WORK" SQLDataType="2" SourceColumn="IN_WORK"/&gt;&lt;Column Description="OPERATION_BO" MaxRange="1" MinRange="0" Name="OPERATION_BO" SQLDataType="-9" SourceColumn="OPERATION_BO"/&gt;&lt;Column Description="ROUTER" MaxRange="1" MinRange="0" Name="ROUTER" SQLDataType="-9" SourceColumn="ROUTER"/&gt;&lt;/Columns&gt;&lt;Row&gt;&lt;IN_QUEUE&gt;2&lt;/IN_QUEUE&gt;&lt;IN_WORK&gt;0&lt;/IN_WORK&gt;&lt;OPERATION_BO&gt;OperationBO:1594,PUMP-OP01,#&lt;/OPERATION_BO&gt;&lt;ROUTER&gt;UAT_ROUT_PUMP&lt;/ROUTER&gt;&lt;/Row&gt;&lt;/Rowset&gt;&lt;/Rowsets&gt;</Results><TagList/></Value><SchemaURI/><SchemaElement/><ValidateXMLOnExecution>1</ValidateXMLOnExecution><ReadOnly>false</ReadOnly><AlertXMLAssigned>false</AlertXMLAssigned></ContextItem><ContextItem><Name>SQLQ_GetSFCNCAtOperation_0</Name><Description/><MinRange>0</MinRange><MaxRange>0</MaxRange><Value xsi:type="IlluminatorSQLQueryObject"><Timeout>60</Timeout><QueryParameters/><QueryStartDate>2019-04-11T14:12:36</QueryStartDate><SQLTransaction/><QueryTemplate>Default/Dashboard/Queries/selSFCNCAtOpnSQLQry</QueryTemplate><QueryEndDate>2019-04-11T14:12:36</QueryEndDate><Results><ReferenceDocumentSource/>&lt;?xml version="1.0" encoding="UTF-8"?&gt;&lt;Rowsets CachedTime="" DateCreated="2019-04-11T19:12:37" EndDate="2019-04-11T19:12:37" StartDate="2019-04-11T18:12:37" Version="15.1 SP3 Patch 28 (Jun 8, 2017)"&gt;&lt;Rowset&gt;&lt;Columns&gt;&lt;Column Description="QTY" MaxRange="1" MinRange="0" Name="QTY" SQLDataType="2" SourceColumn="QTY"/&gt;&lt;/Columns&gt;&lt;Row&gt;&lt;QTY&gt;0&lt;/QTY&gt;&lt;/Row&gt;&lt;/Rowset&gt;&lt;/Rowsets&gt;</Results><TagList/></Value><SchemaURI/><SchemaElement/><ValidateXMLOnExecution>1</ValidateXMLOnExecution><ReadOnly>false</ReadOnly><AlertXMLAssigned>false</AlertXMLAssigned></ContextItem><ContextItem><Name>SQLQ_GetHoldSFCsAtOperation_0</Name><Description/><MinRange>0</MinRange><MaxRange>0</MaxRange><Value xsi:type="IlluminatorSQLQueryObject"><Timeout>60</Timeout><QueryParameters/><QueryStartDate>2019-04-11T14:12:42</QueryStartDate><SQLTransaction/><QueryTemplate>Default/Dashboard/Queries/selHoldSFCsAtOperationSQLQry</QueryTemplate><QueryEndDate>2019-04-11T14:12:42</QueryEndDate><Results><ReferenceDocumentSource/>&lt;?xml version="1.0" encoding="UTF-8"?&gt;&lt;Rowsets CachedTime="" DateCreated="2019-04-11T19:12:42" EndDate="2019-04-11T19:12:42" StartDate="2019-04-11T18:12:42" Version="15.1 SP3 Patch 28 (Jun 8, 2017)"&gt;&lt;Rowset&gt;&lt;Columns&gt;&lt;Column Description="IN_QUEUE" MaxRange="1" MinRange="0" Name="IN_QUEUE" SQLDataType="2" SourceColumn="IN_QUEUE"/&gt;&lt;Column Description="IN_WORK" MaxRange="1" MinRange="0" Name="IN_WORK" SQLDataType="2" SourceColumn="IN_WORK"/&gt;&lt;Column Description="OPERATION_BO" MaxRange="1" MinRange="0" Name="OPERATION_BO" SQLDataType="-9" SourceColumn="OPERATION_BO"/&gt;&lt;Column Description="ROUTER" MaxRange="1" MinRange="0" Name="ROUTER" SQLDataType="-9" SourceColumn="ROUTER"/&gt;&lt;/Columns&gt;&lt;/Rowset&gt;&lt;/Rowsets&gt;</Results><TagList/></Value><SchemaURI/><SchemaElement/><ValidateXMLOnExecution>1</ValidateXMLOnExecution><ReadOnly>false</ReadOnly><AlertXMLAssigned>false</AlertXMLAssigned></ContextItem><ContextItem><Name>activityLogResourcecRateSQLQry_0</Name><Description/><MinRange>0</MinRange><MaxRange>0</MaxRange><Value xsi:type="IlluminatorSQLQueryObject"><Timeout>60</Timeout><QueryParameters/><QueryStartDate>2019-04-17T15:07:14</QueryStartDate><SQLTransaction/><QueryTemplate>Default/Dashboard/Queries/activityLogResourcecRateSQLQry</QueryTemplate><QueryEndDate>2019-04-17T15:07:14</QueryEndDate><Results><ReferenceDocumentSource/>&lt;?xml version="1.0" encoding="UTF-8"?&gt;&lt;Rowsets CachedTime="" DateCreated="2019-04-17T20:31:29" EndDate="2019-04-17T20:31:29" StartDate="2019-04-17T19:31:29" Version="15.1 SP3 Patch 28 (Jun 8, 2017)"&gt;&lt;Rowset&gt;&lt;Columns&gt;&lt;Column Description="SFC" MaxRange="1" MinRange="0" Name="SFC" SQLDataType="-9" SourceColumn="SFC"/&gt;&lt;Column Description="ROUTER" MaxRange="1" MinRange="0" Name="ROUTER" SQLDataType="-9" SourceColumn="ROUTER"/&gt;&lt;Column Description="OPERATION" MaxRange="1" MinRange="0" Name="OPERATION" SQLDataType="-9" SourceColumn="OPERATION"/&gt;&lt;Column Description="SITE" MaxRange="1" MinRange="0" Name="SITE" SQLDataType="-9" SourceColumn="SITE"/&gt;&lt;Column Description="START_DATE" MaxRange="1" MinRange="0" Name="START_DATE" SQLDataType="93" SourceColumn="START_DATE"/&gt;&lt;Column Description="END_DATE" MaxRange="1" MinRange="0" Name="END_DATE" SQLDataType="93" SourceColumn="END_DATE"/&gt;&lt;/Columns&gt;&lt;Row&gt;&lt;SFC&gt;159412&lt;/SFC&gt;&lt;ROUTER&gt;DEMO-ROUT01&lt;/ROUTER&gt;&lt;OPERATION&gt;DEMO-OP01&lt;/OPERATION&gt;&lt;SITE&gt;1594&lt;/SITE&gt;&lt;START_DATE&gt;2018-08-08T08:39:54&lt;/START_DATE&gt;&lt;END_DATE&gt;TimeUnavailable&lt;/END_DATE&gt;&lt;/Row&gt;&lt;Row&gt;&lt;SFC&gt;159416&lt;/SFC&gt;&lt;ROUTER&gt;DEMO-ROUT01&lt;/ROUTER&gt;&lt;OPERATION&gt;DEMO-OP01&lt;/OPERATION&gt;&lt;SITE&gt;1594&lt;/SITE&gt;&lt;START_DATE&gt;2018-11-30T07:47:51&lt;/START_DATE&gt;&lt;END_DATE&gt;TimeUnavailable&lt;/END_DATE&gt;&lt;/Row&gt;&lt;Row&gt;&lt;SFC&gt;1594199&lt;/SFC&gt;&lt;ROUTER&gt;DEMO-ROUT01&lt;/ROUTER&gt;&lt;OPERATION&gt;DEMO-OP01&lt;/OPERATION&gt;&lt;SITE&gt;1594&lt;/SITE&gt;&lt;START_DATE&gt;2019-01-10T03:29:56&lt;/START_DATE&gt;&lt;END_DATE&gt;2019-02-28T03:04:37&lt;/END_DATE&gt;&lt;/Row&gt;&lt;Row&gt;&lt;SFC&gt;C000023&lt;/SFC&gt;&lt;ROUTER&gt;DEMO-ROUT01&lt;/ROUTER&gt;&lt;OPERATION&gt;DEMO-OP01&lt;/OPERATION&gt;&lt;SITE&gt;1594&lt;/SITE&gt;&lt;START_DATE&gt;2018-10-15T05:44:52&lt;/START_DATE&gt;&lt;END_DATE&gt;2018-10-15T05:45:05&lt;/END_DATE&gt;&lt;/Row&gt;&lt;Row&gt;&lt;SFC&gt;C000026&lt;/SFC&gt;&lt;ROUTER&gt;DEMO-ROUT01&lt;/ROUTER&gt;&lt;OPERATION&gt;DEMO-OP01&lt;/OPERATION&gt;&lt;SITE&gt;1594&lt;/SITE&gt;&lt;START_DATE&gt;2018-10-15T05:46:13&lt;/START_DATE&gt;&lt;END_DATE&gt;2018-10-15T05:46:21&lt;/END_DATE&gt;&lt;/Row&gt;&lt;Row&gt;&lt;SFC&gt;C00005C&lt;/SFC&gt;&lt;ROUTER&gt;DEMO-ROUT01&lt;/ROUTER&gt;&lt;OPERATION&gt;DEMO-OP01&lt;/OPERATION&gt;&lt;SITE&gt;1594&lt;/SITE&gt;&lt;START_DATE&gt;2018-11-26T02:23:51&lt;/START_DATE&gt;&lt;END_DATE&gt;TimeUnavailable&lt;/END_DATE&gt;&lt;/Row&gt;&lt;Row&gt;&lt;SFC&gt;DEMO-BOMCOMP-01-87-000003&lt;/SFC&gt;&lt;ROUTER&gt;DEMO-ROUT01&lt;/ROUTER&gt;&lt;OPERATION&gt;DEMO-OP01&lt;/OPERATION&gt;&lt;SITE&gt;1594&lt;/SITE&gt;&lt;START_DATE&gt;2018-05-17T19:59:45&lt;/START_DATE&gt;&lt;END_DATE&gt;2018-05-24T05:40:23&lt;/END_DATE&gt;&lt;/Row&gt;&lt;Row&gt;&lt;SFC&gt;DEMO-SFC0001&lt;/SFC&gt;&lt;ROUTER&gt;DEMO-ROUT01&lt;/ROUTER&gt;&lt;OPERATION&gt;DEMO-OP01&lt;/OPERATION&gt;&lt;SITE&gt;1594&lt;/SITE&gt;&lt;START_DATE&gt;2018-02-09T08:39:58&lt;/START_DATE&gt;&lt;END_DATE&gt;2018-02-09T08:40:03&lt;/END_DATE&gt;&lt;/Row&gt;&lt;Row&gt;&lt;SFC&gt;DEMO-SFC0018&lt;/SFC&gt;&lt;ROUTER&gt;DEMO-ROUT01&lt;/ROUTER&gt;&lt;OPERATION&gt;DEMO-OP01&lt;/OPERATION&gt;&lt;SITE&gt;1594&lt;/SITE&gt;&lt;START_DATE&gt;2018-03-06T02:08:49&lt;/START_DATE&gt;&lt;END_DATE&gt;TimeUnavailable&lt;/END_DATE&gt;&lt;/Row&gt;&lt;Row&gt;&lt;SFC&gt;NGP100357C&lt;/SFC&gt;&lt;ROUTER&gt;DEMO-ROUT01&lt;/ROUTER&gt;&lt;OPERATION&gt;DEMO-OP01&lt;/OPERATION&gt;&lt;SITE&gt;1594&lt;/SITE&gt;&lt;START_DATE&gt;2018-09-07T08:10:08&lt;/START_DATE&gt;&lt;END_DATE&gt;TimeUnavailable&lt;/END_DATE&gt;&lt;/Row&gt;&lt;Row&gt;&lt;SFC&gt;NGP100358C&lt;/SFC&gt;&lt;ROUTER&gt;DEMO-ROUT01&lt;/ROUTER&gt;&lt;OPERATION&gt;DEMO-OP01&lt;/OPERATION&gt;&lt;SITE&gt;1594&lt;/SITE&gt;&lt;START_DATE&gt;2018-09-12T07:59:15&lt;/START_DATE&gt;&lt;END_DATE&gt;TimeUnavailable&lt;/END_DATE&gt;&lt;/Row&gt;&lt;Row&gt;&lt;SFC&gt;159414&lt;/SFC&gt;&lt;ROUTER&gt;DEMO-ROUT01&lt;/ROUTER&gt;&lt;OPERATION&gt;DEMO-OP01&lt;/OPERATION&gt;&lt;SITE&gt;1594&lt;/SITE&gt;&lt;START_DATE&gt;2018-11-29T07:21:38&lt;/START_DATE&gt;&lt;END_DATE&gt;TimeUnavailable&lt;/END_DATE&gt;&lt;/Row&gt;&lt;Row&gt;&lt;SFC&gt;1594241&lt;/SFC&gt;&lt;ROUTER&gt;DEMO-ROUT01&lt;/ROUTER&gt;&lt;OPERATION&gt;DEMO-OP01&lt;/OPERATION&gt;&lt;SITE&gt;1594&lt;/SITE&gt;&lt;START_DATE&gt;2018-11-21T08:26:21&lt;/START_DATE&gt;&lt;END_DATE&gt;TimeUnavailable&lt;/END_DATE&gt;&lt;/Row&gt;&lt;Row&gt;&lt;SFC&gt;C00005A&lt;/SFC&gt;&lt;ROUTER&gt;DEMO-ROUT01&lt;/ROUTER&gt;&lt;OPERATION&gt;DEMO-OP01&lt;/OPERATION&gt;&lt;SITE&gt;1594&lt;/SITE&gt;&lt;START_DATE&gt;2018-11-26T02:15:20&lt;/START_DATE&gt;&lt;END_DATE&gt;TimeUnavailable&lt;/END_DATE&gt;&lt;/Row&gt;&lt;Row&gt;&lt;SFC&gt;DEMO-C2001&lt;/SFC&gt;&lt;ROUTER&gt;DEMO-ROUT01&lt;/ROUTER&gt;&lt;OPERATION&gt;DEMO-OP01&lt;/OPERATION&gt;&lt;SITE&gt;1594&lt;/SITE&gt;&lt;START_DATE&gt;2018-03-15T06:25:44&lt;/START_DATE&gt;&lt;END_DATE&gt;2018-03-15T06:25:49&lt;/END_DATE&gt;&lt;/Row&gt;&lt;Row&gt;&lt;SFC&gt;DEMO-SFC0004&lt;/SFC&gt;&lt;ROUTER&gt;DEMO-ROUT01&lt;/ROUTER&gt;&lt;OPERATION&gt;DEMO-OP01&lt;/OPERATION&gt;&lt;SITE&gt;1594&lt;/SITE&gt;&lt;START_DATE&gt;2018-02-09T08:46:11&lt;/START_DATE&gt;&lt;END_DATE&gt;TimeUnavailable&lt;/END_DATE&gt;&lt;/Row&gt;&lt;Row&gt;&lt;SFC&gt;NGP100355C&lt;/SFC&gt;&lt;ROUTER&gt;DEMO-ROUT01&lt;/ROUTER&gt;&lt;OPERATION&gt;DEMO-OP01&lt;/OPERATION&gt;&lt;SITE&gt;1594&lt;/SITE&gt;&lt;START_DATE&gt;2018-08-29T02:58:45&lt;/START_DATE&gt;&lt;END_DATE&gt;2018-08-29T02:58:46&lt;/END_DATE&gt;&lt;/Row&gt;&lt;Row&gt;&lt;SFC&gt;NGP100356C&lt;/SFC&gt;&lt;ROUTER&gt;DEMO-ROUT01&lt;/ROUTER&gt;&lt;OPERATION&gt;DEMO-OP01&lt;/OPERATION&gt;&lt;SITE&gt;1594&lt;/SITE&gt;&lt;START_DATE&gt;2018-08-29T03:02:22&lt;/START_DATE&gt;&lt;END_DATE&gt;2018-08-29T03:11:49&lt;/END_DATE&gt;&lt;/Row&gt;&lt;Row&gt;&lt;SFC&gt;15941&lt;/SFC&gt;&lt;ROUTER&gt;DEMO-ROUT01&lt;/ROUTER&gt;&lt;OPERATION&gt;DEMO-OP01&lt;/OPERATION&gt;&lt;SITE&gt;1594&lt;/SITE&gt;&lt;START_DATE&gt;2018-03-01T07:09:57&lt;/START_DATE&gt;&lt;END_DATE&gt;TimeUnavailable&lt;/END_DATE&gt;&lt;/Row&gt;&lt;Row&gt;&lt;SFC&gt;15942&lt;/SFC&gt;&lt;ROUTER&gt;DEMO-ROUT01&lt;/ROUTER&gt;&lt;OPERATION&gt;DEMO-OP01&lt;/OPERATION&gt;&lt;SITE&gt;1594&lt;/SITE&gt;&lt;START_DATE&gt;2019-02-28T03:07:33&lt;/START_DATE&gt;&lt;END_DATE&gt;2018-03-07T07:37:04&lt;/END_DATE&gt;&lt;/Row&gt;&lt;Row&gt;&lt;SFC&gt;C000059&lt;/SFC&gt;&lt;ROUTER&gt;DEMO-ROUT01&lt;/ROUTER&gt;&lt;OPERATION&gt;DEMO-OP01&lt;/OPERATION&gt;&lt;SITE&gt;1594&lt;/SITE&gt;&lt;START_DATE&gt;2018-11-27T08:08:15&lt;/START_DATE&gt;&lt;END_DATE&gt;2018-11-27T08:14:28&lt;/END_DATE&gt;&lt;/Row&gt;&lt;Row&gt;&lt;SFC&gt;DEMO-SFC0012&lt;/SFC&gt;&lt;ROUTER&gt;DEMO-ROUT01&lt;/ROUTER&gt;&lt;OPERATION&gt;DEMO-OP01&lt;/OPERATION&gt;&lt;SITE&gt;1594&lt;/SITE&gt;&lt;START_DATE&gt;2018-02-11T01:49:09&lt;/START_DATE&gt;&lt;END_DATE&gt;TimeUnavailable&lt;/END_DATE&gt;&lt;/Row&gt;&lt;Row&gt;&lt;SFC&gt;DEMO-SFC0013&lt;/SFC&gt;&lt;ROUTER&gt;DEMO-ROUT01&lt;/ROUTER&gt;&lt;OPERATION&gt;DEMO-OP01&lt;/OPERATION&gt;&lt;SITE&gt;1594&lt;/SITE&gt;&lt;START_DATE&gt;2018-03-01T08:41:42&lt;/START_DATE&gt;&lt;END_DATE&gt;TimeUnavailable&lt;/END_DATE&gt;&lt;/Row&gt;&lt;Row&gt;&lt;SFC&gt;DEMO-SFC0017&lt;/SFC&gt;&lt;ROUTER&gt;DEMO-ROUT01&lt;/ROUTER&gt;&lt;OPERATION&gt;DEMO-OP01&lt;/OPERATION&gt;&lt;SITE&gt;1594&lt;/SITE&gt;&lt;START_DATE&gt;2018-06-21T15:12:46&lt;/START_DATE&gt;&lt;END_DATE&gt;2018-06-21T15:12:49&lt;/END_DATE&gt;&lt;/Row&gt;&lt;Row&gt;&lt;SFC&gt;DEMO-SFC007&lt;/SFC&gt;&lt;ROUTER&gt;DEMO-ROUT01&lt;/ROUTER&gt;&lt;OPERATION&gt;DEMO-OP01&lt;/OPERATION&gt;&lt;SITE&gt;1594&lt;/SITE&gt;&lt;START_DATE&gt;2018-02-11T05:43:19&lt;/START_DATE&gt;&lt;END_DATE&gt;2018-02-11T05:44:16&lt;/END_DATE&gt;&lt;/Row&gt;&lt;Row&gt;&lt;SFC&gt;DEMO-SFC0107&lt;/SFC&gt;&lt;ROUTER&gt;DEMO-ROUT01&lt;/ROUTER&gt;&lt;OPERATION&gt;DEMO-OP01&lt;/OPERATION&gt;&lt;SITE&gt;1594&lt;/SITE&gt;&lt;START_DATE&gt;2018-04-16T02:45:10&lt;/START_DATE&gt;&lt;END_DATE&gt;TimeUnavailable&lt;/END_DATE&gt;&lt;/Row&gt;&lt;Row&gt;&lt;SFC&gt;NGP100366C&lt;/SFC&gt;&lt;ROUTER&gt;DEMO-ROUT01&lt;/ROUTER&gt;&lt;OPERATION&gt;DEMO-OP01&lt;/OPERATION&gt;&lt;SITE&gt;1594&lt;/SITE&gt;&lt;START_DATE&gt;2018-08-28T08:56:54&lt;/START_DATE&gt;&lt;END_DATE&gt;2018-08-28T08:57:30&lt;/END_DATE&gt;&lt;/Row&gt;&lt;Row&gt;&lt;SFC&gt;159411&lt;/SFC&gt;&lt;ROUTER&gt;DEMO-ROUT01&lt;/ROUTER&gt;&lt;OPERATION&gt;DEMO-OP01&lt;/OPERATION&gt;&lt;SITE&gt;1594&lt;/SITE&gt;&lt;START_DATE&gt;2018-08-08T07:53:44&lt;/START_DATE&gt;&lt;END_DATE&gt;2018-05-28T14:23:56&lt;/END_DATE&gt;&lt;/Row&gt;&lt;Row&gt;&lt;SFC&gt;1594200&lt;/SFC&gt;&lt;ROUTER&gt;DEMO-ROUT01&lt;/ROUTER&gt;&lt;OPERATION&gt;DEMO-OP01&lt;/OPERATION&gt;&lt;SITE&gt;1594&lt;/SITE&gt;&lt;START_DATE&gt;2019-01-04T08:26:08&lt;/START_DATE&gt;&lt;END_DATE&gt;2019-01-04T09:16:07&lt;/END_DATE&gt;&lt;/Row&gt;&lt;Row&gt;&lt;SFC&gt;1594201&lt;/SFC&gt;&lt;ROUTER&gt;DEMO-ROUT01&lt;/ROUTER&gt;&lt;OPERATION&gt;DEMO-OP01&lt;/OPERATION&gt;&lt;SITE&gt;1594&lt;/SITE&gt;&lt;START_DATE&gt;2018-11-13T08:22:59&lt;/START_DATE&gt;&lt;END_DATE&gt;TimeUnavailable&lt;/END_DATE&gt;&lt;/Row&gt;&lt;Row&gt;&lt;SFC&gt;1594203&lt;/SFC&gt;&lt;ROUTER&gt;DEMO-ROUT01&lt;/ROUTER&gt;&lt;OPERATION&gt;DEMO-OP01&lt;/OPERATION&gt;&lt;SITE&gt;1594&lt;/SITE&gt;&lt;START_DATE&gt;2018-11-13T08:12:36&lt;/START_DATE&gt;&lt;END_DATE&gt;TimeUnavailable&lt;/END_DATE&gt;&lt;/Row&gt;&lt;Row&gt;&lt;SFC&gt;1594242&lt;/SFC&gt;&lt;ROUTER&gt;DEMO-ROUT01&lt;/ROUTER&gt;&lt;OPERATION&gt;DEMO-OP01&lt;/OPERATION&gt;&lt;SITE&gt;1594&lt;/SITE&gt;&lt;START_DATE&gt;2019-01-08T02:58:19&lt;/START_DATE&gt;&lt;END_DATE&gt;TimeUnavailable&lt;/END_DATE&gt;&lt;/Row&gt;&lt;Row&gt;&lt;SFC&gt;C000022&lt;/SFC&gt;&lt;ROUTER&gt;DEMO-ROUT01&lt;/ROUTER&gt;&lt;OPERATION&gt;DEMO-OP01&lt;/OPERATION&gt;&lt;SITE&gt;1594&lt;/SITE&gt;&lt;START_DATE&gt;2018-10-15T05:44:44&lt;/START_DATE&gt;&lt;END_DATE&gt;2018-10-15T05:45:05&lt;/END_DATE&gt;&lt;/Row&gt;&lt;Row&gt;&lt;SFC&gt;C000055&lt;/SFC&gt;&lt;ROUTER&gt;DEMO-ROUT01&lt;/ROUTER&gt;&lt;OPERATION&gt;DEMO-OP01&lt;/OPERATION&gt;&lt;SITE&gt;1594&lt;/SITE&gt;&lt;START_DATE&gt;2018-11-21T07:54:16&lt;/START_DATE&gt;&lt;END_DATE&gt;2018-11-21T08:03:00&lt;/END_DATE&gt;&lt;/Row&gt;&lt;Row&gt;&lt;SFC&gt;C000057&lt;/SFC&gt;&lt;ROUTER&gt;DEMO-ROUT01&lt;/ROUTER&gt;&lt;OPERATION&gt;DEMO-OP01&lt;/OPERATION&gt;&lt;SITE&gt;1594&lt;/SITE&gt;&lt;START_DATE&gt;2018-11-21T08:09:13&lt;/START_DATE&gt;&lt;END_DATE&gt;TimeUnavailable&lt;/END_DATE&gt;&lt;/Row&gt;&lt;Row&gt;&lt;SFC&gt;C00005B&lt;/SFC&gt;&lt;ROUTER&gt;DEMO-ROUT01&lt;/ROUTER&gt;&lt;OPERATION&gt;DEMO-OP01&lt;/OPERATION&gt;&lt;SITE&gt;1594&lt;/SITE&gt;&lt;START_DATE&gt;2018-11-26T02:18:58&lt;/START_DATE&gt;&lt;END_DATE&gt;TimeUnavailable&lt;/END_DATE&gt;&lt;/Row&gt;&lt;Row&gt;&lt;SFC&gt;DEMO-SFC0010&lt;/SFC&gt;&lt;ROUTER&gt;DEMO-ROUT01&lt;/ROUTER&gt;&lt;OPERATION&gt;DEMO-OP01&lt;/OPERATION&gt;&lt;SITE&gt;1594&lt;/SITE&gt;&lt;START_DATE&gt;2018-02-11T01:31:21&lt;/START_DATE&gt;&lt;END_DATE&gt;2018-02-11T01:45:05&lt;/END_DATE&gt;&lt;/Row&gt;&lt;Row&gt;&lt;SFC&gt;DEMO-SFC0011&lt;/SFC&gt;&lt;ROUTER&gt;DEMO-ROUT01&lt;/ROUTER&gt;&lt;OPERATION&gt;DEMO-OP01&lt;/OPERATION&gt;&lt;SITE&gt;1594&lt;/SITE&gt;&lt;START_DATE&gt;2018-02-11T01:49:00&lt;/START_DATE&gt;&lt;END_DATE&gt;TimeUnavailable&lt;/END_DATE&gt;&lt;/Row&gt;&lt;Row&gt;&lt;SFC&gt;DEMO-SFC0019&lt;/SFC&gt;&lt;ROUTER&gt;DEMO-ROUT01&lt;/ROUTER&gt;&lt;OPERATION&gt;DEMO-OP01&lt;/OPERATION&gt;&lt;SITE&gt;1594&lt;/SITE&gt;&lt;START_DATE&gt;2018-03-06T02:33:51&lt;/START_DATE&gt;&lt;END_DATE&gt;TimeUnavailable&lt;/END_DATE&gt;&lt;/Row&gt;&lt;Row&gt;&lt;SFC&gt;DEMO-SFC0020&lt;/SFC&gt;&lt;ROUTER&gt;DEMO-ROUT01&lt;/ROUTER&gt;&lt;OPERATION&gt;DEMO-OP01&lt;/OPERATION&gt;&lt;SITE&gt;1594&lt;/SITE&gt;&lt;START_DATE&gt;2018-03-06T02:37:35&lt;/START_DATE&gt;&lt;END_DATE&gt;TimeUnavailable&lt;/END_DATE&gt;&lt;/Row&gt;&lt;Row&gt;&lt;SFC&gt;DEMO-SFC0103&lt;/SFC&gt;&lt;ROUTER&gt;DEMO-ROUT01&lt;/ROUTER&gt;&lt;OPERATION&gt;DEMO-OP01&lt;/OPERATION&gt;&lt;SITE&gt;1594&lt;/SITE&gt;&lt;START_DATE&gt;2018-04-16T01:48:38&lt;/START_DATE&gt;&lt;END_DATE&gt;2018-04-16T01:57:15&lt;/END_DATE&gt;&lt;/Row&gt;&lt;Row&gt;&lt;SFC&gt;DEMO-SFC0104&lt;/SFC&gt;&lt;ROUTER&gt;DEMO-ROUT01&lt;/ROUTER&gt;&lt;OPERATION&gt;DEMO-OP01&lt;/OPERATION&gt;&lt;SITE&gt;1594&lt;/SITE&gt;&lt;START_DATE&gt;2018-04-16T02:01:26&lt;/START_DATE&gt;&lt;END_DATE&gt;TimeUnavailable&lt;/END_DATE&gt;&lt;/Row&gt;&lt;Row&gt;&lt;SFC&gt;NGP100361C&lt;/SFC&gt;&lt;ROUTER&gt;DEMO-ROUT01&lt;/ROUTER&gt;&lt;OPERATION&gt;DEMO-OP01&lt;/OPERATION&gt;&lt;SITE&gt;1594&lt;/SITE&gt;&lt;START_DATE&gt;2018-08-28T08:41:08&lt;/START_DATE&gt;&lt;END_DATE&gt;2018-08-28T08:41:09&lt;/END_DATE&gt;&lt;/Row&gt;&lt;Row&gt;&lt;SFC&gt;159410&lt;/SFC&gt;&lt;ROUTER&gt;DEMO-ROUT01&lt;/ROUTER&gt;&lt;OPERATION&gt;DEMO-OP01&lt;/OPERATION&gt;&lt;SITE&gt;1594&lt;/SITE&gt;&lt;START_DATE&gt;2018-05-28T14:01:56&lt;/START_DATE&gt;&lt;END_DATE&gt;2018-05-28T14:02:15&lt;/END_DATE&gt;&lt;/Row&gt;&lt;Row&gt;&lt;SFC&gt;1594198&lt;/SFC&gt;&lt;ROUTER&gt;DEMO-ROUT01&lt;/ROUTER&gt;&lt;OPERATION&gt;DEMO-OP01&lt;/OPERATION&gt;&lt;SITE&gt;1594&lt;/SITE&gt;&lt;START_DATE&gt;2019-01-08T15:06:05&lt;/START_DATE&gt;&lt;END_DATE&gt;2019-02-28T03:02:35&lt;/END_DATE&gt;&lt;/Row&gt;&lt;Row&gt;&lt;SFC&gt;1594239&lt;/SFC&gt;&lt;ROUTER&gt;DEMO-ROUT01&lt;/ROUTER&gt;&lt;OPERATION&gt;DEMO-OP01&lt;/OPERATION&gt;&lt;SITE&gt;1594&lt;/SITE&gt;&lt;START_DATE&gt;2018-11-21T08:10:10&lt;/START_DATE&gt;&lt;END_DATE&gt;TimeUnavailable&lt;/END_DATE&gt;&lt;/Row&gt;&lt;Row&gt;&lt;SFC&gt;C000058&lt;/SFC&gt;&lt;ROUTER&gt;DEMO-ROUT01&lt;/ROUTER&gt;&lt;OPERATION&gt;DEMO-OP01&lt;/OPERATION&gt;&lt;SITE&gt;1594&lt;/SITE&gt;&lt;START_DATE&gt;2018-11-26T05:57:40&lt;/START_DATE&gt;&lt;END_DATE&gt;2018-11-26T06:41:40&lt;/END_DATE&gt;&lt;/Row&gt;&lt;Row&gt;&lt;SFC&gt;DEMO-SFC0005&lt;/SFC&gt;&lt;ROUTER&gt;DEMO-ROUT01&lt;/ROUTER&gt;&lt;OPERATION&gt;DEMO-OP01&lt;/OPERATION&gt;&lt;SITE&gt;1594&lt;/SITE&gt;&lt;START_DATE&gt;2018-02-11T05:36:44&lt;/START_DATE&gt;&lt;END_DATE&gt;2018-02-11T05:39:30&lt;/END_DATE&gt;&lt;/Row&gt;&lt;Row&gt;&lt;SFC&gt;DEMO-SFC0014&lt;/SFC&gt;&lt;ROUTER&gt;DEMO-ROUT01&lt;/ROUTER&gt;&lt;OPERATION&gt;DEMO-OP01&lt;/OPERATION&gt;&lt;SITE&gt;1594&lt;/SITE&gt;&lt;START_DATE&gt;2018-05-17T19:59:45&lt;/START_DATE&gt;&lt;END_DATE&gt;TimeUnavailable&lt;/END_DATE&gt;&lt;/Row&gt;&lt;Row&gt;&lt;SFC&gt;DEMO-SFC006&lt;/SFC&gt;&lt;ROUTER&gt;DEMO-ROUT01&lt;/ROUTER&gt;&lt;OPERATION&gt;DEMO-OP01&lt;/OPERATION&gt;&lt;SITE&gt;1594&lt;/SITE&gt;&lt;START_DATE&gt;2018-02-11T05:39:58&lt;/START_DATE&gt;&lt;END_DATE&gt;2018-02-11T05:42:36&lt;/END_DATE&gt;&lt;/Row&gt;&lt;Row&gt;&lt;SFC&gt;DEMO-SFC0100&lt;/SFC&gt;&lt;ROUTER&gt;DEMO-ROUT01&lt;/ROUTER&gt;&lt;OPERATION&gt;DEMO-OP01&lt;/OPERATION&gt;&lt;SITE&gt;1594&lt;/SITE&gt;&lt;START_DATE&gt;2018-03-23T06:29:39&lt;/START_DATE&gt;&lt;END_DATE&gt;TimeUnavailable&lt;/END_DATE&gt;&lt;/Row&gt;&lt;Row&gt;&lt;SFC&gt;DEMO-SFC0102&lt;/SFC&gt;&lt;ROUTER&gt;DEMO-ROUT01&lt;/ROUTER&gt;&lt;OPERATION&gt;DEMO-OP01&lt;/OPERATION&gt;&lt;SITE&gt;1594&lt;/SITE&gt;&lt;START_DATE&gt;2018-03-23T06:47:47&lt;/START_DATE&gt;&lt;END_DATE&gt;2018-03-23T06:48:19&lt;/END_DATE&gt;&lt;/Row&gt;&lt;Row&gt;&lt;SFC&gt;DEMO-SFC0105&lt;/SFC&gt;&lt;ROUTER&gt;DEMO-ROUT01&lt;/ROUTER&gt;&lt;OPERATION&gt;DEMO-OP01&lt;/OPERATION&gt;&lt;SITE&gt;1594&lt;/SITE&gt;&lt;START_DATE&gt;2018-04-16T02:05:07&lt;/START_DATE&gt;&lt;END_DATE&gt;2018-06-21T15:09:47&lt;/END_DATE&gt;&lt;/Row&gt;&lt;Row&gt;&lt;SFC&gt;NGP100353C&lt;/SFC&gt;&lt;ROUTER&gt;DEMO-ROUT01&lt;/ROUTER&gt;&lt;OPERATION&gt;DEMO-OP01&lt;/OPERATION&gt;&lt;SITE&gt;1594&lt;/SITE&gt;&lt;START_DATE&gt;2018-08-24T07:41:53&lt;/START_DATE&gt;&lt;END_DATE&gt;TimeUnavailable&lt;/END_DATE&gt;&lt;/Row&gt;&lt;Row&gt;&lt;SFC&gt;NGP100354C&lt;/SFC&gt;&lt;ROUTER&gt;DEMO-ROUT01&lt;/ROUTER&gt;&lt;OPERATION&gt;DEMO-OP01&lt;/OPERATION&gt;&lt;SITE&gt;1594&lt;/SITE&gt;&lt;START_DATE&gt;2018-08-27T13:35:31&lt;/START_DATE&gt;&lt;END_DATE&gt;TimeUnavailable&lt;/END_DATE&gt;&lt;/Row&gt;&lt;Row&gt;&lt;SFC&gt;159415&lt;/SFC&gt;&lt;ROUTER&gt;DEMO-ROUT01&lt;/ROUTER&gt;&lt;OPERATION&gt;DEMO-OP01&lt;/OPERATION&gt;&lt;SITE&gt;1594&lt;/SITE&gt;&lt;START_DATE&gt;2018-11-30T06:22:44&lt;/START_DATE&gt;&lt;END_DATE&gt;TimeUnavailable&lt;/END_DATE&gt;&lt;/Row&gt;&lt;Row&gt;&lt;SFC&gt;1594208&lt;/SFC&gt;&lt;ROUTER&gt;DEMO-ROUT01&lt;/ROUTER&gt;&lt;OPERATION&gt;DEMO-OP01&lt;/OPERATION&gt;&lt;SITE&gt;1594&lt;/SITE&gt;&lt;START_DATE&gt;2018-11-13T08:10:04&lt;/START_DATE&gt;&lt;END_DATE&gt;TimeUnavailable&lt;/END_DATE&gt;&lt;/Row&gt;&lt;Row&gt;&lt;SFC&gt;C000024&lt;/SFC&gt;&lt;ROUTER&gt;DEMO-ROUT01&lt;/ROUTER&gt;&lt;OPERATION&gt;DEMO-OP01&lt;/OPERATION&gt;&lt;SITE&gt;1594&lt;/SITE&gt;&lt;START_DATE&gt;2018-10-15T05:44:55&lt;/START_DATE&gt;&lt;END_DATE&gt;2018-10-15T05:45:05&lt;/END_DATE&gt;&lt;/Row&gt;&lt;Row&gt;&lt;SFC&gt;DEMO-SFC0106&lt;/SFC&gt;&lt;ROUTER&gt;DEMO-ROUT01&lt;/ROUTER&gt;&lt;OPERATION&gt;DEMO-OP01&lt;/OPERATION&gt;&lt;SITE&gt;1594&lt;/SITE&gt;&lt;START_DATE&gt;2018-04-16T02:42:44&lt;/START_DATE&gt;&lt;END_DATE&gt;TimeUnavailable&lt;/END_DATE&gt;&lt;/Row&gt;&lt;Row&gt;&lt;SFC&gt;NGP100352C&lt;/SFC&gt;&lt;ROUTER&gt;DEMO-ROUT01&lt;/ROUTER&gt;&lt;OPERATION&gt;DEMO-OP01&lt;/OPERATION&gt;&lt;SITE&gt;1594&lt;/SITE&gt;&lt;START_DATE&gt;2018-08-24T04:01:00&lt;/START_DATE&gt;&lt;END_DATE&gt;TimeUnavailable&lt;/END_DATE&gt;&lt;/Row&gt;&lt;Row&gt;&lt;SFC&gt;159418&lt;/SFC&gt;&lt;ROUTER&gt;DEMO-ROUT01&lt;/ROUTER&gt;&lt;OPERATION&gt;DEMO-OP01&lt;/OPERATION&gt;&lt;SITE&gt;1594&lt;/SITE&gt;&lt;START_DATE&gt;2018-12-10T08:54:23&lt;/START_DATE&gt;&lt;END_DATE&gt;TimeUnavailable&lt;/END_DATE&gt;&lt;/Row&gt;&lt;Row&gt;&lt;SFC&gt;1594240&lt;/SFC&gt;&lt;ROUTER&gt;DEMO-ROUT01&lt;/ROUTER&gt;&lt;OPERATION&gt;DEMO-OP01&lt;/OPERATION&gt;&lt;SITE&gt;1594&lt;/SITE&gt;&lt;START_DATE&gt;2018-11-21T08:21:36&lt;/START_DATE&gt;&lt;END_DATE&gt;TimeUnavailable&lt;/END_DATE&gt;&lt;/Row&gt;&lt;Row&gt;&lt;SFC&gt;NGP100289C&lt;/SFC&gt;&lt;ROUTER&gt;DEMO-ROUT01&lt;/ROUTER&gt;&lt;OPERATION&gt;DEMO-OP01&lt;/OPERATION&gt;&lt;SITE&gt;1594&lt;/SITE&gt;&lt;START_DATE&gt;2018-08-29T03:17:39&lt;/START_DATE&gt;&lt;END_DATE&gt;2018-08-29T03:19:02&lt;/END_DATE&gt;&lt;/Row&gt;&lt;Row&gt;&lt;SFC&gt;NGP100290C&lt;/SFC&gt;&lt;ROUTER&gt;DEMO-ROUT01&lt;/ROUTER&gt;&lt;OPERATION&gt;DEMO-OP01&lt;/OPERATION&gt;&lt;SITE&gt;1594&lt;/SITE&gt;&lt;START_DATE&gt;2018-08-29T03:38:31&lt;/START_DATE&gt;&lt;END_DATE&gt;2018-08-29T03:41:47&lt;/END_DATE&gt;&lt;/Row&gt;&lt;Row&gt;&lt;SFC&gt;NGP100351C&lt;/SFC&gt;&lt;ROUTER&gt;DEMO-ROUT01&lt;/ROUTER&gt;&lt;OPERATION&gt;DEMO-OP01&lt;/OPERATION&gt;&lt;SITE&gt;1594&lt;/SITE&gt;&lt;START_DATE&gt;2018-08-23T05:52:33&lt;/START_DATE&gt;&lt;END_DATE&gt;TimeUnavailable&lt;/END_DATE&gt;&lt;/Row&gt;&lt;Row&gt;&lt;SFC&gt;159413&lt;/SFC&gt;&lt;ROUTER&gt;DEMO-ROUT01&lt;/ROUTER&gt;&lt;OPERATION&gt;DEMO-OP01&lt;/OPERATION&gt;&lt;SITE&gt;1594&lt;/SITE&gt;&lt;START_DATE&gt;2018-11-30T07:28:12&lt;/START_DATE&gt;&lt;END_DATE&gt;TimeUnavailable&lt;/END_DATE&gt;&lt;/Row&gt;&lt;Row&gt;&lt;SFC&gt;1594209&lt;/SFC&gt;&lt;ROUTER&gt;DEMO-ROUT01&lt;/ROUTER&gt;&lt;OPERATION&gt;DEMO-OP01&lt;/OPERATION&gt;&lt;SITE&gt;1594&lt;/SITE&gt;&lt;START_DATE&gt;2019-02-27T05:25:56&lt;/START_DATE&gt;&lt;END_DATE&gt;2019-02-28T03:05:51&lt;/END_DATE&gt;&lt;/Row&gt;&lt;Row&gt;&lt;SFC&gt;C000025&lt;/SFC&gt;&lt;ROUTER&gt;DEMO-ROUT01&lt;/ROUTER&gt;&lt;OPERATION&gt;DEMO-OP01&lt;/OPERATION&gt;&lt;SITE&gt;1594&lt;/SITE&gt;&lt;START_DATE&gt;2018-10-15T05:44:58&lt;/START_DATE&gt;&lt;END_DATE&gt;2018-10-15T05:45:05&lt;/END_DATE&gt;&lt;/Row&gt;&lt;Row&gt;&lt;SFC&gt;C000056&lt;/SFC&gt;&lt;ROUTER&gt;DEMO-ROUT01&lt;/ROUTER&gt;&lt;OPERATION&gt;DEMO-OP01&lt;/OPERATION&gt;&lt;SITE&gt;1594&lt;/SITE&gt;&lt;START_DATE&gt;2018-11-21T08:03:17&lt;/START_DATE&gt;&lt;END_DATE&gt;2018-11-21T08:03:20&lt;/END_DATE&gt;&lt;/Row&gt;&lt;Row&gt;&lt;SFC&gt;DEMO-SFC0002&lt;/SFC&gt;&lt;ROUTER&gt;DEMO-ROUT01&lt;/ROUTER&gt;&lt;OPERATION&gt;DEMO-OP01&lt;/OPERATION&gt;&lt;SITE&gt;1594&lt;/SITE&gt;&lt;START_DATE&gt;2018-02-09T08:42:46&lt;/START_DATE&gt;&lt;END_DATE&gt;2018-02-09T08:42:48&lt;/END_DATE&gt;&lt;/Row&gt;&lt;Row&gt;&lt;SFC&gt;DEMO-SFC0003&lt;/SFC&gt;&lt;ROUTER&gt;DEMO-ROUT01&lt;/ROUTER&gt;&lt;OPERATION&gt;DEMO-OP01&lt;/OPERATION&gt;&lt;SITE&gt;1594&lt;/SITE&gt;&lt;START_DATE&gt;2018-02-09T08:43:54&lt;/START_DATE&gt;&lt;END_DATE&gt;2018-02-09T08:43:55&lt;/END_DATE&gt;&lt;/Row&gt;&lt;Row&gt;&lt;SFC&gt;DEMO-SFC0101&lt;/SFC&gt;&lt;ROUTER&gt;DEMO-ROUT01&lt;/ROUTER&gt;&lt;OPERATION&gt;DEMO-OP01&lt;/OPERATION&gt;&lt;SITE&gt;1594&lt;/SITE&gt;&lt;START_DATE&gt;2018-03-23T06:31:53&lt;/START_DATE&gt;&lt;END_DATE&gt;2018-03-23T06:31:56&lt;/END_DATE&gt;&lt;/Row&gt;&lt;Row&gt;&lt;SFC&gt;NGP100288C&lt;/SFC&gt;&lt;ROUTER&gt;DEMO-ROUT01&lt;/ROUTER&gt;&lt;OPERATION&gt;DEMO-OP01&lt;/OPERATION&gt;&lt;SITE&gt;1594&lt;/SITE&gt;&lt;START_DATE&gt;2019-04-03T15:02:07&lt;/START_DATE&gt;&lt;END_DATE&gt;TimeUnavailable&lt;/END_DATE&gt;&lt;/Row&gt;&lt;Row&gt;&lt;SFC&gt;NGP100291C&lt;/SFC&gt;&lt;ROUTER&gt;DEMO-ROUT01&lt;/ROUTER&gt;&lt;OPERATION&gt;DEMO-OP01&lt;/OPERATION&gt;&lt;SITE&gt;1594&lt;/SITE&gt;&lt;START_DATE&gt;2019-04-03T07:15:23&lt;/START_DATE&gt;&lt;END_DATE&gt;TimeUnavailable&lt;/END_DATE&gt;&lt;/Row&gt;&lt;Row&gt;&lt;SFC&gt;NGP100292C&lt;/SFC&gt;&lt;ROUTER&gt;DEMO-ROUT01&lt;/ROUTER&gt;&lt;OPERATION&gt;DEMO-OP01&lt;/OPERATION&gt;&lt;SITE&gt;1594&lt;/SITE&gt;&lt;START_DATE&gt;2019-04-16T14:54:06&lt;/START_DATE&gt;&lt;END_DATE&gt;2019-04-16T14:54:37&lt;/END_DATE&gt;&lt;/Row&gt;&lt;Row&gt;&lt;SFC&gt;NGP100365C&lt;/SFC&gt;&lt;ROUTER&gt;DEMO-ROUT01&lt;/ROUTER&gt;&lt;OPERATION&gt;DEMO-OP01&lt;/OPERATION&gt;&lt;SITE&gt;1594&lt;/SITE&gt;&lt;START_DATE&gt;2018-08-28T08:46:51&lt;/START_DATE&gt;&lt;END_DATE&gt;2018-08-28T08:47:31&lt;/END_DATE&gt;&lt;/Row&gt;&lt;Row&gt;&lt;SFC&gt;NGP100367C&lt;/SFC&gt;&lt;ROUTER&gt;DEMO-ROUT01&lt;/ROUTER&gt;&lt;OPERATION&gt;DEMO-OP01&lt;/OPERATION&gt;&lt;SITE&gt;1594&lt;/SITE&gt;&lt;START_DATE&gt;2018-08-28T09:12:33&lt;/START_DATE&gt;&lt;END_DATE&gt;TimeUnavailable&lt;/END_DATE&gt;&lt;/Row&gt;&lt;/Rowset&gt;&lt;/Rowsets&gt;</Results><TagList/></Value><SchemaURI/><SchemaElement/><ValidateXMLOnExecution>1</ValidateXMLOnExecution><ReadOnly>false</ReadOnly><AlertXMLAssigned>false</AlertXMLAssigned></ContextItem><ContextItem><Name>Generic_Sort_Filter_0</Name><Description/><MinRange>0</MinRange><MaxRange>0</MaxRange><Value xsi:type="GenericSortFilter"><Source>activityLogResourcecRateSQLQry_0.Results</Source><SortColumn1/><SortType1>text</SortType1><SortOrder1>ASCENDING</SortOrder1><FilterColumn1>END_DATE</FilterColumn1><FilterType1>text</FilterType1><FilterValue1>TimeUnavailable</FilterValue1><SortColumn2/><SortType2>text</SortType2><SortOrder2>ASCENDING</SortOrder2><FilterColumn2/><FilterType2>text</FilterType2><FilterValue2/><SortColumn3/><SortType3>text</SortType3><SortOrder3>ASCENDING</SortOrder3><FilterColumn3/><FilterType3>text</FilterType3><FilterValue3/><SortColumn4/><SortType4>text</SortType4><SortOrder4>ASCENDING</SortOrder4><FilterColumn4/><FilterType4>text</FilterType4><FilterValue4/><FilterCondition1>!=</FilterCondition1><FilterCondition2>=</FilterCondition2><FilterCondition3>=</FilterCondition3><FilterCondition4>=</FilterCondition4><Output><ReferenceDocumentSource/>&lt;?xml version="1.0" encoding="UTF-8"?&gt;&lt;Rowsets CachedTime="" DateCreated="2019-04-17T20:31:29" EndDate="2019-04-17T20:31:29" StartDate="2019-04-17T19:31:29" Version="15.1 SP3 Patch 28 (Jun 8, 2017)"&gt;&lt;Rowset&gt;&lt;Columns&gt;&lt;Column Description="SFC" MaxRange="1" MinRange="0" Name="SFC" SQLDataType="-9" SourceColumn="SFC"/&gt;&lt;Column Description="ROUTER" MaxRange="1" MinRange="0" Name="ROUTER" SQLDataType="-9" SourceColumn="ROUTER"/&gt;&lt;Column Description="OPERATION" MaxRange="1" MinRange="0" Name="OPERATION" SQLDataType="-9" SourceColumn="OPERATION"/&gt;&lt;Column Description="SITE" MaxRange="1" MinRange="0" Name="SITE" SQLDataType="-9" SourceColumn="SITE"/&gt;&lt;Column Description="START_DATE" MaxRange="1" MinRange="0" Name="START_DATE" SQLDataType="93" SourceColumn="START_DATE"/&gt;&lt;Column Description="END_DATE" MaxRange="1" MinRange="0" Name="END_DATE" SQLDataType="93" SourceColumn="END_DATE"/&gt;&lt;/Columns&gt;&lt;Row&gt;&lt;SFC/&gt;&lt;ROUTER/&gt;&lt;OPERATION/&gt;&lt;SITE/&gt;&lt;START_DATE/&gt;&lt;END_DATE/&gt;&lt;/Row&gt;&lt;/Rowset&gt;&lt;/Rowsets&gt;</Output></Value><SchemaURI/><SchemaElement/><ValidateXMLOnExecution>1</ValidateXMLOnExecution><ReadOnly>false</ReadOnly><AlertXMLAssigned>false</AlertXMLAssigned></ContextItem><ContextItem><Name>Calculated_Columns_0</Name><Description/><MinRange>0</MinRange><MaxRange>0</MaxRange><Value xsi:type="CalculatedColumns"><Source>Generic_Sort_Filter_0.Output</Source><Output><ReferenceDocumentSource/>&lt;?xml version="1.0" encoding="UTF-8"?&gt;&lt;Rowsets CachedTime="" DateCreated="2019-04-17T20:31:29" EndDate="2019-04-17T20:31:29" StartDate="2019-04-17T19:31:29" Version="15.1 SP3 Patch 28 (Jun 8, 2017)"&gt;&lt;Rowset&gt;&lt;Columns&gt;&lt;Column Description="SFC" MaxRange="1" MinRange="0" Name="SFC" SQLDataType="-9" SourceColumn="SFC"/&gt;&lt;Column Description="ROUTER" MaxRange="1" MinRange="0" Name="ROUTER" SQLDataType="-9" SourceColumn="ROUTER"/&gt;&lt;Column Description="OPERATION" MaxRange="1" MinRange="0" Name="OPERATION" SQLDataType="-9" SourceColumn="OPERATION"/&gt;&lt;Column Description="SITE" MaxRange="1" MinRange="0" Name="SITE" SQLDataType="-9" SourceColumn="SITE"/&gt;&lt;Column Description="START_DATE" MaxRange="1" MinRange="0" Name="START_DATE" SQLDataType="93" SourceColumn="START_DATE"/&gt;&lt;Column Description="END_DATE" MaxRange="1" MinRange="0" Name="END_DATE" SQLDataType="93" SourceColumn="END_DATE"/&gt;&lt;Column Description="processingTime" MaxRange="1" MinRange="0" Name="processingTime" SQLDataType="8" SourceColumn="processingTime"/&gt;&lt;/Columns&gt;&lt;Row&gt;&lt;SFC/&gt;&lt;ROUTER/&gt;&lt;OPERATION/&gt;&lt;SITE/&gt;&lt;START_DATE/&gt;&lt;END_DATE/&gt;&lt;processingTime&gt;NA&lt;/processingTime&gt;&lt;/Row&gt;&lt;/Rowset&gt;&lt;/Rowsets&gt;</Output><ColumnSpecifications><ContextItem><Name>processingTime</Name><Description>datediff(START_DATE,END_DATE)</Description><MinRange>0</MinRange><MaxRange>1</MaxRange><Value xsi:type="double">4.56</Value><ReadOnly>false</ReadOnly><AlertXMLAssigned>false</AlertXMLAssigned></ContextItem></ColumnSpecifications></Value><SchemaURI/><SchemaElement/><ValidateXMLOnExecution>1</ValidateXMLOnExecution><ReadOnly>false</ReadOnly><AlertXMLAssigned>false</AlertXMLAssigned></ContextItem><ContextItem><Name>Column_Stripper_0</Name><Description/><MinRange>0</MinRange><MaxRange>0</MaxRange><Value xsi:type="ColumnStripper"><Source>Calculated_Columns_0.Output</Source><ColumnName6>END_DATE</ColumnName6><ColumnName7/><ColumnName8/><ColumnName1>SFC</ColumnName1><ColumnName2>ROUTER</ColumnName2><ColumnName3>OPERATION</ColumnName3><ColumnName4>SITE</ColumnName4><ColumnName5>START_DATE</ColumnName5><Output><ReferenceDocumentSource/>&lt;?xml version="1.0" encoding="UTF-8"?&gt;&lt;Rowsets CachedTime="" DateCreated="2019-04-17T20:31:29" EndDate="2019-04-17T20:31:29" StartDate="2019-04-17T19:31:29" Version="15.1 SP3 Patch 28 (Jun 8, 2017)"&gt;&lt;Rowset&gt;&lt;Columns&gt;&lt;Column Description="processingTime" MaxRange="1" MinRange="0" Name="processingTime" SQLDataType="8" SourceColumn="processingTime"/&gt;&lt;/Columns&gt;&lt;Row&gt;&lt;processingTime/&gt;&lt;/Row&gt;&lt;/Rowset&gt;&lt;/Rowsets&gt;</Output></Value><SchemaURI/><SchemaElement/><ValidateXMLOnExecution>1</ValidateXMLOnExecution><ReadOnly>false</ReadOnly><AlertXMLAssigned>false</AlertXMLAssigned></ContextItem><ContextItem><Name>Aggregate_Statistics_0</Name><Description/><MinRange>0</MinRange><MaxRange>0</MaxRange><Value xsi:type="Aggregator"><ValueSource>Column_Stripper_0.Output{/Rowsets/Rowset/Row/processingTime}</ValueSource><Average>0</Average><StdDev>0</StdDev><Min>0</Min><Max>0</Max><Total>0</Total><Count>0</Count></Value><ReadOnly>false</ReadOnly><AlertXMLAssigned>false</AlertXMLAssigned></ContextItem><ContextItem><Name>repeatOnFJoinChildrenStep</Name><Description/><MinRange>0</MinRange><MaxRange>0</MaxRange><Value xsi:type="RepeaterAction"><Output><ReferenceDocumentSource/></Output><Break>false</Break><ItemCount>0</ItemCount><CurrentItem>0</CurrentItem><Source>JoinChildren.Output{/Rowsets/Rowset/Row[NodeID=4]}</Source><Item><ReferenceDocumentSource/></Item></Value><SchemaURI/><SchemaElement/><ValidateXMLOnExecution>1</ValidateXMLOnExecution><SchemaURI/><SchemaElement/><ValidateXMLOnExecution>1</ValidateXMLOnExecution><ReadOnly>false</ReadOnly><AlertXMLAssigned>false</AlertXMLAssigned></ContextItem><ContextItem><Name>checkMorethanAChild</Name><Description/><MinRange>0</MinRange><MaxRange>0</MaxRange><Value xsi:type="ConditionalAction"><Output>false</Output><InputCount>1</InputCount><LogicalAnd>false</LogicalAnd><Input1>false</Input1></Value><ReadOnly>false</ReadOnly><AlertXMLAssigned>false</AlertXMLAssigned></ContextItem><ContextItem><Name>EndOfChild</Name><Description/><MinRange>0</MinRange><MaxRange>0</MaxRange><Value xsi:type="Assignment"/><ReadOnly>false</ReadOnly><AlertXMLAssigned>false</AlertXMLAssigned></ContextItem><ContextItem><Name>ChildStringPrep</Name><Description/><MinRange>0</MinRange><MaxRange>0</MaxRange><Value xsi:type="Assignment"/><ReadOnly>false</ReadOnly><AlertXMLAssigned>false</AlertXMLAssigned></ContextItem><ContextItem><Name>NodeOpRow</Name><Description/><MinRange>0</MinRange><MaxRange>0</MaxRange><Value xsi:type="IlluminatorRow"><IlluminatorDocument>NodeOP.Output</IlluminatorDocument></Value><ReadOnly>false</ReadOnly><AlertXMLAssigned>false</AlertXMLAssigned></ContextItem><ContextItem><Name>Assignment_1</Name><Description/><MinRange>0</MinRange><MaxRange>0</MaxRange><Value xsi:type="Assignment"/><ReadOnly>false</ReadOnly><AlertXMLAssigned>false</AlertXMLAssigned></ContextItem><ContextItem><Name>Union_0</Name><Description/><MinRange>0</MinRange><MaxRange>0</MaxRange><Value xsi:type="Union"><Source1>NodeOP.Output</Source1><Source2>LaneOp.Output</Source2><Output><ReferenceDocumentSource/>&lt;?xml version="1.0" encoding="UTF-8"?&gt;&lt;Rowsets DateCreated="2019-04-09T15:35:50" EndDate="2019-04-09T15:33:15" StartDate="2019-04-09T15:33:15" Version="15.1 SP3 Patch 28"&gt;&lt;Rowset&gt;&lt;Columns&gt;&lt;Column Description="" MaxRange="1" MinRange="0" Name="id" SQLDataType="4" SourceColumn="id"/&gt;&lt;Column Description="" MaxRange="1" MinRange="0" Name="lane" SQLDataType="1" SourceColumn="lane"/&gt;&lt;Column Description="" MaxRange="1" MinRange="0" Name="title" SQLDataType="1" SourceColumn="title"/&gt;&lt;Column Description="" MaxRange="1" MinRange="0" Name="titleAbbreviation" SQLDataType="1" SourceColumn="titleAbbreviation"/&gt;&lt;Column Description="" MaxRange="1" MinRange="0" Name="children" SQLDataType="1" SourceColumn="children"/&gt;&lt;Column Description="" MaxRange="1" MinRange="0" Name="highlighted" SQLDataType="1" SourceColumn="highlighted"/&gt;&lt;Column Description="" MaxRange="1" MinRange="0" Name="state" SQLDataType="1" SourceColumn="state"/&gt;&lt;Column Description="" MaxRange="1" MinRange="0" Name="stateText" SQLDataType="1" SourceColumn="stateText"/&gt;&lt;Column Description="" MaxRange="1" MinRange="0" Name="focused" SQLDataType="1" SourceColumn="focused"/&gt;&lt;Column Description="" MaxRange="1" MinRange="0" Name="texts" SQLDataType="1" SourceColumn="texts"/&gt;&lt;Column Description="" MaxRange="1" MinRange="0" Name="quality" SQLDataType="1" SourceColumn="quality"/&gt;&lt;Column Description="" MaxRange="1" MinRange="0" Name="hold" SQLDataType="1" SourceColumn="hold"/&gt;&lt;Column Description="" MaxRange="1" MinRange="0" Name="noorder" SQLDataType="1" SourceColumn="noorder"/&gt;&lt;Column Description="" MaxRange="1" MinRange="0" Name="nowork" SQLDataType="1" SourceColumn="nowork"/&gt;&lt;Column Description="" MaxRange="1" MinRange="0" Name="inwork" SQLDataType="1" SourceColumn="inwork"/&gt;&lt;/Columns&gt;&lt;Row&gt;&lt;id&gt;123&lt;/id&gt;&lt;lane&gt;STRING&lt;/lane&gt;&lt;title&gt;STRING&lt;/title&gt;&lt;titleAbbreviation&gt;STRING&lt;/titleAbbreviation&gt;&lt;children&gt;STRING&lt;/children&gt;&lt;highlighted&gt;STRING&lt;/highlighted&gt;&lt;state&gt;STRING&lt;/state&gt;&lt;stateText&gt;STRING&lt;/stateText&gt;&lt;focused&gt;STRING&lt;/focused&gt;&lt;texts&gt;STRING&lt;/texts&gt;&lt;quality&gt;STRING&lt;/quality&gt;&lt;hold&gt;STRING&lt;/hold&gt;&lt;noorder&gt;STRING&lt;/noorder&gt;&lt;nowork&gt;STRING&lt;/nowork&gt;&lt;inwork&gt;STRING&lt;/inwork&gt;&lt;/Row&gt;&lt;/Rowset&gt;&lt;Rowset&gt;&lt;Columns&gt;&lt;Column Description="" MaxRange="1" MinRange="0" Name="id" SQLDataType="1" SourceColumn="id"/&gt;&lt;Column Description="" MaxRange="1" MinRange="0" Name="icon" SQLDataType="1" SourceColumn="icon"/&gt;&lt;Column Description="" MaxRange="1" MinRange="0" Name="label" SQLDataType="1" SourceColumn="label"/&gt;&lt;Column Description="" MaxRange="1" MinRange="0" Name="position" SQLDataType="1" SourceColumn="position"/&gt;&lt;/Columns&gt;&lt;Row&gt;&lt;id&gt;STRING&lt;/id&gt;&lt;icon&gt;STRING&lt;/icon&gt;&lt;label&gt;STRING&lt;/label&gt;&lt;position&gt;STRING&lt;/position&gt;&lt;/Row&gt;&lt;/Rowset&gt;&lt;/Rowsets&gt;</Output></Value><SchemaURI/><SchemaElement/><ValidateXMLOnExecution>1</ValidateXMLOnExecution><ReadOnly>false</ReadOnly><AlertXMLAssigned>false</AlertXMLAssigned></ContextItem><ContextItem><Name>Assignment_2</Name><Description/><MinRange>0</MinRange><MaxRange>0</MaxRange><Value xsi:type="Assignment"/><ReadOnly>false</ReadOnly><AlertXMLAssigned>false</AlertXMLAssigned></ContextItem><ContextItem><Name>Assignment_3</Name><Description/><MinRange>0</MinRange><MaxRange>0</MaxRange><Value xsi:type="Assignment"/><ReadOnly>false</ReadOnly><AlertXMLAssigned>false</AlertXMLAssigned></ContextItem><ContextItem><Name>Conditional_1</Name><Description/><MinRange>0</MinRange><MaxRange>0</MaxRange><Value xsi:type="ConditionalAction"><Output>false</Output><InputCount>1</InputCount><LogicalAnd>false</LogicalAnd><Input1>false</Input1></Value><ReadOnly>false</ReadOnly><AlertXMLAssigned>false</AlertXMLAssigned></ContextItem><ContextItem><Name>Assignment_0</Name><Description/><MinRange>0</MinRange><MaxRange>0</MaxRange><Value xsi:type="Assignment"/><ReadOnly>false</ReadOnly><AlertXMLAssigned>false</AlertXMLAssigned></ContextItem><ContextItem><Name>Assignment_4</Name><Description/><MinRange>0</MinRange><MaxRange>0</MaxRange><Value xsi:type="Assignment"/><ReadOnly>false</ReadOnly><AlertXMLAssigned>false</AlertXMLAssigned></ContextItem></Actions><ReaderRoles>SAP_XMII_Super_Administrator,SAP_XMII_Administrator,SAP_XMII_Developer,SAP_XMII_User</ReaderRoles><Steps><Step xsi:type="ActionSequence"><Name>root</Name><Description/><Steps><Step xsi:type="ActionSequence"><Name>Gather Data</Name><Description/><Steps><Step xsi:type="ActionSequence"><Name>CopyOfSequence</Name><Description/><Steps><Step xsi:type="ActionSequence"><Name>Sequence_26</Name><Description/><Steps><Step xsi:type="ActionSequence"><Name>Sequence_2</Name><Description/><Steps><Step xsi:type="Repeater"><Name>Sequence_3</Name><Description/><Steps><Step xsi:type="Conditional"><Name>Sequence_4</Name><Description/><Steps><Step xsi:type="ActionSequence"><Name>Sequence_5</Name><Description/><Steps/><Actions><Action><Name>nodeRow</Name><Description> </Description><IncomingLinks><Assign xsi:type="Assign"><Name/><Description/><To>nodeRow.StepID</To><From>Repeater_0.Item{/ROW/STEP_ID}</From></Assign><Assign xsi:type="Assign"><Name/><Description/><To>nodeRow.NodeID</To><From>Repeater_0.Item{/ROW/NODE_ID}</From></Assign></IncomingLinks><OutgoingLinks/></Action></Actions></Step><Step xsi:type="ActionSequence"><Name>Sequence_7</Name><Description/><Steps/><Actions><Action><Name>directionRow</Name><Description> </Description><IncomingLinks><Assign xsi:type="Assign"><Name/><Description/><To>directionRow.Child</To><From>Repeater_0.Item{/ROW/TO}</From></Assign><Assign xsi:type="Assign"><Name/><Description/><To>directionRow.ParentNode</To><From>Repeater_0.Item{/ROW/FROM}</From></Assign></IncomingLinks><OutgoingLinks/></Action></Actions></Step></Steps><Actions><Action><Name>Conditional_0</Name><Description> </Description><IncomingLinks><Assign xsi:type="Assign"><Name/><Description/><To>Conditional_0.Input1</To><From>Repeater_0.Item{/ROW/Y} != ""</From></Assign></IncomingLinks><OutgoingLinks/></Action></Actions></Step></Steps><Actions><Action><Name>Repeater_0</Name><Description> </Description><IncomingLinks/><OutgoingLinks/></Action></Actions></Step><Step xsi:type="ActionSequence"><Name>Sequence_8</Name><Description/><Steps><Step xsi:type="ActionSequence"><Name>Sequence_6</Name><Description/><Steps/><Actions><Action><Name>JoinChildren</Name><Description> </Description><IncomingLinks/><OutgoingLinks/></Action></Actions></Step></Steps><Actions><Action><Name>JoinOperationNode</Name><Description> </Description><IncomingLinks/><OutgoingLinks/></Action></Actions></Step></Steps><Actions><Action><Name>Node</Name><Description> </Description><IncomingLinks/><OutgoingLinks/></Action><Action><Name>direction</Name><Description> </Description><IncomingLinks/><OutgoingLinks/></Action></Actions></Step></Steps><Actions><Action><Name>String_To_XML_Parser_0</Name><Description> </Description><IncomingLinks><Assign xsi:type="Assign"><Name/><Description/><To>String_To_XML_Parser_0.Input</To><From>selRoutingXMLSQLQry_0.Results{/Rowsets/Rowset/Row/GUI_REPRESENTATION}</From></Assign></IncomingLinks><OutgoingLinks><Assign xsi:type="AssignXml"><Name/><Description/><To>Local.RoutingXML</To><From>String_To_XML_Parser_0.Output</From></Assign></OutgoingLinks></Action><Action><Name>FindOperation</Name><Description> </Description><IncomingLinks/><OutgoingLinks/></Action></Actions></Step></Steps><Actions><Action><Name>selRoutingXMLSQLQry_0</Name><Description>SQL Query</Description><IncomingLinks><Assign xsi:type="Assign"><Name/><Description/><To>selRoutingXMLSQLQry_0.Param.1</To><From>Transaction.Router</From></Assign><Assign xsi:type="Assign"><Name/><Description/><To>selRoutingXMLSQLQry_0.Param.2</To><From>Transaction.Site</From></Assign><Assign xsi:type="Assign"><Name/><Description/><To>selRoutingXMLSQLQry_0.QueryTemplate</To><From>Local.QueryPath&amp;"selRoutingXMLSQLQry"</From></Assign></IncomingLinks><OutgoingLinks/></Action><Action><Name>selRoutingStepOperationSQLQry_0</Name><Description>SQL Query</Description><IncomingLinks><Assign xsi:type="Assign"><Name/><Description/><To>selRoutingStepOperationSQLQry_0.Param.1</To><From>Transaction.Router</From></Assign><Assign xsi:type="Assign"><Name/><Description/><To>selRoutingStepOperationSQLQry_0.Param.2</To><From>Transaction.Site</From></Assign><Assign xsi:type="Assign"><Name/><Description/><To>selRoutingStepOperationSQLQry_0.QueryTemplate</To><From>Local.QueryPath&amp;"selRoutingStepOperationSQLQry"</From></Assign></IncomingLinks><OutgoingLinks/></Action></Actions></Step><Step xsi:type="Conditional"><Name>Sequence_0</Name><Description/><Steps><Step xsi:type="ActionSequence"><Name>Sequence_27</Name><Description/><Steps/><Actions><Action><Name>Assignment_0</Name><Description> </Description><IncomingLinks/><OutgoingLinks><Assign xsi:type="Assign"><Name/><Description/><To>Transaction.startDate</To><From>datefromxmlformat(datenow,"yyyy-MM-dd HH:mm:ss")</From></Assign><Assign xsi:type="Assign"><Name/><Description/><To>Transaction.endDate</To><From>datefromxmlformat(dateaddminutes(datenow, Transaction.qTime), "yyyy-MM-dd HH:mm:ss")</From></Assign></OutgoingLinks></Action></Actions></Step><Step xsi:type="ActionSequence"><Name>Sequence_28</Name><Description/><Steps/><Actions><Action><Name>Assignment_4</Name><Description> </Description><IncomingLinks/><OutgoingLinks><Assign xsi:type="Assign"><Name/><Description/><To>Transaction.startDate</To><From>datefromxmlformat(Transaction.startDate, "yyyy-MM-dd HH:mm:ss")</From></Assign><Assign xsi:type="Assign"><Name/><Description/><To>Transaction.endDate</To><From>datefromxmlformat(Transaction.endDate, "yyyy-MM-dd HH:mm:ss")</From></Assign></OutgoingLinks></Action></Actions></Step></Steps><Actions><Action><Name>Conditional_1</Name><Description> </Description><IncomingLinks><Assign xsi:type="Assign"><Name/><Description/><To>Conditional_1.Input1</To><From>Transaction.startDate == ""</From></Assign></IncomingLinks><OutgoingLinks/></Action></Actions></Step></Steps><Actions><Action><Name>Assignment_3</Name><Description> </Description><IncomingLinks/><OutgoingLinks><Assign xsi:type="Assign"><Name/><Description/><To>Local.QueryPath</To><From>stringreplace(stringleft(transactionpath, stringlastindexof(transactionpath, "/")-1),"Report","Queries/")</From></Assign><Assign xsi:type="Assign"><Name/><Description/><To>Local.transactionPath</To><From>stringleft(transactionpath, stringlastindexof(transactionpath, "/"))</From></Assign></OutgoingLinks></Action></Actions></Step><Step xsi:type="ActionSequence"><Name>create Output</Name><Description/><Steps><Step xsi:type="ActionSequence"><Name>Sequence_9</Name><Description/><Steps><Step xsi:type="Repeater"><Name>Sequence_10</Name><Description/><Steps><Step xsi:type="ActionSequence"><Name>Sequence_13</Name><Description/><Steps><Step xsi:type="Conditional"><Name>Sequence_15</Name><Description/><Steps><Step xsi:type="ActionSequence"><Name>Sequence_1</Name><Description/><Steps><Step xsi:type="ActionSequence"><Name>Sequence_23</Name><Description/><Steps><Step xsi:type="ActionSequence"><Name>Sequence_14</Name><Description/><Steps><Step xsi:type="ActionSequence"><Name>Sequence_20</Name><Description/><Steps><Step xsi:type="ActionSequence"><Name>Sequence_22</Name><Description/><Steps><Step xsi:type="Repeater"><Name>Sequence_12</Name><Description/><Steps><Step xsi:type="ActionSequence"><Name>Sequence_11</Name><Description/><Steps><Step xsi:type="Conditional"><Name>Sequence_17</Name><Description/><Steps><Step xsi:type="ActionSequence"><Name>Sequence_18</Name><Description/><Steps/><Actions><Action><Name>EndOfChild</Name><Description> </Description><IncomingLinks/><OutgoingLinks><Assign xsi:type="Assign"><Name/><Description/><To>Local.ChildrenOP</To><From>Local.ChildrenOP&amp;","</From></Assign></OutgoingLinks></Action></Actions></Step></Steps><Actions><Action><Name>checkMorethanAChild</Name><Description> </Description><IncomingLinks><Assign xsi:type="Assign"><Name/><Description/><To>checkMorethanAChild.Input1</To><From>repeatOnFJoinChildrenStep.CurrentItem &gt; 1</From></Assign></IncomingLinks><OutgoingLinks/></Action></Actions></Step><Step xsi:type="ActionSequence"><Name>Sequence_25</Name><Description/><Steps/><Actions><Action><Name>ChildStringPrep</Name><Description> </Description><IncomingLinks/><OutgoingLinks><Assign xsi:type="Assign"><Name/><Description/><To>Local.ChildrenOP</To><From>Local.ChildrenOP&amp;stringif(round(JoinChildren.Output{/Rowsets/Rowset/Row[NodeID=#repeatOnFJoinChildrenStep.Item{/Row/Child}#]/StepID})=="0","",round(JoinChildren.Output{/Rowsets/Rowset/Row[NodeID=#repeatOnFJoinChildrenStep.Item{/Row/Child}#]/StepID}))</From></Assign></OutgoingLinks></Action></Actions></Step></Steps><Actions/></Step><Step xsi:type="ActionSequence"><Name>Sequence_19</Name><Description/><Steps><Step xsi:type="ActionSequence"><Name>Sequence_16</Name><Description/><Steps/><Actions><Action><Name>Assignment_1</Name><Description> </Description><IncomingLinks/><OutgoingLinks><Assign xsi:type="Assign"><Name/><Description/><To>Local.LastNode</To><From>repeatOnJoinChildren.Item{/Row/NodeID}</From></Assign></OutgoingLinks></Action></Actions></Step></Steps><Actions><Action><Name>NodeOpRow</Name><Description> </Description><IncomingLinks><Assign xsi:type="Assign"><Name/><Description/><To>NodeOpRow.lane</To><From>"00"</From></Assign><Assign xsi:type="Assign"><Name/><Description/><To>NodeOpRow.title</To><From>stringif(repeatOnJoinChildren.Item{/Row/Operation}=="---",repeatOnJoinChildren.Item{/Row/DESCRIPTION},repeatOnJoinChildren.Item{/Row/Operation})</From></Assign><Assign xsi:type="Assign"><Name/><Description/><To>NodeOpRow.titleAbbreviation</To><From>repeatOnJoinChildren.Item{/Row/StepID}</From></Assign><Assign xsi:type="Assign"><Name/><Description/><To>NodeOpRow.children</To><From>Local.ChildrenOP</From></Assign><Assign xsi:type="Assign"><Name/><Description/><To>NodeOpRow.highlighted</To><From>"false"</From></Assign><Assign xsi:type="Assign"><Name/><Description/><To>NodeOpRow.state</To><From>stringif(SQLQ_GetHoldSFCsAtOperation_0.Results{/Rowsets/Rowset/Row/IN_QUEUE} &gt; 0, "Negative",
stringif(SQLQ_GetSFCNCAtOperation_0.Results{/Rowsets/Rowset/Row/QTY}&gt; 0,"Negative",
stringif(SQLQ_GetSFCsAtOperation_0.Results{/Rowsets/Rowset/Row/IN_WORK} &gt; 0, "Positive","Neutral")))</From></Assign><Assign xsi:type="Assign"><Name/><Description/><To>NodeOpRow.stateText</To><From>format((Aggregate_Statistics_0.Average/60),"0.00")&amp;" min"</From></Assign><Assign xsi:type="Assign"><Name/><Description/><To>NodeOpRow.focused</To><From>"false"</From></Assign><Assign xsi:type="Assign"><Name/><Description/><To>NodeOpRow.texts</To><From>SQLQ_GetSFCsAtOperation_0.Results{/Rowsets/Rowset/Row/IN_QUEUE}</From></Assign><Assign xsi:type="Assign"><Name/><Description/><To>NodeOpRow.quality</To><From>stringif(SQLQ_GetHoldSFCsAtOperation_0.Results{/Rowsets/Rowset/Row/IN_QUEUE} &gt; 0,0,
stringif(SQLQ_GetSFCNCAtOperation_0.Results{/Rowsets/Rowset/Row/QTY} &gt; 0,1,0))</From></Assign><Assign xsi:type="Assign"><Name/><Description/><To>NodeOpRow.hold</To><From>stringif(SQLQ_GetHoldSFCsAtOperation_0.Results{/Rowsets/Rowset/Row/IN_QUEUE} &gt; 0,1,0)</From></Assign><Assign xsi:type="Assign"><Name/><Description/><To>NodeOpRow.noorder</To><From>"0"</From></Assign><Assign xsi:type="Assign"><Name/><Description/><To>NodeOpRow.nowork</To><From>stringif(SQLQ_GetHoldSFCsAtOperation_0.Results{/Rowsets/Rowset/Row/IN_QUEUE} &gt; 0,0,
stringif(SQLQ_GetSFCNCAtOperation_0.Results{/Rowsets/Rowset/Row/QTY} &gt; 0,0,
stringif(SQLQ_GetSFCsAtOperation_0.Results{/Rowsets/Rowset/Row/IN_WORK} &gt; 0,0,1)))</From></Assign><Assign xsi:type="Assign"><Name/><Description/><To>NodeOpRow.inwork</To><From>stringif(SQLQ_GetHoldSFCsAtOperation_0.Results{/Rowsets/Rowset/Row/IN_QUEUE} &gt; 0,0,
stringif(SQLQ_GetSFCNCAtOperation_0.Results{/Rowsets/Rowset/Row/QTY} &gt; 0,0,
stringif(SQLQ_GetSFCsAtOperation_0.Results{/Rowsets/Rowset/Row/IN_WORK} &gt; 0,1,0)))</From></Assign><Assign xsi:type="Assign"><Name/><Description/><To>NodeOpRow.NodeID</To><From>repeatOnJoinChildren.Item{/Row/NodeID}</From></Assign><Assign xsi:type="Assign"><Name/><Description/><To>NodeOpRow.id</To><From>repeatOnJoinChildren.Item{/Row/STEP_ID}</From></Assign></IncomingLinks><OutgoingLinks/></Action></Actions></Step></Steps><Actions><Action><Name>repeatOnFJoinChildrenStep</Name><Description> </Description><IncomingLinks><Assign xsi:type="Assign"><Name/><Description/><To>repeatOnFJoinChildrenStep.Source</To><From>Local.Child</From></Assign></IncomingLinks><OutgoingLinks/></Action></Actions></Step></Steps><Actions><Action><Name>Aggregate_Statistics_0</Name><Description> </Description><IncomingLinks/><OutgoingLinks/></Action></Actions></Step></Steps><Actions><Action><Name>Column_Stripper_0</Name><Description> </Description><IncomingLinks/><OutgoingLinks/></Action></Actions></Step></Steps><Actions><Action><Name>Calculated_Columns_0</Name><Description> </Description><IncomingLinks/><OutgoingLinks/></Action></Actions></Step></Steps><Actions><Action><Name>Generic_Sort_Filter_0</Name><Description>Provides sorting and filtering functionality</Description><IncomingLinks/><OutgoingLinks/></Action></Actions></Step></Steps><Actions><Action><Name>SQLQ_GetSFCsAtOperation_0</Name><Description>SQL Query</Description><IncomingLinks><Assign xsi:type="Assign"><Name/><Description/><To>SQLQ_GetSFCsAtOperation_0.Param.1</To><From>repeatOnJoinChildren.Item{/Row/STEP_ID}</From></Assign><Assign xsi:type="Assign"><Name/><Description/><To>SQLQ_GetSFCsAtOperation_0.Param.2</To><From>Transaction.Router</From></Assign><Assign xsi:type="Assign"><Name/><Description/><To>SQLQ_GetSFCsAtOperation_0.Param.3</To><From>Transaction.Site</From></Assign><Assign xsi:type="Assign"><Name/><Description/><To>SQLQ_GetSFCsAtOperation_0.QueryTemplate</To><From>Local.QueryPath&amp;"selSFCsAtOpnSQLQry"</From></Assign></IncomingLinks><OutgoingLinks/></Action><Action><Name>SQLQ_GetSFCNCAtOperation_0</Name><Description>SQL Query</Description><IncomingLinks><Assign xsi:type="Assign"><Name/><Description/><To>SQLQ_GetSFCNCAtOperation_0.Param.2</To><From>Transaction.Router</From></Assign><Assign xsi:type="Assign"><Name/><Description/><To>SQLQ_GetSFCNCAtOperation_0.Param.3</To><From>Transaction.Site</From></Assign><Assign xsi:type="Assign"><Name/><Description/><To>SQLQ_GetSFCNCAtOperation_0.Param.1</To><From>repeatOnJoinChildren.Item{/Row/STEP_ID}</From></Assign><Assign xsi:type="Assign"><Name/><Description/><To>SQLQ_GetSFCNCAtOperation_0.QueryTemplate</To><From>Local.QueryPath&amp;"selSFCsAtOpnSQLQry"</From></Assign></IncomingLinks><OutgoingLinks/></Action><Action><Name>SQLQ_GetHoldSFCsAtOperation_0</Name><Description>SQL Query</Description><IncomingLinks><Assign xsi:type="Assign"><Name/><Description/><To>SQLQ_GetHoldSFCsAtOperation_0.Param.2</To><From>Transaction.Router</From></Assign><Assign xsi:type="Assign"><Name/><Description/><To>SQLQ_GetHoldSFCsAtOperation_0.Param.3</To><From>Transaction.Site</From></Assign><Assign xsi:type="Assign"><Name/><Description/><To>SQLQ_GetHoldSFCsAtOperation_0.Param.1</To><From>repeatOnJoinChildren.Item{/Row/STEP_ID}</From></Assign><Assign xsi:type="Assign"><Name/><Description/><To>SQLQ_GetHoldSFCsAtOperation_0.QueryTemplate</To><From>Local.QueryPath&amp;"selHoldSFCsAtOperationSQLQry"</From></Assign></IncomingLinks><OutgoingLinks/></Action><Action><Name>activityLogResourcecRateSQLQry_0</Name><Description>SQL Query</Description><IncomingLinks><Assign xsi:type="Assign"><Name/><Description/><To>activityLogResourcecRateSQLQry_0.Param.1</To><From>repeatOnJoinChildren.Item{/Row/STEP_ID}</From></Assign><Assign xsi:type="Assign"><Name/><Description/><To>activityLogResourcecRateSQLQry_0.Param.2</To><From>Transaction.Router</From></Assign><Assign xsi:type="Assign"><Name/><Description/><To>activityLogResourcecRateSQLQry_0.Param.3</To><From>Transaction.Site</From></Assign><Assign xsi:type="Assign"><Name/><Description/><To>activityLogResourcecRateSQLQry_0.QueryTemplate</To><From>Local.QueryPath&amp;"activityLogResourcecRateSQLQry"</From></Assign><Assign xsi:type="Assign"><Name/><Description/><To>activityLogResourcecRateSQLQry_0.Param.4</To><From>Transaction.startDate</From></Assign><Assign xsi:type="Assign"><Name/><Description/><To>activityLogResourcecRateSQLQry_0.Param.5</To><From>Transaction.endDate</From></Assign></IncomingLinks><OutgoingLinks/></Action></Actions></Step></Steps><Actions><Action><Name>removeDuplicate</Name><Description> </Description><IncomingLinks><Assign xsi:type="Assign"><Name/><Description/><To>removeDuplicate.Input1</To><From>stringif(repeatOnJoinChildren.Item{/Row/NodeID} == Local.LastNode, 0, 1)</From></Assign></IncomingLinks><OutgoingLinks/></Action></Actions></Step></Steps><Actions><Action><Name>createChildString</Name><Description> </Description><IncomingLinks/><OutgoingLinks><Assign xsi:type="Assign"><Name/><Description/><To>Local.Child</To><From>"JoinChildren.Output{/Rowsets/Rowset/Row[NodeID="&amp;repeatOnJoinChildren.Item{/Row/NodeID}&amp;"]}"</From></Assign></OutgoingLinks></Action><Action><Name>ChildString</Name><Description> </Description><IncomingLinks/><OutgoingLinks><Assign xsi:type="Assign"><Name/><Description/><To>Local.ChildrenOP</To><From>""</From></Assign></OutgoingLinks></Action></Actions></Step></Steps><Actions><Action><Name>repeatOnJoinChildren</Name><Description> </Description><IncomingLinks/><OutgoingLinks/></Action></Actions></Step></Steps><Actions><Action><Name>LaneOPRow</Name><Description> </Description><IncomingLinks><Assign xsi:type="Assign"><Name/><Description/><To>LaneOPRow.id</To><From>"00"</From></Assign><Assign xsi:type="Assign"><Name/><Description/><To>LaneOPRow.icon</To><From>"sap-icon://machine"</From></Assign><Assign xsi:type="Assign"><Name/><Description/><To>LaneOPRow.label</To><From>Transaction.Site&amp;"-"&amp;Transaction.Router</From></Assign><Assign xsi:type="Assign"><Name/><Description/><To>LaneOPRow.position</To><From>0</From></Assign></IncomingLinks><OutgoingLinks/></Action></Actions></Step><Step xsi:type="ActionSequence"><Name>Sequence_21</Name><Description/><Steps><Step xsi:type="ActionSequence"><Name>Sequence_24</Name><Description/><Steps/><Actions><Action><Name>Assignment_2</Name><Description> </Description><IncomingLinks/><OutgoingLinks><Assign xsi:type="AssignXml"><Name/><Description/><To>Transaction.opXML</To><From>Union_0.Output</From></Assign></OutgoingLinks></Action></Actions></Step></Steps><Actions><Action><Name>Union_0</Name><Description> </Description><IncomingLinks/><OutgoingLinks/></Action></Actions></Step></Steps><Actions><Action><Name>NodeOP</Name><Description> </Description><IncomingLinks/><OutgoingLinks/></Action><Action><Name>LaneOp</Name><Description> </Description><IncomingLinks/><OutgoingLinks/></Action></Actions></Step></Steps><Actions/></Step></Steps></Transaction>